2025-07-13 13:06:51,224 - __main__ - INFO - Starte Checker Pro Suite v2.1.0
2025-07-13 13:06:51,837 - __main__ - INFO - ✅ AppUtils initialisiert
2025-07-13 13:06:51,838 - __main__ - INFO - ✅ KundenManager initialisiert
2025-07-13 13:06:52,489 - __main__ - INFO - ✅ Benutzeroberfläche initialisiert
2025-07-13 13:06:52,489 - __main__ - INFO - ✅ Anwendung erfolgreich initialisiert
2025-07-13 13:06:52,489 - __main__ - INFO - 🚀 Starte Anwendungsschleife...
2025-07-13 13:08:12,905 - __main__ - INFO - Starte Checker Pro Suite v2.1.0
2025-07-13 13:08:13,014 - __main__ - INFO - ✅ AppUtils initialisiert
2025-07-13 13:08:13,015 - __main__ - INFO - ✅ KundenManager initialisiert
2025-07-13 13:08:13,404 - __main__ - INFO - ✅ Benutzeroberfläche initialisiert
2025-07-13 13:08:13,404 - __main__ - INFO - ✅ Anwendung erfolgreich initialisiert
2025-07-13 13:08:13,404 - __main__ - INFO - 🚀 Starte Anwendungsschleife...
2025-07-13 13:14:56,828 - __main__ - INFO - Anwendung wird beendet...
2025-07-13 13:15:07,579 - __main__ - INFO - Anwendung wird beendet...
2025-07-13 13:16:48,060 - __main__ - INFO - Starte Checker Pro Suite v2.1.0
2025-07-13 13:16:48,171 - __main__ - INFO - ✅ AppUtils initialisiert
2025-07-13 13:16:48,171 - __main__ - INFO - ✅ KundenManager initialisiert
2025-07-13 13:16:48,571 - __main__ - INFO - ✅ Benutzeroberfläche initialisiert
2025-07-13 13:16:48,571 - __main__ - INFO - ✅ Anwendung erfolgreich initialisiert
2025-07-13 13:16:48,572 - __main__ - INFO - 🚀 Starte Anwendungsschleife...
2025-07-13 13:17:00,622 - __main__ - INFO - Anwendung wird beendet...
2025-07-13 13:19:18,701 - __main__ - INFO - Starte Checker Pro Suite v2.1.0
2025-07-13 13:19:18,813 - __main__ - INFO - ✅ AppUtils initialisiert
2025-07-13 13:19:18,814 - __main__ - INFO - ✅ KundenManager initialisiert
2025-07-13 13:19:19,202 - __main__ - INFO - ✅ Benutzeroberfläche initialisiert
2025-07-13 13:19:19,202 - __main__ - INFO - ✅ Anwendung erfolgreich initialisiert
2025-07-13 13:19:19,203 - __main__ - INFO - 🚀 Starte Anwendungsschleife...
2025-07-13 13:20:47,148 - __main__ - INFO - Starte Checker Pro Suite v2.1.0
2025-07-13 13:20:47,278 - __main__ - INFO - ✅ AppUtils initialisiert
2025-07-13 13:20:47,278 - __main__ - INFO - ✅ KundenManager initialisiert
2025-07-13 13:20:47,707 - __main__ - INFO - ✅ Benutzeroberfläche initialisiert
2025-07-13 13:20:47,708 - __main__ - INFO - ✅ Anwendung erfolgreich initialisiert
2025-07-13 13:20:47,708 - __main__ - INFO - 🚀 Starte Anwendungsschleife...
2025-07-13 13:20:59,931 - __main__ - INFO - Anwendung wird beendet...
2025-07-13 13:24:53,125 - __main__ - INFO - Starte Checker Pro Suite v2.1.0
2025-07-13 13:24:53,243 - __main__ - INFO - ✅ AppUtils initialisiert
2025-07-13 13:24:53,244 - __main__ - INFO - ✅ KundenManager initialisiert
2025-07-13 13:24:53,244 - __main__ - INFO - ✅ CustomerManager (extended) initialisiert
2025-07-13 13:24:53,644 - __main__ - INFO - ✅ Benutzeroberfläche initialisiert
2025-07-13 13:24:53,644 - __main__ - INFO - ✅ Anwendung erfolgreich initialisiert
2025-07-13 13:24:53,644 - __main__ - INFO - 🚀 Starte Anwendungsschleife...
2025-07-13 13:24:55,303 - __main__ - INFO - Anwendung wird beendet...
2025-07-13 13:30:41,166 - __main__ - INFO - Starte Checker Pro Suite v2.1.0
2025-07-13 13:30:41,291 - __main__ - INFO - ✅ AppUtils initialisiert
2025-07-13 13:30:41,291 - __main__ - INFO - ✅ KundenManager initialisiert
2025-07-13 13:30:41,292 - __main__ - INFO - ✅ CustomerManager (extended) initialisiert
2025-07-13 13:30:41,705 - __main__ - INFO - ✅ Benutzeroberfläche initialisiert
2025-07-13 13:30:41,705 - __main__ - INFO - ✅ Anwendung erfolgreich initialisiert
2025-07-13 13:30:41,705 - __main__ - INFO - 🚀 Starte Anwendungsschleife...
2025-07-13 13:31:38,471 - __main__ - INFO - Anwendung wird beendet...
2025-07-13 13:37:43,237 - __main__ - INFO - Starte Checker Pro Suite v2.1.0
2025-07-13 13:37:43,362 - __main__ - INFO - ✅ AppUtils initialisiert
2025-07-13 13:37:43,362 - __main__ - INFO - ✅ KundenManager initialisiert
2025-07-13 13:37:43,362 - __main__ - INFO - ✅ CustomerManager (extended) initialisiert
2025-07-13 13:37:43,756 - __main__ - INFO - ✅ Benutzeroberfläche initialisiert
2025-07-13 13:37:43,756 - __main__ - INFO - ✅ Anwendung erfolgreich initialisiert
2025-07-13 13:37:43,756 - __main__ - INFO - 🚀 Starte Anwendungsschleife...
2025-07-13 13:37:46,360 - __main__ - INFO - Anwendung wird beendet...
2025-07-13 13:41:56,273 - __main__ - INFO - Starte Checker Pro Suite v2.1.0
2025-07-13 13:41:56,388 - __main__ - INFO - ✅ AppUtils initialisiert
2025-07-13 13:41:56,388 - __main__ - INFO - ✅ KundenManager initialisiert
2025-07-13 13:41:56,388 - __main__ - INFO - ✅ CustomerManager (extended) initialisiert
2025-07-13 13:41:56,776 - __main__ - INFO - ✅ Benutzeroberfläche initialisiert
2025-07-13 13:41:56,776 - __main__ - INFO - ✅ Anwendung erfolgreich initialisiert
2025-07-13 13:41:56,777 - __main__ - INFO - 🚀 Starte Anwendungsschleife...
2025-07-13 13:43:13,862 - __main__ - INFO - Starte Checker Pro Suite v2.1.0
2025-07-13 13:43:13,981 - __main__ - INFO - ✅ AppUtils initialisiert
2025-07-13 13:43:13,981 - __main__ - INFO - ✅ KundenManager initialisiert
2025-07-13 13:43:13,981 - __main__ - INFO - ✅ CustomerManager (extended) initialisiert
2025-07-13 13:43:14,371 - __main__ - INFO - ✅ Benutzeroberfläche initialisiert
2025-07-13 13:43:14,372 - __main__ - INFO - ✅ Anwendung erfolgreich initialisiert
2025-07-13 13:43:14,372 - __main__ - INFO - 🚀 Starte Anwendungsschleife...
2025-07-13 13:46:04,308 - __main__ - INFO - Starte Checker Pro Suite v2.1.0
2025-07-13 13:46:04,428 - __main__ - INFO - ✅ AppUtils initialisiert
2025-07-13 13:46:04,428 - __main__ - INFO - ✅ KundenManager initialisiert
2025-07-13 13:46:04,429 - __main__ - INFO - ✅ CustomerManager (extended) initialisiert
2025-07-13 13:46:04,979 - __main__ - INFO - ✅ Benutzeroberfläche initialisiert
2025-07-13 13:46:04,979 - __main__ - INFO - ✅ Anwendung erfolgreich initialisiert
2025-07-13 13:46:04,979 - __main__ - INFO - 🚀 Starte Anwendungsschleife...
2025-07-13 13:47:11,198 - __main__ - INFO - Starte Checker Pro Suite v2.1.0
2025-07-13 13:47:11,318 - __main__ - INFO - ✅ AppUtils initialisiert
2025-07-13 13:47:11,318 - __main__ - INFO - ✅ KundenManager initialisiert
2025-07-13 13:47:11,319 - __main__ - INFO - ✅ CustomerManager (extended) initialisiert
2025-07-13 13:47:11,854 - __main__ - INFO - ✅ Benutzeroberfläche initialisiert
2025-07-13 13:47:11,855 - __main__ - INFO - ✅ Anwendung erfolgreich initialisiert
2025-07-13 13:47:11,855 - __main__ - INFO - 🚀 Starte Anwendungsschleife...
2025-07-13 13:47:39,877 - __main__ - INFO - Anwendung wird beendet...
2025-07-13 13:50:36,808 - __main__ - INFO - Starte Checker Pro Suite v2.1.0
2025-07-13 13:50:36,927 - __main__ - INFO - ✅ AppUtils initialisiert
2025-07-13 13:50:36,927 - __main__ - INFO - ✅ KundenManager initialisiert
2025-07-13 13:50:36,927 - __main__ - INFO - ✅ CustomerManager (extended) initialisiert
2025-07-13 13:50:37,721 - __main__ - INFO - ✅ Benutzeroberfläche initialisiert
2025-07-13 13:50:37,721 - __main__ - INFO - ✅ Anwendung erfolgreich initialisiert
2025-07-13 13:50:37,721 - __main__ - INFO - 🚀 Starte Anwendungsschleife...
2025-07-13 13:50:53,534 - __main__ - INFO - Anwendung wird beendet...
2025-07-13 13:52:28,196 - __main__ - INFO - Starte Checker Pro Suite v2.1.0
2025-07-13 13:52:28,323 - __main__ - INFO - ✅ AppUtils initialisiert
2025-07-13 13:52:28,323 - __main__ - INFO - ✅ KundenManager initialisiert
2025-07-13 13:52:28,323 - __main__ - INFO - ✅ CustomerManager (extended) initialisiert
2025-07-13 13:52:29,217 - __main__ - INFO - ✅ Benutzeroberfläche initialisiert
2025-07-13 13:52:29,218 - __main__ - INFO - ✅ Anwendung erfolgreich initialisiert
2025-07-13 13:52:29,218 - __main__ - INFO - 🚀 Starte Anwendungsschleife...
2025-07-13 13:52:43,978 - __main__ - INFO - Anwendung wird beendet...
2025-07-13 13:58:34,703 - __main__ - INFO - Starte Checker Pro Suite v2.1.0
2025-07-13 13:58:34,825 - __main__ - INFO - ✅ AppUtils initialisiert
2025-07-13 13:58:34,826 - __main__ - INFO - ✅ KundenManager initialisiert
2025-07-13 13:58:34,826 - __main__ - INFO - ✅ CustomerManager (extended) initialisiert
2025-07-13 13:58:35,822 - __main__ - INFO - ✅ Benutzeroberfläche initialisiert
2025-07-13 13:58:35,822 - __main__ - INFO - ✅ Anwendung erfolgreich initialisiert
2025-07-13 13:58:35,822 - __main__ - INFO - 🚀 Starte Anwendungsschleife...
2025-07-13 14:00:11,142 - __main__ - INFO - Anwendung wird beendet...
2025-07-13 14:10:30,779 - __main__ - INFO - Starte Checker Pro Suite v2.1.0
2025-07-13 14:10:30,892 - __main__ - INFO - ✅ AppUtils initialisiert
2025-07-13 14:10:30,892 - __main__ - INFO - ✅ KundenManager initialisiert
2025-07-13 14:10:30,892 - __main__ - INFO - ✅ CustomerManager (extended) initialisiert
2025-07-13 14:10:30,892 - __main__ - WARNING - ⚠️ UploadManager nicht verfügbar
2025-07-13 14:10:31,877 - __main__ - INFO - ✅ Benutzeroberfläche initialisiert
2025-07-13 14:10:31,877 - __main__ - INFO - ✅ Anwendung erfolgreich initialisiert
2025-07-13 14:10:31,877 - __main__ - INFO - 🚀 Starte Anwendungsschleife...
2025-07-13 14:10:38,959 - __main__ - INFO - Anwendung wird beendet...
2025-07-13 14:15:54,191 - __main__ - INFO - Starte Checker Pro Suite v2.1.0
2025-07-13 14:15:54,314 - __main__ - INFO - ✅ AppUtils initialisiert
2025-07-13 14:15:54,315 - __main__ - INFO - ✅ KundenManager initialisiert
2025-07-13 14:15:54,705 - __main__ - INFO - ✅ Benutzeroberfläche initialisiert
2025-07-13 14:15:54,705 - __main__ - INFO - ✅ Anwendung erfolgreich initialisiert
2025-07-13 14:15:54,705 - __main__ - INFO - 🚀 Starte Anwendungsschleife...
2025-07-13 14:15:56,538 - __main__ - INFO - Anwendung wird beendet...
2025-07-13 14:16:48,815 - __main__ - INFO - Starte Checker Pro Suite v2.1.0
2025-07-13 14:16:49,020 - __main__ - INFO - ✅ AppUtils initialisiert
2025-07-13 14:16:49,020 - __main__ - INFO - ✅ KundenManager initialisiert
2025-07-13 14:16:49,403 - __main__ - INFO - ✅ Benutzeroberfläche initialisiert
2025-07-13 14:16:49,403 - __main__ - INFO - ✅ Anwendung erfolgreich initialisiert
2025-07-13 14:16:49,403 - __main__ - INFO - 🚀 Starte Anwendungsschleife...
2025-07-13 14:16:51,305 - __main__ - INFO - Anwendung wird beendet...
2025-07-13 14:18:18,690 - __main__ - INFO - Starte Checker Pro Suite v2.1.0
2025-07-13 14:18:18,801 - __main__ - INFO - ✅ AppUtils initialisiert
2025-07-13 14:18:18,802 - __main__ - INFO - ✅ KundenManager initialisiert
2025-07-13 14:18:18,802 - __main__ - INFO - ✅ CustomerManager (extended) initialisiert
2025-07-13 14:18:18,802 - __main__ - WARNING - ⚠️ UploadManager nicht verfügbar
2025-07-13 14:18:19,851 - __main__ - INFO - ✅ Benutzeroberfläche initialisiert
2025-07-13 14:18:19,852 - __main__ - INFO - ✅ Anwendung erfolgreich initialisiert
2025-07-13 14:18:19,852 - __main__ - INFO - 🚀 Starte Anwendungsschleife...
2025-07-13 14:18:23,682 - __main__ - INFO - Anwendung wird beendet...
2025-07-13 14:25:07,327 - __main__ - INFO - Starte Checker Pro Suite v2.1.0
2025-07-13 14:25:07,451 - __main__ - INFO - ✅ AppUtils initialisiert
2025-07-13 14:25:07,451 - __main__ - INFO - ✅ KundenManager initialisiert
2025-07-13 14:25:07,452 - __main__ - INFO - ✅ CustomerManager (extended) initialisiert
2025-07-13 14:25:07,452 - __main__ - WARNING - ⚠️ UploadManager nicht verfügbar
2025-07-13 14:25:08,599 - __main__ - INFO - ✅ Benutzeroberfläche initialisiert
2025-07-13 14:25:08,599 - __main__ - INFO - ✅ Anwendung erfolgreich initialisiert
2025-07-13 14:25:08,599 - __main__ - INFO - 🚀 Starte Anwendungsschleife...
2025-07-13 14:25:22,424 - __main__ - INFO - Anwendung wird beendet...
2025-07-13 14:29:26,693 - __main__ - INFO - Starte Checker Pro Suite v2.1.0
2025-07-13 14:29:26,812 - __main__ - INFO - ✅ AppUtils initialisiert
2025-07-13 14:29:26,812 - __main__ - INFO - ✅ KundenManager initialisiert
2025-07-13 14:29:26,813 - __main__ - INFO - ✅ CustomerManager (extended) initialisiert
2025-07-13 14:29:26,813 - __main__ - WARNING - ⚠️ UploadManager nicht verfügbar
2025-07-13 14:29:27,989 - __main__ - INFO - ✅ Benutzeroberfläche initialisiert
2025-07-13 14:29:27,990 - __main__ - INFO - ✅ Anwendung erfolgreich initialisiert
2025-07-13 14:29:27,990 - __main__ - INFO - 🚀 Starte Anwendungsschleife...
2025-07-13 14:29:30,843 - __main__ - INFO - Anwendung wird beendet...
2025-07-13 14:36:32,053 - __main__ - INFO - Starte Checker Pro Suite v2.1.0
2025-07-13 14:36:32,173 - __main__ - INFO - ✅ AppUtils initialisiert
2025-07-13 14:36:32,174 - __main__ - INFO - ✅ KundenManager initialisiert
2025-07-13 14:36:32,176 - __main__ - INFO - ✅ CustomerManager (extended) initialisiert
2025-07-13 14:36:32,176 - __main__ - WARNING - ⚠️ UploadManager nicht verfügbar
2025-07-13 14:36:32,184 - __main__ - ERROR - ❌ Fehler bei Menü-Erstellung: 'CheckerApp' object has no attribute 'new_project'
2025-07-13 14:36:32,774 - __main__ - ERROR - ❌ Fehler bei Welcome-Screen-Erstellung: 'CheckerApp' object has no attribute 'show_tools_view'
2025-07-13 14:36:32,775 - __main__ - INFO - ✅ Benutzeroberfläche initialisiert
2025-07-13 14:36:32,775 - __main__ - INFO - ✅ Anwendung erfolgreich initialisiert
2025-07-13 14:36:32,775 - __main__ - INFO - Starte die Anwendung
2025-07-13 14:38:14,525 - __main__ - INFO - Anwendung wird beendet
2025-07-14 10:57:53,056 - __main__ - INFO - Starte Checker Pro Suite v2.1.0
2025-07-14 10:57:53,485 - __main__ - INFO - ✅ AppUtils initialisiert
2025-07-14 10:57:53,486 - __main__ - INFO - ✅ KundenManager initialisiert
2025-07-14 10:57:53,494 - __main__ - INFO - ✅ CustomerManager (extended) initialisiert
2025-07-14 10:57:53,495 - __main__ - WARNING - ⚠️ UploadManager nicht verfügbar
2025-07-14 10:57:54,694 - __main__ - INFO - ✅ Benutzeroberfläche initialisiert
2025-07-14 10:57:54,695 - __main__ - INFO - ✅ Anwendung erfolgreich initialisiert
2025-07-14 10:57:54,695 - __main__ - INFO - 🚀 Starte Anwendungsschleife...
2025-07-14 11:13:19,352 - __main__ - INFO - Anwendung wird beendet...
2025-07-14 11:13:23,564 - __main__ - INFO - Anwendung wird beendet...
2025-07-14 11:13:25,416 - __main__ - INFO - Anwendung wird beendet...
2025-07-14 11:13:34,235 - __main__ - INFO - Anwendung wird beendet...
2025-07-14 11:17:33,718 - __main__ - INFO - Starte Checker Pro Suite v2.1.0
2025-07-14 11:17:33,818 - __main__ - INFO - ✅ AppUtils initialisiert
2025-07-14 11:17:33,819 - __main__ - INFO - ✅ KundenManager initialisiert
2025-07-14 11:17:33,819 - __main__ - INFO - ✅ CustomerManager (extended) initialisiert
2025-07-14 11:17:33,819 - __main__ - WARNING - ⚠️ UploadManager nicht verfügbar
2025-07-14 11:17:35,188 - __main__ - INFO - ✅ Benutzeroberfläche initialisiert
2025-07-14 11:17:35,188 - __main__ - INFO - ✅ Anwendung erfolgreich initialisiert
2025-07-14 11:17:35,188 - __main__ - INFO - 🚀 Starte Anwendungsschleife...
2025-07-14 11:18:04,889 - __main__ - INFO - Anwendung wird beendet...
2025-07-14 11:21:23,352 - __main__ - INFO - Starte Checker Pro Suite v2.1.0
2025-07-14 11:21:23,459 - __main__ - INFO - ✅ AppUtils initialisiert
2025-07-14 11:21:23,460 - __main__ - INFO - ✅ KundenManager initialisiert
2025-07-14 11:21:23,460 - __main__ - INFO - ✅ CustomerManager (extended) initialisiert
2025-07-14 11:21:23,461 - __main__ - INFO - Upload-Manager initialisiert
2025-07-14 11:21:23,461 - __main__ - INFO - ✅ UploadManager initialisiert
2025-07-14 11:21:24,710 - __main__ - INFO - ✅ Benutzeroberfläche initialisiert
2025-07-14 11:21:24,710 - __main__ - INFO - ✅ Anwendung erfolgreich initialisiert
2025-07-14 11:21:24,710 - __main__ - INFO - 🚀 Starte Anwendungsschleife...
2025-07-14 11:21:32,242 - __main__ - INFO - Anwendung wird beendet...
2025-07-14 11:36:08,645 - __main__ - INFO - Starte Checker Pro Suite v2.1.0
2025-07-14 11:36:08,754 - __main__ - INFO - ✅ AppUtils initialisiert
2025-07-14 11:36:08,754 - __main__ - INFO - ✅ KundenManager initialisiert
2025-07-14 11:36:08,755 - __main__ - INFO - ✅ CustomerManager (extended) initialisiert
2025-07-14 11:36:08,755 - __main__ - INFO - Upload-Manager initialisiert
2025-07-14 11:36:08,756 - __main__ - INFO - ✅ UploadManager initialisiert
2025-07-14 11:36:10,198 - __main__ - INFO - ✅ Benutzeroberfläche initialisiert
2025-07-14 11:36:10,198 - __main__ - INFO - ✅ Anwendung erfolgreich initialisiert
2025-07-14 11:36:10,198 - __main__ - INFO - 🚀 Starte Anwendungsschleife...
2025-07-14 11:36:17,539 - __main__ - INFO - Anwendung wird beendet...
