2025-06-29 23:00:24,101 - __main__ - INFO - Icon Debug Test gestartet
2025-06-29 23:00:24,102 - __main__ - INFO - === Starting Icon Debug Test ===
2025-06-29 23:00:24,188 - __main__ - INFO - MockApp initialisiert
2025-06-29 23:00:24,201 - __main__ - INFO - Welcome Screen erfolgreich importiert
2025-06-29 23:00:24,202 - __main__ - INFO - Erstelle Welcome Screen...
2025-06-29 23:00:24,217 - __main__ - ERROR - Test-Fehler: 'MockApp' object has no attribute 'root'
2025-06-29 23:00:24,220 - __main__ - DEBUG - Traceback: Traceback (most recent call last):
  File "C:\Users\sarah\Desktop\Checker\icon_debug_test.py", line 61, in test_welcome_screen_icons
    welcome_screen = UltraModernWelcomeScreen(
                     ^^^^^^^^^^^^^^^^^^^^^^^^^
  File "C:\Users\sarah\Desktop\Checker\ultra_modern_welcome_screen_v2.py", line 318, in __init__
    self.main_window = app.root
                       ^^^^^^^^
AttributeError: 'MockApp' object has no attribute 'root'

2025-06-29 23:00:54,808 - __main__ - INFO - Icon Debug Test gestartet
2025-06-29 23:00:54,809 - __main__ - INFO - === Starting Icon Debug Test ===
2025-06-29 23:00:54,889 - __main__ - DEBUG - MockIconManager initialisiert mit 6 Icons
2025-06-29 23:00:54,889 - __main__ - INFO - MockApp initialisiert
2025-06-29 23:00:54,894 - __main__ - INFO - Welcome Screen erfolgreich importiert
2025-06-29 23:00:54,894 - __main__ - INFO - Erstelle Welcome Screen...
2025-06-29 23:00:54,911 - ultra_modern_welcome_screen_v2 - INFO - [ICON_DEBUG] === Starting Icon Availability Debug ===
2025-06-29 23:00:54,911 - ultra_modern_welcome_screen_v2 - INFO - [ICON_DEBUG] App object type: <class '__main__.MockApp'>
2025-06-29 23:00:54,911 - ultra_modern_welcome_screen_v2 - INFO - [ICON_DEBUG] App object has get_icon: True
2025-06-29 23:00:54,912 - ultra_modern_welcome_screen_v2 - INFO - [ICON_DEBUG] App has icon_manager: <class '__main__.MockIconManager'>
2025-06-29 23:00:54,912 - ultra_modern_welcome_screen_v2 - INFO - [ICON_DEBUG] Icon manager has get_icon method
2025-06-29 23:00:54,912 - ultra_modern_welcome_screen_v2 - INFO - [ICON_DEBUG] Testing icon: home
2025-06-29 23:00:54,912 - __main__ - DEBUG - MockIconManager.get_icon called for 'home' with size (24, 24)
2025-06-29 23:00:54,912 - __main__ - DEBUG - MockIconManager: Erstellt Mock-CTkImage für 'home'
2025-06-29 23:00:54,921 - ultra_modern_welcome_screen_v2 - INFO - [ICON_DEBUG] Testing icon: settings
2025-06-29 23:00:54,921 - __main__ - DEBUG - MockIconManager.get_icon called for 'settings' with size (24, 24)
2025-06-29 23:00:54,921 - __main__ - DEBUG - MockIconManager: Erstellt Mock-CTkImage für 'settings'
2025-06-29 23:00:54,928 - ultra_modern_welcome_screen_v2 - INFO - [ICON_DEBUG] Testing icon: file_icon
2025-06-29 23:00:54,928 - __main__ - DEBUG - MockIconManager.get_icon called for 'file_icon' with size (24, 24)
2025-06-29 23:00:54,928 - __main__ - DEBUG - MockIconManager: Erstellt Mock-CTkImage für 'file_icon'
2025-06-29 23:00:54,933 - ultra_modern_welcome_screen_v2 - INFO - [ICON_DEBUG] Testing icon: rocket
2025-06-29 23:00:54,933 - __main__ - DEBUG - MockIconManager.get_icon called for 'rocket' with size (24, 24)
2025-06-29 23:00:54,934 - __main__ - DEBUG - MockIconManager: Erstellt Mock-CTkImage für 'rocket'
2025-06-29 23:00:54,938 - ultra_modern_welcome_screen_v2 - INFO - [ICON_DEBUG] Testing icon: person
2025-06-29 23:00:54,938 - __main__ - DEBUG - MockIconManager.get_icon called for 'person' with size (24, 24)
2025-06-29 23:00:54,939 - __main__ - WARNING - MockIconManager: Icon 'person' nicht verfügbar
2025-06-29 23:00:54,941 - ultra_modern_welcome_screen_v2 - INFO - [ICON_DEBUG] Available icons count: 6
2025-06-29 23:00:54,941 - ultra_modern_welcome_screen_v2 - DEBUG - [ICON_DEBUG] First 10 available icons: ['home', 'settings', 'file_icon', 'rocket', 'moon', 'sun']
2025-06-29 23:00:54,941 - ultra_modern_welcome_screen_v2 - INFO - [ICON_DEBUG] Testing app.get_icon method
2025-06-29 23:00:54,941 - __main__ - DEBUG - MockApp.get_icon called for 'home' with size (24, 24)
2025-06-29 23:00:54,942 - __main__ - DEBUG - MockIconManager.get_icon called for 'home' with size (24, 24)
2025-06-29 23:00:54,942 - __main__ - DEBUG - MockIconManager: Erstellt Mock-CTkImage für 'home'
2025-06-29 23:00:54,944 - __main__ - DEBUG - MockApp.get_icon called for 'settings' with size (24, 24)
2025-06-29 23:00:54,944 - __main__ - DEBUG - MockIconManager.get_icon called for 'settings' with size (24, 24)
2025-06-29 23:00:54,945 - __main__ - DEBUG - MockIconManager: Erstellt Mock-CTkImage für 'settings'
2025-06-29 23:00:54,947 - __main__ - DEBUG - MockApp.get_icon called for 'file_icon' with size (24, 24)
2025-06-29 23:00:54,947 - __main__ - DEBUG - MockIconManager.get_icon called for 'file_icon' with size (24, 24)
2025-06-29 23:00:54,947 - __main__ - DEBUG - MockIconManager: Erstellt Mock-CTkImage für 'file_icon'
2025-06-29 23:00:54,949 - ultra_modern_welcome_screen_v2 - INFO - [ICON_DEBUG] === Icon Availability Debug Complete ===
2025-06-29 23:00:54,963 - ultra_modern_welcome_screen_v2 - DEBUG - [ICON_DEBUG] Loading app icon 'rocket' for header
2025-06-29 23:00:54,963 - ultra_modern_welcome_screen_v2 - DEBUG - [ICON_DEBUG] Starting safe_get_icon for 'rocket' with size (40, 40)
2025-06-29 23:00:54,964 - ultra_modern_welcome_screen_v2 - DEBUG - [ICON_DEBUG] UI container ready for 'rocket'
2025-06-29 23:00:54,964 - ultra_modern_welcome_screen_v2 - DEBUG - [ICON_DEBUG] App.get_icon method available for 'rocket'
2025-06-29 23:00:54,964 - ultra_modern_welcome_screen_v2 - DEBUG - [ICON_DEBUG] Calling app.get_icon('rocket', size=(40, 40))
2025-06-29 23:00:54,964 - __main__ - DEBUG - MockApp.get_icon called for 'rocket' with size (40, 40)
2025-06-29 23:00:54,965 - __main__ - DEBUG - MockIconManager.get_icon called for 'rocket' with size (40, 40)
2025-06-29 23:00:54,965 - __main__ - DEBUG - MockIconManager: Erstellt Mock-CTkImage für 'rocket'
2025-06-29 23:00:54,965 - ultra_modern_welcome_screen_v2 - DEBUG - [ICON_DEBUG] App.get_icon returned object of type: <class 'customtkinter.windows.widgets.image.ctk_image.CTkImage'> for 'rocket'
2025-06-29 23:00:54,965 - ultra_modern_welcome_screen_v2 - DEBUG - [ICON_DEBUG] Icon 'rocket' has _light_image attribute
2025-06-29 23:00:54,965 - ultra_modern_welcome_screen_v2 - DEBUG - [ICON_DEBUG] Icon 'rocket' _light_image type: <class 'PIL.Image.Image'>
2025-06-29 23:00:54,966 - ultra_modern_welcome_screen_v2 - DEBUG - [ICON_DEBUG] Icon 'rocket' image size: (40, 40)
2025-06-29 23:00:54,966 - ultra_modern_welcome_screen_v2 - DEBUG - [ICON_DEBUG] Icon 'rocket' image mode: RGBA
2025-06-29 23:00:54,966 - ultra_modern_welcome_screen_v2 - DEBUG - [ICON_DEBUG] Icon 'rocket' image data loaded successfully
2025-06-29 23:00:54,966 - ultra_modern_welcome_screen_v2 - DEBUG - [ICON_DEBUG] Icon 'rocket' CTkImage size: (40, 40)
2025-06-29 23:00:54,983 - ultra_modern_welcome_screen_v2 - DEBUG - [ICON_DEBUG] Loading theme toggle icon: moon
2025-06-29 23:00:54,983 - ultra_modern_welcome_screen_v2 - DEBUG - [ICON_DEBUG] Starting safe_get_icon for 'moon' with size (20, 20)
2025-06-29 23:00:54,983 - ultra_modern_welcome_screen_v2 - DEBUG - [ICON_DEBUG] UI container ready for 'moon'
2025-06-29 23:00:54,984 - ultra_modern_welcome_screen_v2 - DEBUG - [ICON_DEBUG] App.get_icon method available for 'moon'
2025-06-29 23:00:54,984 - ultra_modern_welcome_screen_v2 - DEBUG - [ICON_DEBUG] Calling app.get_icon('moon', size=(20, 20))
2025-06-29 23:00:54,984 - __main__ - DEBUG - MockApp.get_icon called for 'moon' with size (20, 20)
2025-06-29 23:00:54,984 - __main__ - DEBUG - MockIconManager.get_icon called for 'moon' with size (20, 20)
2025-06-29 23:00:54,985 - __main__ - DEBUG - MockIconManager: Erstellt Mock-CTkImage für 'moon'
2025-06-29 23:00:54,985 - ultra_modern_welcome_screen_v2 - DEBUG - [ICON_DEBUG] App.get_icon returned object of type: <class 'customtkinter.windows.widgets.image.ctk_image.CTkImage'> for 'moon'
2025-06-29 23:00:54,985 - ultra_modern_welcome_screen_v2 - DEBUG - [ICON_DEBUG] Icon 'moon' has _light_image attribute
2025-06-29 23:00:54,985 - ultra_modern_welcome_screen_v2 - DEBUG - [ICON_DEBUG] Icon 'moon' _light_image type: <class 'PIL.Image.Image'>
2025-06-29 23:00:54,986 - ultra_modern_welcome_screen_v2 - DEBUG - [ICON_DEBUG] Icon 'moon' image size: (20, 20)
2025-06-29 23:00:54,986 - ultra_modern_welcome_screen_v2 - DEBUG - [ICON_DEBUG] Icon 'moon' image mode: RGBA
2025-06-29 23:00:54,986 - ultra_modern_welcome_screen_v2 - DEBUG - [ICON_DEBUG] Icon 'moon' image data loaded successfully
2025-06-29 23:00:54,986 - ultra_modern_welcome_screen_v2 - DEBUG - [ICON_DEBUG] Icon 'moon' CTkImage size: (20, 20)
2025-06-29 23:00:55,005 - ultra_modern_welcome_screen_v2 - DEBUG - [ICON_DEBUG] Starting safe_get_icon for 'home' with size (56, 56)
2025-06-29 23:00:55,005 - ultra_modern_welcome_screen_v2 - DEBUG - [ICON_DEBUG] UI container ready for 'home'
2025-06-29 23:00:55,005 - ultra_modern_welcome_screen_v2 - DEBUG - [ICON_DEBUG] App.get_icon method available for 'home'
2025-06-29 23:00:55,005 - ultra_modern_welcome_screen_v2 - DEBUG - [ICON_DEBUG] Calling app.get_icon('home', size=(56, 56))
2025-06-29 23:00:55,006 - __main__ - DEBUG - MockApp.get_icon called for 'home' with size (56, 56)
2025-06-29 23:00:55,006 - __main__ - DEBUG - MockIconManager.get_icon called for 'home' with size (56, 56)
2025-06-29 23:00:55,006 - __main__ - DEBUG - MockIconManager: Erstellt Mock-CTkImage für 'home'
2025-06-29 23:00:55,006 - ultra_modern_welcome_screen_v2 - DEBUG - [ICON_DEBUG] App.get_icon returned object of type: <class 'customtkinter.windows.widgets.image.ctk_image.CTkImage'> for 'home'
2025-06-29 23:00:55,007 - ultra_modern_welcome_screen_v2 - DEBUG - [ICON_DEBUG] Icon 'home' has _light_image attribute
2025-06-29 23:00:55,007 - ultra_modern_welcome_screen_v2 - DEBUG - [ICON_DEBUG] Icon 'home' _light_image type: <class 'PIL.Image.Image'>
2025-06-29 23:00:55,007 - ultra_modern_welcome_screen_v2 - DEBUG - [ICON_DEBUG] Icon 'home' image size: (56, 56)
2025-06-29 23:00:55,007 - ultra_modern_welcome_screen_v2 - DEBUG - [ICON_DEBUG] Icon 'home' image mode: RGBA
2025-06-29 23:00:55,007 - ultra_modern_welcome_screen_v2 - DEBUG - [ICON_DEBUG] Icon 'home' image data loaded successfully
2025-06-29 23:00:55,008 - ultra_modern_welcome_screen_v2 - DEBUG - [ICON_DEBUG] Icon 'home' CTkImage size: (56, 56)
2025-06-29 23:00:55,040 - __main__ - DEBUG - MockApp.get_icon called for 'person' with size (36, 36)
2025-06-29 23:00:55,040 - __main__ - DEBUG - MockIconManager.get_icon called for 'person' with size (36, 36)
2025-06-29 23:00:55,041 - __main__ - WARNING - MockIconManager: Icon 'person' nicht verfügbar
2025-06-29 23:00:55,065 - __main__ - DEBUG - MockApp.get_icon called for 'add-20' with size (24, 24)
2025-06-29 23:00:55,065 - __main__ - DEBUG - MockIconManager.get_icon called for 'add-20' with size (24, 24)
2025-06-29 23:00:55,065 - __main__ - WARNING - MockIconManager: Icon 'add-20' nicht verfügbar
2025-06-29 23:00:55,073 - __main__ - DEBUG - MockApp.get_icon called for 'refresh' with size (20, 20)
2025-06-29 23:00:55,073 - __main__ - DEBUG - MockIconManager.get_icon called for 'refresh' with size (20, 20)
2025-06-29 23:00:55,073 - __main__ - WARNING - MockIconManager: Icon 'refresh' nicht verfügbar
2025-06-29 23:00:55,089 - __main__ - DEBUG - MockApp.get_icon called for 'lan' with size (36, 36)
2025-06-29 23:00:55,090 - __main__ - DEBUG - MockIconManager.get_icon called for 'lan' with size (36, 36)
2025-06-29 23:00:55,090 - __main__ - WARNING - MockIconManager: Icon 'lan' nicht verfügbar
2025-06-29 23:00:55,102 - __main__ - DEBUG - MockApp.get_icon called for 'add-document' with size (32, 32)
2025-06-29 23:00:55,102 - __main__ - DEBUG - MockIconManager.get_icon called for 'add-document' with size (32, 32)
2025-06-29 23:00:55,102 - __main__ - WARNING - MockIconManager: Icon 'add-document' nicht verfügbar
2025-06-29 23:00:55,117 - __main__ - DEBUG - MockApp.get_icon called for 'chevron-right' with size (20, 20)
2025-06-29 23:00:55,117 - __main__ - DEBUG - MockIconManager.get_icon called for 'chevron-right' with size (20, 20)
2025-06-29 23:00:55,117 - __main__ - WARNING - MockIconManager: Icon 'chevron-right' nicht verfügbar
2025-06-29 23:00:55,127 - __main__ - DEBUG - MockApp.get_icon called for 'clipboard-edit' with size (32, 32)
2025-06-29 23:00:55,127 - __main__ - DEBUG - MockIconManager.get_icon called for 'clipboard-edit' with size (32, 32)
2025-06-29 23:00:55,128 - __main__ - WARNING - MockIconManager: Icon 'clipboard-edit' nicht verfügbar
2025-06-29 23:00:55,133 - __main__ - DEBUG - MockApp.get_icon called for 'chevron-right' with size (20, 20)
2025-06-29 23:00:55,133 - __main__ - DEBUG - MockIconManager.get_icon called for 'chevron-right' with size (20, 20)
2025-06-29 23:00:55,134 - __main__ - WARNING - MockIconManager: Icon 'chevron-right' nicht verfügbar
2025-06-29 23:00:55,145 - __main__ - DEBUG - MockApp.get_icon called for 'review' with size (32, 32)
2025-06-29 23:00:55,145 - __main__ - DEBUG - MockIconManager.get_icon called for 'review' with size (32, 32)
2025-06-29 23:00:55,145 - __main__ - WARNING - MockIconManager: Icon 'review' nicht verfügbar
2025-06-29 23:00:55,150 - __main__ - DEBUG - MockApp.get_icon called for 'chevron-right' with size (20, 20)
2025-06-29 23:00:55,151 - __main__ - DEBUG - MockIconManager.get_icon called for 'chevron-right' with size (20, 20)
2025-06-29 23:00:55,151 - __main__ - WARNING - MockIconManager: Icon 'chevron-right' nicht verfügbar
2025-06-29 23:00:55,160 - __main__ - DEBUG - MockApp.get_icon called for 'export' with size (32, 32)
2025-06-29 23:00:55,160 - __main__ - DEBUG - MockIconManager.get_icon called for 'export' with size (32, 32)
2025-06-29 23:00:55,161 - __main__ - WARNING - MockIconManager: Icon 'export' nicht verfügbar
2025-06-29 23:00:55,166 - __main__ - DEBUG - MockApp.get_icon called for 'chevron-right' with size (20, 20)
2025-06-29 23:00:55,167 - __main__ - DEBUG - MockIconManager.get_icon called for 'chevron-right' with size (20, 20)
2025-06-29 23:00:55,167 - __main__ - WARNING - MockIconManager: Icon 'chevron-right' nicht verfügbar
2025-06-29 23:00:55,175 - __main__ - DEBUG - MockApp.get_icon called for 'settings' with size (32, 32)
2025-06-29 23:00:55,175 - __main__ - DEBUG - MockIconManager.get_icon called for 'settings' with size (32, 32)
2025-06-29 23:00:55,176 - __main__ - DEBUG - MockIconManager: Erstellt Mock-CTkImage für 'settings'
2025-06-29 23:00:55,187 - __main__ - DEBUG - MockApp.get_icon called for 'file_icon' with size (24, 24)
2025-06-29 23:00:55,187 - __main__ - DEBUG - MockIconManager.get_icon called for 'file_icon' with size (24, 24)
2025-06-29 23:00:55,187 - __main__ - DEBUG - MockIconManager: Erstellt Mock-CTkImage für 'file_icon'
2025-06-29 23:00:55,200 - __main__ - DEBUG - MockApp.get_icon called for 'folder_icon' with size (24, 24)
2025-06-29 23:00:55,201 - __main__ - DEBUG - MockIconManager.get_icon called for 'folder_icon' with size (24, 24)
2025-06-29 23:00:55,201 - __main__ - WARNING - MockIconManager: Icon 'folder_icon' nicht verfügbar
2025-06-29 23:00:55,212 - __main__ - DEBUG - MockApp.get_icon called for 'export' with size (24, 24)
2025-06-29 23:00:55,213 - __main__ - DEBUG - MockIconManager.get_icon called for 'export' with size (24, 24)
2025-06-29 23:00:55,213 - __main__ - WARNING - MockIconManager: Icon 'export' nicht verfügbar
2025-06-29 23:00:55,222 - __main__ - DEBUG - MockApp.get_icon called for 'settings' with size (24, 24)
2025-06-29 23:00:55,223 - __main__ - DEBUG - MockIconManager.get_icon called for 'settings' with size (24, 24)
2025-06-29 23:00:55,223 - __main__ - DEBUG - MockIconManager: Erstellt Mock-CTkImage für 'settings'
2025-06-29 23:00:55,234 - __main__ - DEBUG - MockApp.get_icon called for 'help_icon' with size (24, 24)
2025-06-29 23:00:55,235 - __main__ - DEBUG - MockIconManager.get_icon called for 'help_icon' with size (24, 24)
2025-06-29 23:00:55,235 - __main__ - WARNING - MockIconManager: Icon 'help_icon' nicht verfügbar
2025-06-29 23:00:55,245 - __main__ - DEBUG - MockApp.get_icon called for 'info' with size (24, 24)
2025-06-29 23:00:55,246 - __main__ - DEBUG - MockIconManager.get_icon called for 'info' with size (24, 24)
2025-06-29 23:00:55,246 - __main__ - WARNING - MockIconManager: Icon 'info' nicht verfügbar
2025-06-29 23:00:55,265 - __main__ - DEBUG - MockApp.get_icon called for 'info' with size (32, 32)
2025-06-29 23:00:55,265 - __main__ - DEBUG - MockIconManager.get_icon called for 'info' with size (32, 32)
2025-06-29 23:00:55,266 - __main__ - WARNING - MockIconManager: Icon 'info' nicht verfügbar
2025-06-29 23:00:55,701 - ultra_modern_welcome_screen_v2 - INFO - Animationen initialisiert
2025-06-29 23:00:55,701 - ultra_modern_welcome_screen_v2 - INFO - Responsive Verhalten eingerichtet
2025-06-29 23:00:55,701 - ultra_modern_welcome_screen_v2 - INFO - Button-Hover-Effekte aktiviert
2025-06-29 23:00:55,702 - ultra_modern_welcome_screen_v2 - INFO - Input-Field-Verbesserungen aktiviert
2025-06-29 23:00:55,702 - ultra_modern_welcome_screen_v2 - INFO - Erweiterte Karten-Interaktionen eingerichtet
2025-06-29 23:00:55,712 - ultra_modern_welcome_screen_v2 - INFO - Ultra-Modern Welcome Screen v2.0 successfully initialized
2025-06-29 23:00:55,712 - __main__ - INFO - Welcome Screen erfolgreich erstellt
2025-06-29 23:00:55,712 - __main__ - INFO - === Direct Icon Method Testing ===
2025-06-29 23:00:55,712 - __main__ - INFO - Testing icon: home
2025-06-29 23:00:55,712 - ultra_modern_welcome_screen_v2 - DEBUG - [ICON_DEBUG] Starting safe_get_icon for 'home' with size (24, 24)
2025-06-29 23:00:55,713 - ultra_modern_welcome_screen_v2 - DEBUG - [ICON_DEBUG] UI container ready for 'home'
2025-06-29 23:00:55,713 - ultra_modern_welcome_screen_v2 - DEBUG - [ICON_DEBUG] App.get_icon method available for 'home'
2025-06-29 23:00:55,713 - ultra_modern_welcome_screen_v2 - DEBUG - [ICON_DEBUG] Calling app.get_icon('home', size=(24, 24))
2025-06-29 23:00:55,713 - __main__ - DEBUG - MockApp.get_icon called for 'home' with size (24, 24)
2025-06-29 23:00:55,714 - __main__ - DEBUG - MockIconManager.get_icon called for 'home' with size (24, 24)
2025-06-29 23:00:55,714 - __main__ - DEBUG - MockIconManager: Erstellt Mock-CTkImage für 'home'
2025-06-29 23:00:55,714 - ultra_modern_welcome_screen_v2 - DEBUG - [ICON_DEBUG] App.get_icon returned object of type: <class 'customtkinter.windows.widgets.image.ctk_image.CTkImage'> for 'home'
2025-06-29 23:00:55,714 - ultra_modern_welcome_screen_v2 - DEBUG - [ICON_DEBUG] Icon 'home' has _light_image attribute
2025-06-29 23:00:55,714 - ultra_modern_welcome_screen_v2 - DEBUG - [ICON_DEBUG] Icon 'home' _light_image type: <class 'PIL.Image.Image'>
2025-06-29 23:00:55,715 - ultra_modern_welcome_screen_v2 - DEBUG - [ICON_DEBUG] Icon 'home' image size: (24, 24)
2025-06-29 23:00:55,715 - ultra_modern_welcome_screen_v2 - DEBUG - [ICON_DEBUG] Icon 'home' image mode: RGBA
2025-06-29 23:00:55,715 - ultra_modern_welcome_screen_v2 - DEBUG - [ICON_DEBUG] Icon 'home' image data loaded successfully
2025-06-29 23:00:55,715 - ultra_modern_welcome_screen_v2 - DEBUG - [ICON_DEBUG] Icon 'home' CTkImage size: (24, 24)
2025-06-29 23:00:55,717 - __main__ - INFO - Result for home: icon=<class 'customtkinter.windows.widgets.image.ctk_image.CTkImage'>, text=''
2025-06-29 23:00:55,718 - __main__ - INFO - Testing icon: rocket
2025-06-29 23:00:55,718 - ultra_modern_welcome_screen_v2 - DEBUG - [ICON_DEBUG] Starting safe_get_icon for 'rocket' with size (24, 24)
2025-06-29 23:00:55,718 - ultra_modern_welcome_screen_v2 - DEBUG - [ICON_DEBUG] UI container ready for 'rocket'
2025-06-29 23:00:55,718 - ultra_modern_welcome_screen_v2 - DEBUG - [ICON_DEBUG] App.get_icon method available for 'rocket'
2025-06-29 23:00:55,718 - ultra_modern_welcome_screen_v2 - DEBUG - [ICON_DEBUG] Calling app.get_icon('rocket', size=(24, 24))
2025-06-29 23:00:55,719 - __main__ - DEBUG - MockApp.get_icon called for 'rocket' with size (24, 24)
2025-06-29 23:00:55,719 - __main__ - DEBUG - MockIconManager.get_icon called for 'rocket' with size (24, 24)
2025-06-29 23:00:55,719 - __main__ - DEBUG - MockIconManager: Erstellt Mock-CTkImage für 'rocket'
2025-06-29 23:00:55,719 - ultra_modern_welcome_screen_v2 - DEBUG - [ICON_DEBUG] App.get_icon returned object of type: <class 'customtkinter.windows.widgets.image.ctk_image.CTkImage'> for 'rocket'
2025-06-29 23:00:55,719 - ultra_modern_welcome_screen_v2 - DEBUG - [ICON_DEBUG] Icon 'rocket' has _light_image attribute
2025-06-29 23:00:55,720 - ultra_modern_welcome_screen_v2 - DEBUG - [ICON_DEBUG] Icon 'rocket' _light_image type: <class 'PIL.Image.Image'>
2025-06-29 23:00:55,720 - ultra_modern_welcome_screen_v2 - DEBUG - [ICON_DEBUG] Icon 'rocket' image size: (24, 24)
2025-06-29 23:00:55,720 - ultra_modern_welcome_screen_v2 - DEBUG - [ICON_DEBUG] Icon 'rocket' image mode: RGBA
2025-06-29 23:00:55,720 - ultra_modern_welcome_screen_v2 - DEBUG - [ICON_DEBUG] Icon 'rocket' image data loaded successfully
2025-06-29 23:00:55,720 - ultra_modern_welcome_screen_v2 - DEBUG - [ICON_DEBUG] Icon 'rocket' CTkImage size: (24, 24)
2025-06-29 23:00:55,722 - __main__ - INFO - Result for rocket: icon=<class 'customtkinter.windows.widgets.image.ctk_image.CTkImage'>, text=''
2025-06-29 23:00:55,722 - __main__ - INFO - Testing icon: settings
2025-06-29 23:00:55,722 - ultra_modern_welcome_screen_v2 - DEBUG - [ICON_DEBUG] Starting safe_get_icon for 'settings' with size (24, 24)
2025-06-29 23:00:55,723 - ultra_modern_welcome_screen_v2 - DEBUG - [ICON_DEBUG] UI container ready for 'settings'
2025-06-29 23:00:55,723 - ultra_modern_welcome_screen_v2 - DEBUG - [ICON_DEBUG] App.get_icon method available for 'settings'
2025-06-29 23:00:55,723 - ultra_modern_welcome_screen_v2 - DEBUG - [ICON_DEBUG] Calling app.get_icon('settings', size=(24, 24))
2025-06-29 23:00:55,723 - __main__ - DEBUG - MockApp.get_icon called for 'settings' with size (24, 24)
2025-06-29 23:00:55,723 - __main__ - DEBUG - MockIconManager.get_icon called for 'settings' with size (24, 24)
2025-06-29 23:00:55,724 - __main__ - DEBUG - MockIconManager: Erstellt Mock-CTkImage für 'settings'
2025-06-29 23:00:55,724 - ultra_modern_welcome_screen_v2 - DEBUG - [ICON_DEBUG] App.get_icon returned object of type: <class 'customtkinter.windows.widgets.image.ctk_image.CTkImage'> for 'settings'
2025-06-29 23:00:55,724 - ultra_modern_welcome_screen_v2 - DEBUG - [ICON_DEBUG] Icon 'settings' has _light_image attribute
2025-06-29 23:00:55,724 - ultra_modern_welcome_screen_v2 - DEBUG - [ICON_DEBUG] Icon 'settings' _light_image type: <class 'PIL.Image.Image'>
2025-06-29 23:00:55,724 - ultra_modern_welcome_screen_v2 - DEBUG - [ICON_DEBUG] Icon 'settings' image size: (24, 24)
2025-06-29 23:00:55,724 - ultra_modern_welcome_screen_v2 - DEBUG - [ICON_DEBUG] Icon 'settings' image mode: RGBA
2025-06-29 23:00:55,725 - ultra_modern_welcome_screen_v2 - DEBUG - [ICON_DEBUG] Icon 'settings' image data loaded successfully
2025-06-29 23:00:55,725 - ultra_modern_welcome_screen_v2 - DEBUG - [ICON_DEBUG] Icon 'settings' CTkImage size: (24, 24)
2025-06-29 23:00:55,726 - __main__ - INFO - Result for settings: icon=<class 'customtkinter.windows.widgets.image.ctk_image.CTkImage'>, text=''
2025-06-29 23:00:55,727 - __main__ - INFO - Testing icon: moon
2025-06-29 23:00:55,727 - ultra_modern_welcome_screen_v2 - DEBUG - [ICON_DEBUG] Starting safe_get_icon for 'moon' with size (24, 24)
2025-06-29 23:00:55,727 - ultra_modern_welcome_screen_v2 - DEBUG - [ICON_DEBUG] UI container ready for 'moon'
2025-06-29 23:00:55,727 - ultra_modern_welcome_screen_v2 - DEBUG - [ICON_DEBUG] App.get_icon method available for 'moon'
2025-06-29 23:00:55,727 - ultra_modern_welcome_screen_v2 - DEBUG - [ICON_DEBUG] Calling app.get_icon('moon', size=(24, 24))
2025-06-29 23:00:55,727 - __main__ - DEBUG - MockApp.get_icon called for 'moon' with size (24, 24)
2025-06-29 23:00:55,728 - __main__ - DEBUG - MockIconManager.get_icon called for 'moon' with size (24, 24)
2025-06-29 23:00:55,728 - __main__ - DEBUG - MockIconManager: Erstellt Mock-CTkImage für 'moon'
2025-06-29 23:00:55,728 - ultra_modern_welcome_screen_v2 - DEBUG - [ICON_DEBUG] App.get_icon returned object of type: <class 'customtkinter.windows.widgets.image.ctk_image.CTkImage'> for 'moon'
2025-06-29 23:00:55,728 - ultra_modern_welcome_screen_v2 - DEBUG - [ICON_DEBUG] Icon 'moon' has _light_image attribute
2025-06-29 23:00:55,728 - ultra_modern_welcome_screen_v2 - DEBUG - [ICON_DEBUG] Icon 'moon' _light_image type: <class 'PIL.Image.Image'>
2025-06-29 23:00:55,729 - ultra_modern_welcome_screen_v2 - DEBUG - [ICON_DEBUG] Icon 'moon' image size: (24, 24)
2025-06-29 23:00:55,729 - ultra_modern_welcome_screen_v2 - DEBUG - [ICON_DEBUG] Icon 'moon' image mode: RGBA
2025-06-29 23:00:55,729 - ultra_modern_welcome_screen_v2 - DEBUG - [ICON_DEBUG] Icon 'moon' image data loaded successfully
2025-06-29 23:00:55,729 - ultra_modern_welcome_screen_v2 - DEBUG - [ICON_DEBUG] Icon 'moon' CTkImage size: (24, 24)
2025-06-29 23:00:55,731 - __main__ - INFO - Result for moon: icon=<class 'customtkinter.windows.widgets.image.ctk_image.CTkImage'>, text=''
2025-06-29 23:00:55,731 - __main__ - INFO - Testing icon: sun
2025-06-29 23:00:55,731 - ultra_modern_welcome_screen_v2 - DEBUG - [ICON_DEBUG] Starting safe_get_icon for 'sun' with size (24, 24)
2025-06-29 23:00:55,731 - ultra_modern_welcome_screen_v2 - DEBUG - [ICON_DEBUG] UI container ready for 'sun'
2025-06-29 23:00:55,732 - ultra_modern_welcome_screen_v2 - DEBUG - [ICON_DEBUG] App.get_icon method available for 'sun'
2025-06-29 23:00:55,732 - ultra_modern_welcome_screen_v2 - DEBUG - [ICON_DEBUG] Calling app.get_icon('sun', size=(24, 24))
2025-06-29 23:00:55,732 - __main__ - DEBUG - MockApp.get_icon called for 'sun' with size (24, 24)
2025-06-29 23:00:55,732 - __main__ - DEBUG - MockIconManager.get_icon called for 'sun' with size (24, 24)
2025-06-29 23:00:55,732 - __main__ - DEBUG - MockIconManager: Erstellt Mock-CTkImage für 'sun'
2025-06-29 23:00:55,732 - ultra_modern_welcome_screen_v2 - DEBUG - [ICON_DEBUG] App.get_icon returned object of type: <class 'customtkinter.windows.widgets.image.ctk_image.CTkImage'> for 'sun'
2025-06-29 23:00:55,733 - ultra_modern_welcome_screen_v2 - DEBUG - [ICON_DEBUG] Icon 'sun' has _light_image attribute
2025-06-29 23:00:55,733 - ultra_modern_welcome_screen_v2 - DEBUG - [ICON_DEBUG] Icon 'sun' _light_image type: <class 'PIL.Image.Image'>
2025-06-29 23:00:55,733 - ultra_modern_welcome_screen_v2 - DEBUG - [ICON_DEBUG] Icon 'sun' image size: (24, 24)
2025-06-29 23:00:55,733 - ultra_modern_welcome_screen_v2 - DEBUG - [ICON_DEBUG] Icon 'sun' image mode: RGBA
2025-06-29 23:00:55,733 - ultra_modern_welcome_screen_v2 - DEBUG - [ICON_DEBUG] Icon 'sun' image data loaded successfully
2025-06-29 23:00:55,733 - ultra_modern_welcome_screen_v2 - DEBUG - [ICON_DEBUG] Icon 'sun' CTkImage size: (24, 24)
2025-06-29 23:00:55,735 - __main__ - INFO - Result for sun: icon=<class 'customtkinter.windows.widgets.image.ctk_image.CTkImage'>, text=''
2025-06-29 23:00:58,735 - __main__ - INFO - === Icon Debug Test Complete ===
