2025-06-29 23:14:06,313 - DEBUG - Gescannte Icons: ['about', 'add-20', 'add_20', 'add-48', 'add_48', 'analytics', 'analyze_icon', 'analyze-icon', 'arrow_left', 'arrow-left', 'bookmark', 'calendar', 'certificate', 'chain', 'check-all-20', 'check_all_20', 'check-all-48', 'check_all_48', 'check-mark', 'check_mark', 'check', 'check_all', 'check-all', 'clock', 'close', 'connect', 'doc-file', 'doc_file', 'done', 'download', 'edit', 'error', 'export', 'export_icon', 'export-icon', 'favorites', 'file_icon', 'file-icon', 'folder', 'folder_icon', 'folder-icon', 'folder_open', 'folder-open', 'help_icon', 'help-icon', 'home', 'idea', 'image-file', 'image_file', 'import', 'info', 'key', 'link', 'load_icon', 'load-icon', 'lock', 'mailbox', 'menu', 'notification', 'opened-folder', 'opened_folder', 'options_icon', 'options-icon', 'padlock', 'pdf-file', 'pdf_file', 'pdf', 'person', 'picture', 'pin', 'play', 'plus', 'print', 'puzzle', 'quality', 'quit_icon', 'quit-icon', 'refresh', 'report_icon', 'report-icon', 'restart', 'rocket', 'save', 'save_icon', 'save-icon', 'search', 'settings', 'share', 'speech-bubble', 'speech_bubble', 'spell-check-20', 'spell_check_20', 'spell-check-48', 'spell_check_48', 'star', 'success', 'tag', 'theme', 'tick-box', 'tick_box', 'toolbox', 'trash-can', 'trash_can', 'txt-file', 'txt_file', 'upload', 'user', 'workflow', 'file']
2025-06-29 23:14:06,314 - INFO - Enhanced FluentIconManager initialisiert mit Workspace: C:\Users\sarah\Desktop\Checker
2025-06-29 23:14:06,314 - DEBUG - Icon-Pfade: ['C:\\Users\\sarah\\Desktop\\Checker\\icons', 'C:\\Users\\sarah\\Desktop\\Checker\\assets', 'C:\\Users\\sarah\\Desktop\\Checker\\assets\\icons']
2025-06-29 23:14:06,314 - DEBUG - Verfügbare lokale Icons: 109
2025-06-29 23:14:06,315 - INFO - 📍 get_icon() aufgerufen: icon_name='home', size=(24, 24), fallback_to_emoji=True
2025-06-29 23:14:06,315 - INFO - 🔍 Cache-Miss für home, suche Icon...
2025-06-29 23:14:06,315 - INFO - 🔍 Suche lokales Icon für: home
2025-06-29 23:14:06,315 - INFO - 📁 Lokaler Icon-Pfad gefunden: home -> C:\Users\sarah\Desktop\Checker\assets\icons\home.png
2025-06-29 23:14:06,315 - INFO - ✅ Lokale Icon-Datei existiert: C:\Users\sarah\Desktop\Checker\assets\icons\home.png
2025-06-29 23:14:06,316 - INFO - 🖼️ _load_image_icon aufgerufen: path='C:\Users\sarah\Desktop\Checker\assets\icons\home.png', size=(24, 24)
2025-06-29 23:14:06,316 - INFO - 📏 Zielgröße: (24, 24), Dateiname: home.png
2025-06-29 23:14:06,316 - INFO - ♻️ Verwende load_png_icon für assets-Pfad: C:\Users\sarah\Desktop\Checker\assets\icons\home.png
2025-06-29 23:14:06,316 - INFO - 🖼️ load_png_icon aufgerufen: filename='home.png', size=(24, 24)
2025-06-29 23:14:06,316 - INFO - 🔍 Cache-Miss für PNG-Icon: home.png
2025-06-29 23:14:06,317 - INFO - 🔍 Prüfe Pfad: C:\Users\sarah\Desktop\Checker\icons\home.png
2025-06-29 23:14:06,317 - INFO - ✅ Icon gefunden in Pfad: C:\Users\sarah\Desktop\Checker\icons
2025-06-29 23:14:06,317 - DEBUG - Icon gefunden in Pfad: C:\Users\sarah\Desktop\Checker\icons
2025-06-29 23:14:06,317 - INFO - ✅ Dateigröße OK: 1703 Bytes
2025-06-29 23:14:06,379 - INFO - 🔧 Temporäres Root-Window erstellt
2025-06-29 23:14:06,379 - INFO - 🔄 Lade PNG-Datei: C:\Users\sarah\Desktop\Checker\icons\home.png
2025-06-29 23:14:06,394 - DEBUG - STREAM b'IHDR' 16 13
2025-06-29 23:14:06,395 - DEBUG - STREAM b'pHYs' 41 9
2025-06-29 23:14:06,395 - DEBUG - STREAM b'IDAT' 62 1625
2025-06-29 23:14:06,395 - INFO - 📸 PNG geladen: (50, 50), Modus: RGBA
2025-06-29 23:14:06,395 - INFO - 🎨 RGBA-Konvertierung abgeschlossen
2025-06-29 23:14:06,395 - INFO - 📏 Skaliere PNG: (50, 50) -> (24, 24)
2025-06-29 23:14:06,395 - INFO - 🔄 Konvertiere PNG zu PhotoImage...
2025-06-29 23:14:06,395 - INFO - ✅ PNG-Icon erfolgreich geladen und gecacht: home.png
2025-06-29 23:14:06,395 - INFO - Icon 'home.png' erfolgreich geladen und skaliert von (50, 50) auf (24, 24)
2025-06-29 23:14:06,395 - INFO - ✅ Lokales Icon erfolgreich geladen: home
2025-06-29 23:14:06,395 - INFO - 💾 Icon in Cache gespeichert: home (Key: home_(24, 24)_light, Quelle: Local: C:\Users\sarah\Desktop\Checker\assets\icons\home.png)
2025-06-29 23:14:06,395 - INFO - 📍 get_icon() aufgerufen: icon_name='nonexistent', size=(24, 24), fallback_to_emoji=True
2025-06-29 23:14:06,395 - INFO - 🔍 Cache-Miss für nonexistent, suche Icon...
2025-06-29 23:14:06,402 - INFO - 🔍 Suche lokales Icon für: nonexistent
2025-06-29 23:14:06,402 - INFO - ❌ Kein lokaler Icon-Pfad gefunden für: nonexistent
2025-06-29 23:14:06,402 - INFO - 📋 Verfügbare lokale Icons (Beispiele): ['about', 'add-20', 'add_20', 'add-48', 'add_48', 'analytics', 'analyze_icon', 'analyze-icon', 'arrow_left', 'arrow-left']
2025-06-29 23:14:06,402 - INFO - 🔄 Prüfe Emoji-Fallback für: nonexistent
2025-06-29 23:14:06,402 - WARNING - ❌ Kein Emoji-Fallback verfügbar für: nonexistent
2025-06-29 23:14:06,403 - INFO - 📋 Verfügbare Emojis (Beispiele): ['home', 'search', 'settings', 'help', 'close', 'minimize', 'maximize', 'file', 'folder', 'document']
2025-06-29 23:14:06,403 - ERROR - ❌ KEIN ICON GEFUNDEN für: nonexistent
2025-06-29 23:14:06,403 - INFO - 🔧 Verfügbare Suchpfade: ['C:\\Users\\sarah\\Desktop\\Checker\\icons', 'C:\\Users\\sarah\\Desktop\\Checker\\assets', 'C:\\Users\\sarah\\Desktop\\Checker\\assets\\icons']
2025-06-29 23:14:06,403 - INFO - 🔧 Custom Icons: []
2025-06-29 23:14:06,403 - INFO - 🔧 Cache-Status: 1 Einträge
2025-06-29 23:14:06,404 - INFO - 🖼️ load_png_icon aufgerufen: filename='home.png', size=(32, 32)
2025-06-29 23:14:06,404 - INFO - 🔍 Cache-Miss für PNG-Icon: home.png
2025-06-29 23:14:06,404 - INFO - 🔍 Prüfe Pfad: C:\Users\sarah\Desktop\Checker\icons\home.png
2025-06-29 23:14:06,405 - INFO - ✅ Icon gefunden in Pfad: C:\Users\sarah\Desktop\Checker\icons
2025-06-29 23:14:06,405 - DEBUG - Icon gefunden in Pfad: C:\Users\sarah\Desktop\Checker\icons
2025-06-29 23:14:06,405 - INFO - ✅ Dateigröße OK: 1703 Bytes
2025-06-29 23:14:06,405 - INFO - 🔄 Lade PNG-Datei: C:\Users\sarah\Desktop\Checker\icons\home.png
2025-06-29 23:14:06,406 - DEBUG - STREAM b'IHDR' 16 13
2025-06-29 23:14:06,406 - DEBUG - STREAM b'pHYs' 41 9
2025-06-29 23:14:06,406 - DEBUG - STREAM b'IDAT' 62 1625
2025-06-29 23:14:06,406 - INFO - 📸 PNG geladen: (50, 50), Modus: RGBA
2025-06-29 23:14:06,407 - INFO - 🎨 RGBA-Konvertierung abgeschlossen
2025-06-29 23:14:06,409 - INFO - 📏 Skaliere PNG: (50, 50) -> (32, 32)
2025-06-29 23:14:06,409 - INFO - 🔄 Konvertiere PNG zu PhotoImage...
2025-06-29 23:14:06,411 - INFO - ✅ PNG-Icon erfolgreich geladen und gecacht: home.png
2025-06-29 23:14:06,413 - INFO - Icon 'home.png' erfolgreich geladen und skaliert von (50, 50) auf (32, 32)
2025-06-29 23:14:06,415 - INFO - 📍 get_icon() aufgerufen: icon_name='search', size=(16, 16), fallback_to_emoji=True
2025-06-29 23:14:06,416 - INFO - 🔍 Cache-Miss für search, suche Icon...
2025-06-29 23:14:06,417 - INFO - 🔍 Suche lokales Icon für: search
2025-06-29 23:14:06,417 - INFO - 📁 Lokaler Icon-Pfad gefunden: search -> C:\Users\sarah\Desktop\Checker\icons\search.png
2025-06-29 23:14:06,418 - INFO - ✅ Lokale Icon-Datei existiert: C:\Users\sarah\Desktop\Checker\icons\search.png
2025-06-29 23:14:06,418 - INFO - 🖼️ _load_image_icon aufgerufen: path='C:\Users\sarah\Desktop\Checker\icons\search.png', size=(16, 16)
2025-06-29 23:14:06,419 - INFO - 📏 Zielgröße: (16, 16), Dateiname: search.png
2025-06-29 23:14:06,420 - INFO - ✅ Icon-Datei OK: C:\Users\sarah\Desktop\Checker\icons\search.png (958 Bytes)
2025-06-29 23:14:06,420 - INFO - 🔄 Lade Bild: C:\Users\sarah\Desktop\Checker\icons\search.png
2025-06-29 23:14:06,421 - DEBUG - STREAM b'IHDR' 16 13
2025-06-29 23:14:06,422 - DEBUG - STREAM b'pHYs' 41 9
2025-06-29 23:14:06,422 - DEBUG - STREAM b'IDAT' 62 880
2025-06-29 23:14:06,422 - INFO - 📸 Bild geladen: (50, 50), Modus: RGBA
2025-06-29 23:14:06,422 - INFO - 🎨 RGBA-Konvertierung abgeschlossen: (50, 50)
2025-06-29 23:14:06,423 - INFO - 📏 Größe anpassen: (50, 50) -> (16, 16)
2025-06-29 23:14:06,423 - INFO - 🔄 Konvertiere zu PhotoImage...
2025-06-29 23:14:06,423 - INFO - ✅ Icon erfolgreich geladen und gecacht: C:\Users\sarah\Desktop\Checker\icons\search.png
2025-06-29 23:14:06,424 - INFO - ✅ Lokales Icon erfolgreich geladen: search
2025-06-29 23:14:06,424 - INFO - 💾 Icon in Cache gespeichert: search (Key: search_(16, 16)_light, Quelle: Local: C:\Users\sarah\Desktop\Checker\icons\search.png)
2025-06-29 23:14:06,424 - INFO - 📍 get_icon() aufgerufen: icon_name='search', size=(24, 24), fallback_to_emoji=True
2025-06-29 23:14:06,425 - INFO - 🔍 Cache-Miss für search, suche Icon...
2025-06-29 23:14:06,425 - INFO - 🔍 Suche lokales Icon für: search
2025-06-29 23:14:06,425 - INFO - 📁 Lokaler Icon-Pfad gefunden: search -> C:\Users\sarah\Desktop\Checker\icons\search.png
2025-06-29 23:14:06,425 - INFO - ✅ Lokale Icon-Datei existiert: C:\Users\sarah\Desktop\Checker\icons\search.png
2025-06-29 23:14:06,426 - INFO - 🖼️ _load_image_icon aufgerufen: path='C:\Users\sarah\Desktop\Checker\icons\search.png', size=(24, 24)
2025-06-29 23:14:06,426 - INFO - 📏 Zielgröße: (24, 24), Dateiname: search.png
2025-06-29 23:14:06,426 - INFO - ✅ Icon-Datei OK: C:\Users\sarah\Desktop\Checker\icons\search.png (958 Bytes)
2025-06-29 23:14:06,426 - INFO - 🔄 Lade Bild: C:\Users\sarah\Desktop\Checker\icons\search.png
2025-06-29 23:14:06,426 - DEBUG - STREAM b'IHDR' 16 13
2025-06-29 23:14:06,426 - DEBUG - STREAM b'pHYs' 41 9
2025-06-29 23:14:06,426 - DEBUG - STREAM b'IDAT' 62 880
2025-06-29 23:14:06,426 - INFO - 📸 Bild geladen: (50, 50), Modus: RGBA
2025-06-29 23:14:06,426 - INFO - 🎨 RGBA-Konvertierung abgeschlossen: (50, 50)
2025-06-29 23:14:06,426 - INFO - 📏 Größe anpassen: (50, 50) -> (24, 24)
2025-06-29 23:14:06,426 - INFO - 🔄 Konvertiere zu PhotoImage...
2025-06-29 23:14:06,426 - INFO - ✅ Icon erfolgreich geladen und gecacht: C:\Users\sarah\Desktop\Checker\icons\search.png
2025-06-29 23:14:06,426 - INFO - ✅ Lokales Icon erfolgreich geladen: search
2025-06-29 23:14:06,426 - INFO - 💾 Icon in Cache gespeichert: search (Key: search_(24, 24)_light, Quelle: Local: C:\Users\sarah\Desktop\Checker\icons\search.png)
2025-06-29 23:14:06,426 - INFO - 📍 get_icon() aufgerufen: icon_name='search', size=(32, 32), fallback_to_emoji=True
2025-06-29 23:14:06,426 - INFO - 🔍 Cache-Miss für search, suche Icon...
2025-06-29 23:14:06,426 - INFO - 🔍 Suche lokales Icon für: search
2025-06-29 23:14:06,426 - INFO - 📁 Lokaler Icon-Pfad gefunden: search -> C:\Users\sarah\Desktop\Checker\icons\search.png
2025-06-29 23:14:06,426 - INFO - ✅ Lokale Icon-Datei existiert: C:\Users\sarah\Desktop\Checker\icons\search.png
2025-06-29 23:14:06,426 - INFO - 🖼️ _load_image_icon aufgerufen: path='C:\Users\sarah\Desktop\Checker\icons\search.png', size=(32, 32)
2025-06-29 23:14:06,426 - INFO - 📏 Zielgröße: (32, 32), Dateiname: search.png
2025-06-29 23:14:06,426 - INFO - ✅ Icon-Datei OK: C:\Users\sarah\Desktop\Checker\icons\search.png (958 Bytes)
2025-06-29 23:14:06,426 - INFO - 🔄 Lade Bild: C:\Users\sarah\Desktop\Checker\icons\search.png
2025-06-29 23:14:06,431 - DEBUG - STREAM b'IHDR' 16 13
2025-06-29 23:14:06,431 - DEBUG - STREAM b'pHYs' 41 9
2025-06-29 23:14:06,431 - DEBUG - STREAM b'IDAT' 62 880
2025-06-29 23:14:06,431 - INFO - 📸 Bild geladen: (50, 50), Modus: RGBA
2025-06-29 23:14:06,432 - INFO - 🎨 RGBA-Konvertierung abgeschlossen: (50, 50)
2025-06-29 23:14:06,432 - INFO - 📏 Größe anpassen: (50, 50) -> (32, 32)
2025-06-29 23:14:06,432 - INFO - 🔄 Konvertiere zu PhotoImage...
2025-06-29 23:14:06,433 - INFO - ✅ Icon erfolgreich geladen und gecacht: C:\Users\sarah\Desktop\Checker\icons\search.png
2025-06-29 23:14:06,433 - INFO - ✅ Lokales Icon erfolgreich geladen: search
2025-06-29 23:14:06,433 - INFO - 💾 Icon in Cache gespeichert: search (Key: search_(32, 32)_light, Quelle: Local: C:\Users\sarah\Desktop\Checker\icons\search.png)
2025-06-29 23:14:06,433 - INFO - 📍 get_icon() aufgerufen: icon_name='search', size=(16, 16), fallback_to_emoji=True
2025-06-29 23:14:06,433 - INFO - ✅ Icon aus Cache geladen: search (Cache-Key: search_(16, 16)_light)
2025-06-29 23:14:06,435 - INFO - Icon-Cache geleert
