2025-06-29 23:02:27,209 - __main__ - INFO - Realer App Icon Debug Test gestartet
2025-06-29 23:02:27,210 - __main__ - INFO - === Starting Real App Icon Debug Test ===
2025-06-29 23:02:27,255 - __main__ - INFO - CheckerApp erfolgreich importiert
2025-06-29 23:02:27,383 - __main__ - INFO - Erstelle echte Checker-App...
2025-06-29 23:02:27,384 - __main__ - ERROR - Test-Fehler: CheckerApp.__init__() takes 1 positional argument but 2 were given
2025-06-29 23:02:27,388 - __main__ - DEBUG - Traceback: Traceback (most recent call last):
  File "C:\Users\sarah\Desktop\Checker\real_app_icon_debug_test.py", line 73, in test_real_app_icons
    app = CheckerApp(root)
          ^^^^^^^^^^^^^^^^
TypeError: CheckerApp.__init__() takes 1 positional argument but 2 were given

2025-06-29 23:02:27,388 - __main__ - ERROR - Real App Icon Debug Test fehlgeschlagen
2025-06-29 23:03:16,734 - __main__ - INFO - Realer App Icon Debug Test gestartet
2025-06-29 23:03:16,734 - __main__ - INFO - === Starting Real App Icon Debug Test ===
2025-06-29 23:03:16,774 - __main__ - INFO - CheckerApp erfolgreich importiert
2025-06-29 23:03:16,863 - __main__ - INFO - Erstelle echte Checker-App...
2025-06-29 23:03:16,864 - checker_app - INFO - Logging-System initialisiert.
2025-06-29 23:03:16,925 - root - DEBUG - Gescannte Icons: ['about', 'add-20', 'add_20', 'add-48', 'add_48', 'analytics', 'analyze_icon', 'analyze-icon', 'arrow_left', 'arrow-left', 'bookmark', 'calendar', 'certificate', 'chain', 'check-all-20', 'check_all_20', 'check-all-48', 'check_all_48', 'check-mark', 'check_mark', 'check', 'check_all', 'check-all', 'clock', 'close', 'connect', 'doc-file', 'doc_file', 'done', 'download', 'edit', 'error', 'export', 'export_icon', 'export-icon', 'favorites', 'file_icon', 'file-icon', 'folder', 'folder_icon', 'folder-icon', 'folder_open', 'folder-open', 'help_icon', 'help-icon', 'home', 'idea', 'image-file', 'image_file', 'import', 'info', 'key', 'link', 'load_icon', 'load-icon', 'lock', 'mailbox', 'menu', 'notification', 'opened-folder', 'opened_folder', 'options_icon', 'options-icon', 'padlock', 'pdf-file', 'pdf_file', 'pdf', 'person', 'picture', 'pin', 'play', 'plus', 'print', 'puzzle', 'quality', 'quit_icon', 'quit-icon', 'refresh', 'report_icon', 'report-icon', 'restart', 'rocket', 'save', 'save_icon', 'save-icon', 'search', 'settings', 'share', 'speech-bubble', 'speech_bubble', 'spell-check-20', 'spell_check_20', 'spell-check-48', 'spell_check_48', 'star', 'success', 'tag', 'theme', 'tick-box', 'tick_box', 'toolbox', 'trash-can', 'trash_can', 'txt-file', 'txt_file', 'upload', 'user', 'workflow', 'file']
2025-06-29 23:03:16,926 - root - INFO - Enhanced FluentIconManager initialisiert mit Workspace: C:\Users\sarah\Desktop\Checker
2025-06-29 23:03:16,926 - root - DEBUG - Icon-Pfade: ['C:\\Users\\sarah\\Desktop\\Checker\\icons', 'C:\\Users\\sarah\\Desktop\\Checker\\assets', 'C:\\Users\\sarah\\Desktop\\Checker\\assets\\icons']
2025-06-29 23:03:16,926 - root - DEBUG - Verfügbare lokale Icons: 109
2025-06-29 23:03:16,944 - PIL.PngImagePlugin - DEBUG - STREAM b'IHDR' 16 13
2025-06-29 23:03:16,944 - PIL.PngImagePlugin - DEBUG - STREAM b'pHYs' 41 9
2025-06-29 23:03:16,944 - PIL.PngImagePlugin - DEBUG - STREAM b'IDAT' 62 1646
2025-06-29 23:03:16,945 - PIL.PngImagePlugin - DEBUG - STREAM b'IHDR' 16 13
2025-06-29 23:03:16,945 - PIL.PngImagePlugin - DEBUG - STREAM b'pHYs' 41 9
2025-06-29 23:03:16,945 - PIL.PngImagePlugin - DEBUG - STREAM b'IDAT' 62 587
2025-06-29 23:03:16,946 - PIL.PngImagePlugin - DEBUG - STREAM b'IHDR' 16 13
2025-06-29 23:03:16,946 - PIL.PngImagePlugin - DEBUG - STREAM b'pHYs' 41 9
2025-06-29 23:03:16,946 - PIL.PngImagePlugin - DEBUG - STREAM b'IDAT' 62 1232
2025-06-29 23:03:16,946 - PIL.PngImagePlugin - DEBUG - STREAM b'IHDR' 16 13
2025-06-29 23:03:16,947 - PIL.PngImagePlugin - DEBUG - STREAM b'IDAT' 41 330
2025-06-29 23:03:16,947 - PIL.PngImagePlugin - DEBUG - STREAM b'IHDR' 16 13
2025-06-29 23:03:16,947 - PIL.PngImagePlugin - DEBUG - STREAM b'IDAT' 41 74
2025-06-29 23:03:16,947 - PIL.PngImagePlugin - DEBUG - STREAM b'IHDR' 16 13
2025-06-29 23:03:16,948 - PIL.PngImagePlugin - DEBUG - STREAM b'IDAT' 41 278
2025-06-29 23:03:16,948 - PIL.PngImagePlugin - DEBUG - STREAM b'IHDR' 16 13
2025-06-29 23:03:16,948 - PIL.PngImagePlugin - DEBUG - STREAM b'pHYs' 41 9
2025-06-29 23:03:16,949 - PIL.PngImagePlugin - DEBUG - STREAM b'IDAT' 62 1080
2025-06-29 23:03:16,949 - PIL.PngImagePlugin - DEBUG - STREAM b'IHDR' 16 13
2025-06-29 23:03:16,949 - PIL.PngImagePlugin - DEBUG - STREAM b'IDAT' 41 136
2025-06-29 23:03:16,950 - PIL.PngImagePlugin - DEBUG - STREAM b'IHDR' 16 13
2025-06-29 23:03:16,950 - PIL.PngImagePlugin - DEBUG - STREAM b'IDAT' 41 236
2025-06-29 23:03:16,950 - PIL.PngImagePlugin - DEBUG - STREAM b'IHDR' 16 13
2025-06-29 23:03:16,950 - PIL.PngImagePlugin - DEBUG - STREAM b'IDAT' 41 129
2025-06-29 23:03:16,950 - PIL.PngImagePlugin - DEBUG - STREAM b'IHDR' 16 13
2025-06-29 23:03:16,951 - PIL.PngImagePlugin - DEBUG - STREAM b'pHYs' 41 9
2025-06-29 23:03:16,951 - PIL.PngImagePlugin - DEBUG - STREAM b'IDAT' 62 501
2025-06-29 23:03:16,951 - PIL.PngImagePlugin - DEBUG - STREAM b'IHDR' 16 13
2025-06-29 23:03:16,951 - PIL.PngImagePlugin - DEBUG - STREAM b'pHYs' 41 9
2025-06-29 23:03:16,951 - PIL.PngImagePlugin - DEBUG - STREAM b'IDAT' 62 1055
2025-06-29 23:03:16,952 - PIL.PngImagePlugin - DEBUG - STREAM b'IHDR' 16 13
2025-06-29 23:03:16,952 - PIL.PngImagePlugin - DEBUG - STREAM b'pHYs' 41 9
2025-06-29 23:03:16,952 - PIL.PngImagePlugin - DEBUG - STREAM b'IDAT' 62 1295
2025-06-29 23:03:16,952 - PIL.PngImagePlugin - DEBUG - STREAM b'IHDR' 16 13
2025-06-29 23:03:16,952 - PIL.PngImagePlugin - DEBUG - STREAM b'IDAT' 41 610
2025-06-29 23:03:16,953 - PIL.PngImagePlugin - DEBUG - STREAM b'IHDR' 16 13
2025-06-29 23:03:16,953 - PIL.PngImagePlugin - DEBUG - STREAM b'pHYs' 41 9
2025-06-29 23:03:16,953 - PIL.PngImagePlugin - DEBUG - STREAM b'IDAT' 62 1398
2025-06-29 23:03:16,953 - PIL.PngImagePlugin - DEBUG - STREAM b'IHDR' 16 13
2025-06-29 23:03:16,953 - PIL.PngImagePlugin - DEBUG - STREAM b'pHYs' 41 9
2025-06-29 23:03:16,954 - PIL.PngImagePlugin - DEBUG - STREAM b'IDAT' 62 2901
2025-06-29 23:03:16,954 - PIL.PngImagePlugin - DEBUG - STREAM b'IHDR' 16 13
2025-06-29 23:03:16,955 - PIL.PngImagePlugin - DEBUG - STREAM b'pHYs' 41 9
2025-06-29 23:03:16,955 - PIL.PngImagePlugin - DEBUG - STREAM b'IDAT' 62 785
2025-06-29 23:03:16,956 - PIL.PngImagePlugin - DEBUG - STREAM b'IHDR' 16 13
2025-06-29 23:03:16,957 - PIL.PngImagePlugin - DEBUG - STREAM b'pHYs' 41 9
2025-06-29 23:03:16,957 - PIL.PngImagePlugin - DEBUG - STREAM b'IDAT' 62 1220
2025-06-29 23:03:16,957 - PIL.PngImagePlugin - DEBUG - STREAM b'IHDR' 16 13
2025-06-29 23:03:16,958 - PIL.PngImagePlugin - DEBUG - STREAM b'IDAT' 41 513
2025-06-29 23:03:16,958 - PIL.PngImagePlugin - DEBUG - STREAM b'IHDR' 16 13
2025-06-29 23:03:16,958 - PIL.PngImagePlugin - DEBUG - STREAM b'pHYs' 41 9
2025-06-29 23:03:16,959 - PIL.PngImagePlugin - DEBUG - STREAM b'IDAT' 62 751
2025-06-29 23:03:16,959 - PIL.PngImagePlugin - DEBUG - STREAM b'IHDR' 16 13
2025-06-29 23:03:16,959 - PIL.PngImagePlugin - DEBUG - STREAM b'IDAT' 41 133
2025-06-29 23:03:16,959 - PIL.PngImagePlugin - DEBUG - STREAM b'IHDR' 16 13
2025-06-29 23:03:16,960 - PIL.PngImagePlugin - DEBUG - STREAM b'pHYs' 41 9
2025-06-29 23:03:16,960 - PIL.PngImagePlugin - DEBUG - STREAM b'IDAT' 62 511
2025-06-29 23:03:16,960 - PIL.PngImagePlugin - DEBUG - STREAM b'IHDR' 16 13
2025-06-29 23:03:16,961 - PIL.PngImagePlugin - DEBUG - STREAM b'IDAT' 41 862
2025-06-29 23:03:16,961 - PIL.PngImagePlugin - DEBUG - STREAM b'IHDR' 16 13
2025-06-29 23:03:16,961 - PIL.PngImagePlugin - DEBUG - STREAM b'IDAT' 41 313
2025-06-29 23:03:16,961 - PIL.PngImagePlugin - DEBUG - STREAM b'IHDR' 16 13
2025-06-29 23:03:16,962 - PIL.PngImagePlugin - DEBUG - STREAM b'IDAT' 41 293
2025-06-29 23:03:16,962 - PIL.PngImagePlugin - DEBUG - STREAM b'IHDR' 16 13
2025-06-29 23:03:16,962 - PIL.PngImagePlugin - DEBUG - STREAM b'pHYs' 41 9
2025-06-29 23:03:16,963 - PIL.PngImagePlugin - DEBUG - STREAM b'IDAT' 62 1052
2025-06-29 23:03:16,963 - PIL.PngImagePlugin - DEBUG - STREAM b'IHDR' 16 13
2025-06-29 23:03:16,964 - PIL.PngImagePlugin - DEBUG - STREAM b'IDAT' 41 263
2025-06-29 23:03:16,964 - PIL.PngImagePlugin - DEBUG - STREAM b'IHDR' 16 13
2025-06-29 23:03:16,964 - PIL.PngImagePlugin - DEBUG - STREAM b'pHYs' 41 9
2025-06-29 23:03:16,964 - PIL.PngImagePlugin - DEBUG - STREAM b'IDAT' 62 2112
2025-06-29 23:03:16,965 - PIL.PngImagePlugin - DEBUG - STREAM b'IHDR' 16 13
2025-06-29 23:03:16,965 - PIL.PngImagePlugin - DEBUG - STREAM b'IDAT' 41 275
2025-06-29 23:03:16,965 - PIL.PngImagePlugin - DEBUG - STREAM b'IHDR' 16 13
2025-06-29 23:03:16,965 - PIL.PngImagePlugin - DEBUG - STREAM b'IDAT' 41 616
2025-06-29 23:03:16,966 - PIL.PngImagePlugin - DEBUG - STREAM b'IHDR' 16 13
2025-06-29 23:03:16,966 - PIL.PngImagePlugin - DEBUG - STREAM b'IDAT' 41 1280
2025-06-29 23:03:16,966 - PIL.PngImagePlugin - DEBUG - STREAM b'IHDR' 16 13
2025-06-29 23:03:16,966 - PIL.PngImagePlugin - DEBUG - STREAM b'pHYs' 41 9
2025-06-29 23:03:16,967 - PIL.PngImagePlugin - DEBUG - STREAM b'IDAT' 62 1625
2025-06-29 23:03:16,967 - PIL.PngImagePlugin - DEBUG - STREAM b'IHDR' 16 13
2025-06-29 23:03:16,967 - PIL.PngImagePlugin - DEBUG - STREAM b'pHYs' 41 9
2025-06-29 23:03:16,967 - PIL.PngImagePlugin - DEBUG - STREAM b'IDAT' 62 1944
2025-06-29 23:03:16,967 - PIL.PngImagePlugin - DEBUG - STREAM b'IHDR' 16 13
2025-06-29 23:03:16,968 - PIL.PngImagePlugin - DEBUG - STREAM b'pHYs' 41 9
2025-06-29 23:03:16,968 - PIL.PngImagePlugin - DEBUG - STREAM b'IDAT' 62 619
2025-06-29 23:03:16,968 - PIL.PngImagePlugin - DEBUG - STREAM b'IHDR' 16 13
2025-06-29 23:03:16,968 - PIL.PngImagePlugin - DEBUG - STREAM b'IDAT' 41 139
2025-06-29 23:03:16,968 - PIL.PngImagePlugin - DEBUG - STREAM b'IHDR' 16 13
2025-06-29 23:03:16,969 - PIL.PngImagePlugin - DEBUG - STREAM b'pHYs' 41 9
2025-06-29 23:03:16,969 - PIL.PngImagePlugin - DEBUG - STREAM b'IDAT' 62 1478
2025-06-29 23:03:16,969 - PIL.PngImagePlugin - DEBUG - STREAM b'IHDR' 16 13
2025-06-29 23:03:16,969 - PIL.PngImagePlugin - DEBUG - STREAM b'pHYs' 41 9
2025-06-29 23:03:16,969 - PIL.PngImagePlugin - DEBUG - STREAM b'IDAT' 62 796
2025-06-29 23:03:16,970 - PIL.PngImagePlugin - DEBUG - STREAM b'IHDR' 16 13
2025-06-29 23:03:16,970 - PIL.PngImagePlugin - DEBUG - STREAM b'IDAT' 41 129
2025-06-29 23:03:16,970 - PIL.PngImagePlugin - DEBUG - STREAM b'IHDR' 16 13
2025-06-29 23:03:16,970 - PIL.PngImagePlugin - DEBUG - STREAM b'IDAT' 41 280
2025-06-29 23:03:16,970 - PIL.PngImagePlugin - DEBUG - STREAM b'IHDR' 16 13
2025-06-29 23:03:16,971 - PIL.PngImagePlugin - DEBUG - STREAM b'pHYs' 41 9
2025-06-29 23:03:16,971 - PIL.PngImagePlugin - DEBUG - STREAM b'IDAT' 62 841
2025-06-29 23:03:16,971 - PIL.PngImagePlugin - DEBUG - STREAM b'IHDR' 16 13
2025-06-29 23:03:16,971 - PIL.PngImagePlugin - DEBUG - STREAM b'pHYs' 41 9
2025-06-29 23:03:16,971 - PIL.PngImagePlugin - DEBUG - STREAM b'IDAT' 62 1030
2025-06-29 23:03:16,972 - PIL.PngImagePlugin - DEBUG - STREAM b'IHDR' 16 13
2025-06-29 23:03:16,972 - PIL.PngImagePlugin - DEBUG - STREAM b'pHYs' 41 9
2025-06-29 23:03:16,972 - PIL.PngImagePlugin - DEBUG - STREAM b'IDAT' 62 644
2025-06-29 23:03:16,972 - PIL.PngImagePlugin - DEBUG - STREAM b'IHDR' 16 13
2025-06-29 23:03:16,972 - PIL.PngImagePlugin - DEBUG - STREAM b'IDAT' 41 134
2025-06-29 23:03:16,973 - PIL.PngImagePlugin - DEBUG - STREAM b'IHDR' 16 13
2025-06-29 23:03:16,973 - PIL.PngImagePlugin - DEBUG - STREAM b'pHYs' 41 9
2025-06-29 23:03:16,973 - PIL.PngImagePlugin - DEBUG - STREAM b'IDAT' 62 661
2025-06-29 23:03:16,973 - PIL.PngImagePlugin - DEBUG - STREAM b'IHDR' 16 13
2025-06-29 23:03:16,973 - PIL.PngImagePlugin - DEBUG - STREAM b'IDAT' 41 270
2025-06-29 23:03:16,974 - PIL.PngImagePlugin - DEBUG - STREAM b'IHDR' 16 13
2025-06-29 23:03:16,974 - PIL.PngImagePlugin - DEBUG - STREAM b'pHYs' 41 9
2025-06-29 23:03:16,974 - PIL.PngImagePlugin - DEBUG - STREAM b'IDAT' 62 804
2025-06-29 23:03:16,974 - PIL.PngImagePlugin - DEBUG - STREAM b'IHDR' 16 13
2025-06-29 23:03:16,974 - PIL.PngImagePlugin - DEBUG - STREAM b'IDAT' 41 341
2025-06-29 23:03:16,974 - PIL.PngImagePlugin - DEBUG - STREAM b'IHDR' 16 13
2025-06-29 23:03:16,975 - PIL.PngImagePlugin - DEBUG - STREAM b'IDAT' 41 580
2025-06-29 23:03:16,975 - PIL.PngImagePlugin - DEBUG - STREAM b'IHDR' 16 13
2025-06-29 23:03:16,975 - PIL.PngImagePlugin - DEBUG - STREAM b'IDAT' 41 504
2025-06-29 23:03:16,975 - PIL.PngImagePlugin - DEBUG - STREAM b'IHDR' 16 13
2025-06-29 23:03:16,976 - PIL.PngImagePlugin - DEBUG - STREAM b'pHYs' 41 9
2025-06-29 23:03:16,976 - PIL.PngImagePlugin - DEBUG - STREAM b'IDAT' 62 1067
2025-06-29 23:03:16,976 - PIL.PngImagePlugin - DEBUG - STREAM b'IHDR' 16 13
2025-06-29 23:03:16,976 - PIL.PngImagePlugin - DEBUG - STREAM b'IDAT' 41 174
2025-06-29 23:03:16,976 - PIL.PngImagePlugin - DEBUG - STREAM b'IHDR' 16 13
2025-06-29 23:03:16,977 - PIL.PngImagePlugin - DEBUG - STREAM b'pHYs' 41 9
2025-06-29 23:03:16,977 - PIL.PngImagePlugin - DEBUG - STREAM b'IDAT' 62 236
2025-06-29 23:03:16,977 - PIL.PngImagePlugin - DEBUG - STREAM b'IHDR' 16 13
2025-06-29 23:03:16,977 - PIL.PngImagePlugin - DEBUG - STREAM b'pHYs' 41 9
2025-06-29 23:03:16,977 - PIL.PngImagePlugin - DEBUG - STREAM b'IDAT' 62 1647
2025-06-29 23:03:16,978 - PIL.PngImagePlugin - DEBUG - STREAM b'IHDR' 16 13
2025-06-29 23:03:16,978 - PIL.PngImagePlugin - DEBUG - STREAM b'pHYs' 41 9
2025-06-29 23:03:16,978 - PIL.PngImagePlugin - DEBUG - STREAM b'IDAT' 62 715
2025-06-29 23:03:16,978 - PIL.PngImagePlugin - DEBUG - STREAM b'IHDR' 16 13
2025-06-29 23:03:16,978 - PIL.PngImagePlugin - DEBUG - STREAM b'IDAT' 41 164
2025-06-29 23:03:16,978 - PIL.PngImagePlugin - DEBUG - STREAM b'IHDR' 16 13
2025-06-29 23:03:16,979 - PIL.PngImagePlugin - DEBUG - STREAM b'IDAT' 41 203
2025-06-29 23:03:16,979 - PIL.PngImagePlugin - DEBUG - STREAM b'IHDR' 16 13
2025-06-29 23:03:16,979 - PIL.PngImagePlugin - DEBUG - STREAM b'IDAT' 41 713
2025-06-29 23:03:16,979 - PIL.PngImagePlugin - DEBUG - STREAM b'IHDR' 16 13
2025-06-29 23:03:16,979 - PIL.PngImagePlugin - DEBUG - STREAM b'IDAT' 41 203
2025-06-29 23:03:16,980 - PIL.PngImagePlugin - DEBUG - STREAM b'IHDR' 16 13
2025-06-29 23:03:16,980 - PIL.PngImagePlugin - DEBUG - STREAM b'pHYs' 41 9
2025-06-29 23:03:16,980 - PIL.PngImagePlugin - DEBUG - STREAM b'IDAT' 62 1806
2025-06-29 23:03:16,980 - PIL.PngImagePlugin - DEBUG - STREAM b'IHDR' 16 13
2025-06-29 23:03:16,981 - PIL.PngImagePlugin - DEBUG - STREAM b'IDAT' 41 200
2025-06-29 23:03:16,981 - PIL.PngImagePlugin - DEBUG - STREAM b'IHDR' 16 13
2025-06-29 23:03:16,981 - PIL.PngImagePlugin - DEBUG - STREAM b'IDAT' 41 321
2025-06-29 23:03:16,981 - PIL.PngImagePlugin - DEBUG - STREAM b'IHDR' 16 13
2025-06-29 23:03:16,981 - PIL.PngImagePlugin - DEBUG - STREAM b'IDAT' 41 270
2025-06-29 23:03:16,982 - PIL.PngImagePlugin - DEBUG - STREAM b'IHDR' 16 13
2025-06-29 23:03:16,982 - PIL.PngImagePlugin - DEBUG - STREAM b'pHYs' 41 9
2025-06-29 23:03:16,982 - PIL.PngImagePlugin - DEBUG - STREAM b'IDAT' 62 880
2025-06-29 23:03:16,982 - PIL.PngImagePlugin - DEBUG - STREAM b'IHDR' 16 13
2025-06-29 23:03:16,983 - PIL.PngImagePlugin - DEBUG - STREAM b'pHYs' 41 9
2025-06-29 23:03:16,983 - PIL.PngImagePlugin - DEBUG - STREAM b'IDAT' 62 1745
2025-06-29 23:03:16,983 - PIL.PngImagePlugin - DEBUG - STREAM b'IHDR' 16 13
2025-06-29 23:03:16,983 - PIL.PngImagePlugin - DEBUG - STREAM b'pHYs' 41 9
2025-06-29 23:03:16,983 - PIL.PngImagePlugin - DEBUG - STREAM b'IDAT' 62 1286
2025-06-29 23:03:16,984 - PIL.PngImagePlugin - DEBUG - STREAM b'IHDR' 16 13
2025-06-29 23:03:16,984 - PIL.PngImagePlugin - DEBUG - STREAM b'pHYs' 41 9
2025-06-29 23:03:16,984 - PIL.PngImagePlugin - DEBUG - STREAM b'IDAT' 62 1085
2025-06-29 23:03:16,984 - PIL.PngImagePlugin - DEBUG - STREAM b'IHDR' 16 13
2025-06-29 23:03:16,984 - PIL.PngImagePlugin - DEBUG - STREAM b'pHYs' 41 9
2025-06-29 23:03:16,984 - PIL.PngImagePlugin - DEBUG - STREAM b'IDAT' 62 544
2025-06-29 23:03:16,985 - PIL.PngImagePlugin - DEBUG - STREAM b'IHDR' 16 13
2025-06-29 23:03:16,985 - PIL.PngImagePlugin - DEBUG - STREAM b'pHYs' 41 9
2025-06-29 23:03:16,985 - PIL.PngImagePlugin - DEBUG - STREAM b'IDAT' 62 1180
2025-06-29 23:03:16,985 - PIL.PngImagePlugin - DEBUG - STREAM b'IHDR' 16 13
2025-06-29 23:03:16,986 - PIL.PngImagePlugin - DEBUG - STREAM b'IDAT' 41 362
2025-06-29 23:03:16,986 - PIL.PngImagePlugin - DEBUG - STREAM b'IHDR' 16 13
2025-06-29 23:03:16,986 - PIL.PngImagePlugin - DEBUG - STREAM b'IDAT' 41 690
2025-06-29 23:03:16,986 - PIL.PngImagePlugin - DEBUG - STREAM b'IHDR' 16 13
2025-06-29 23:03:16,987 - PIL.PngImagePlugin - DEBUG - STREAM b'IDAT' 41 135
2025-06-29 23:03:16,987 - PIL.PngImagePlugin - DEBUG - STREAM b'IHDR' 16 13
2025-06-29 23:03:16,987 - PIL.PngImagePlugin - DEBUG - STREAM b'IDAT' 41 965
2025-06-29 23:03:16,988 - PIL.PngImagePlugin - DEBUG - STREAM b'IHDR' 16 13
2025-06-29 23:03:16,988 - PIL.PngImagePlugin - DEBUG - STREAM b'pHYs' 41 9
2025-06-29 23:03:16,988 - PIL.PngImagePlugin - DEBUG - STREAM b'IDAT' 62 999
2025-06-29 23:03:16,988 - PIL.PngImagePlugin - DEBUG - STREAM b'IHDR' 16 13
2025-06-29 23:03:16,988 - PIL.PngImagePlugin - DEBUG - STREAM b'pHYs' 41 9
2025-06-29 23:03:16,989 - PIL.PngImagePlugin - DEBUG - STREAM b'IDAT' 62 565
2025-06-29 23:03:16,989 - PIL.PngImagePlugin - DEBUG - STREAM b'IHDR' 16 13
2025-06-29 23:03:16,989 - PIL.PngImagePlugin - DEBUG - STREAM b'pHYs' 41 9
2025-06-29 23:03:16,989 - PIL.PngImagePlugin - DEBUG - STREAM b'IDAT' 62 980
2025-06-29 23:03:16,990 - PIL.PngImagePlugin - DEBUG - STREAM b'IHDR' 16 13
2025-06-29 23:03:16,990 - PIL.PngImagePlugin - DEBUG - STREAM b'IDAT' 41 285
2025-06-29 23:03:16,991 - PIL.PngImagePlugin - DEBUG - STREAM b'IHDR' 16 13
2025-06-29 23:03:16,991 - PIL.PngImagePlugin - DEBUG - STREAM b'IDAT' 41 118
2025-06-29 23:03:16,991 - PIL.PngImagePlugin - DEBUG - STREAM b'IHDR' 16 13
2025-06-29 23:03:16,991 - PIL.PngImagePlugin - DEBUG - STREAM b'IDAT' 41 504
2025-06-29 23:03:16,992 - PIL.PngImagePlugin - DEBUG - STREAM b'IHDR' 16 13
2025-06-29 23:03:16,992 - PIL.PngImagePlugin - DEBUG - STREAM b'IDAT' 41 191
2025-06-29 23:03:16,997 - __main__ - INFO - Verwende App-eigenes root
2025-06-29 23:03:16,998 - __main__ - INFO - Icon-Manager gefunden: <class 'fluent_icons_manager.EnhancedFluentIconManager'>
2025-06-29 23:03:16,998 - __main__ - INFO - === Testing Real App Icons ===
2025-06-29 23:03:16,998 - root - DEBUG - Icon gefunden in Pfad: C:\Users\sarah\Desktop\Checker\icons
2025-06-29 23:03:16,998 - PIL.PngImagePlugin - DEBUG - STREAM b'IHDR' 16 13
2025-06-29 23:03:16,998 - PIL.PngImagePlugin - DEBUG - STREAM b'pHYs' 41 9
2025-06-29 23:03:16,999 - PIL.PngImagePlugin - DEBUG - STREAM b'IDAT' 62 1625
2025-06-29 23:03:17,004 - root - INFO - Icon 'home.png' erfolgreich geladen und skaliert von (50, 50) auf (24, 24)
2025-06-29 23:03:17,004 - root - DEBUG - Lokales Icon verwendet: home -> C:\Users\sarah\Desktop\Checker\assets\icons\home.png
2025-06-29 23:03:17,011 - __main__ - INFO - SUCCESS: Icon 'home' loaded - Type: <class 'customtkinter.windows.widgets.image.ctk_image.CTkImage'>
2025-06-29 23:03:17,011 - __main__ - INFO -   - Has _light_image: <class 'PIL.Image.Image'>
2025-06-29 23:03:17,011 - __main__ - INFO -   - CTkImage size: (24, 24)
2025-06-29 23:03:17,012 - root - DEBUG - Icon gefunden in Pfad: C:\Users\sarah\Desktop\Checker\icons
2025-06-29 23:03:17,012 - PIL.PngImagePlugin - DEBUG - STREAM b'IHDR' 16 13
2025-06-29 23:03:17,012 - PIL.PngImagePlugin - DEBUG - STREAM b'pHYs' 41 9
2025-06-29 23:03:17,012 - PIL.PngImagePlugin - DEBUG - STREAM b'IDAT' 62 1745
2025-06-29 23:03:17,013 - root - INFO - Icon 'settings.png' erfolgreich geladen und skaliert von (50, 50) auf (24, 24)
2025-06-29 23:03:17,013 - root - DEBUG - Lokales Icon verwendet: settings -> C:\Users\sarah\Desktop\Checker\assets\icons\settings.png
2025-06-29 23:03:17,014 - __main__ - INFO - SUCCESS: Icon 'settings' loaded - Type: <class 'customtkinter.windows.widgets.image.ctk_image.CTkImage'>
2025-06-29 23:03:17,014 - __main__ - INFO -   - Has _light_image: <class 'PIL.Image.Image'>
2025-06-29 23:03:17,015 - __main__ - INFO -   - CTkImage size: (24, 24)
2025-06-29 23:03:17,015 - PIL.PngImagePlugin - DEBUG - STREAM b'IHDR' 16 13
2025-06-29 23:03:17,015 - PIL.PngImagePlugin - DEBUG - STREAM b'IDAT' 41 200
2025-06-29 23:03:17,016 - root - DEBUG - Lokales Icon verwendet: rocket -> C:\Users\sarah\Desktop\Checker\icons\rocket.png
2025-06-29 23:03:17,017 - __main__ - INFO - SUCCESS: Icon 'rocket' loaded - Type: <class 'customtkinter.windows.widgets.image.ctk_image.CTkImage'>
2025-06-29 23:03:17,017 - __main__ - INFO -   - Has _light_image: <class 'PIL.Image.Image'>
2025-06-29 23:03:17,017 - __main__ - INFO -   - CTkImage size: (24, 24)
2025-06-29 23:03:17,018 - PIL.PngImagePlugin - DEBUG - STREAM b'IHDR' 16 13
2025-06-29 23:03:17,018 - PIL.PngImagePlugin - DEBUG - STREAM b'IDAT' 41 263
2025-06-29 23:03:17,019 - root - DEBUG - Lokales Icon verwendet: file_icon -> C:\Users\sarah\Desktop\Checker\icons\file_icon.png
2025-06-29 23:03:17,020 - __main__ - INFO - SUCCESS: Icon 'file_icon' loaded - Type: <class 'customtkinter.windows.widgets.image.ctk_image.CTkImage'>
2025-06-29 23:03:17,020 - __main__ - INFO -   - Has _light_image: <class 'PIL.Image.Image'>
2025-06-29 23:03:17,020 - __main__ - INFO -   - CTkImage size: (24, 24)
2025-06-29 23:03:17,021 - PIL.PngImagePlugin - DEBUG - STREAM b'IHDR' 16 13
2025-06-29 23:03:17,021 - PIL.PngImagePlugin - DEBUG - STREAM b'IDAT' 41 504
2025-06-29 23:03:17,022 - root - DEBUG - Lokales Icon verwendet: person -> C:\Users\sarah\Desktop\Checker\icons\person.png
2025-06-29 23:03:17,023 - __main__ - INFO - SUCCESS: Icon 'person' loaded - Type: <class 'customtkinter.windows.widgets.image.ctk_image.CTkImage'>
2025-06-29 23:03:17,023 - __main__ - INFO -   - Has _light_image: <class 'PIL.Image.Image'>
2025-06-29 23:03:17,023 - __main__ - INFO -   - CTkImage size: (24, 24)
2025-06-29 23:03:17,024 - root - DEBUG - Emoji-Fallback verwendet: moon -> 🌙
2025-06-29 23:03:17,024 - PIL.PngImagePlugin - DEBUG - STREAM b'IHDR' 16 13
2025-06-29 23:03:17,024 - PIL.PngImagePlugin - DEBUG - STREAM b'IDAT' 41 965
2025-06-29 23:03:17,025 - root - DEBUG - Lokales Icon verwendet: theme -> C:\Users\sarah\Desktop\Checker\icons\theme.png
2025-06-29 23:03:17,026 - __main__ - INFO - SUCCESS: Icon 'moon' loaded - Type: <class 'customtkinter.windows.widgets.image.ctk_image.CTkImage'>
2025-06-29 23:03:17,026 - __main__ - INFO -   - Has _light_image: <class 'PIL.Image.Image'>
2025-06-29 23:03:17,026 - __main__ - INFO -   - CTkImage size: (24, 24)
2025-06-29 23:03:17,027 - root - DEBUG - Emoji-Fallback verwendet: sun -> ☀️
2025-06-29 23:03:17,027 - __main__ - INFO - SUCCESS: Icon 'sun' loaded - Type: <class 'customtkinter.windows.widgets.image.ctk_image.CTkImage'>
2025-06-29 23:03:17,028 - __main__ - INFO -   - Has _light_image: <class 'PIL.Image.Image'>
2025-06-29 23:03:17,028 - __main__ - INFO -   - CTkImage size: (24, 24)
2025-06-29 23:03:17,028 - __main__ - INFO - Welcome Screen erfolgreich importiert
2025-06-29 23:03:17,028 - __main__ - INFO - Erstelle Welcome Screen mit echter App...
2025-06-29 23:03:17,036 - ultra_modern_welcome_screen_v2 - INFO - [ICON_DEBUG] === Starting Icon Availability Debug ===
2025-06-29 23:03:17,036 - ultra_modern_welcome_screen_v2 - INFO - [ICON_DEBUG] App object type: <class 'checker_app.CheckerApp'>
2025-06-29 23:03:17,036 - ultra_modern_welcome_screen_v2 - INFO - [ICON_DEBUG] App object has get_icon: True
2025-06-29 23:03:17,036 - ultra_modern_welcome_screen_v2 - INFO - [ICON_DEBUG] App has icon_manager: <class 'fluent_icons_manager.EnhancedFluentIconManager'>
2025-06-29 23:03:17,037 - ultra_modern_welcome_screen_v2 - INFO - [ICON_DEBUG] Icon manager has get_icon method
2025-06-29 23:03:17,037 - ultra_modern_welcome_screen_v2 - INFO - [ICON_DEBUG] Testing icon: home
2025-06-29 23:03:17,037 - ultra_modern_welcome_screen_v2 - INFO - [ICON_DEBUG] ✅ Icon 'home' loaded successfully: <class 'PIL.ImageTk.PhotoImage'>
2025-06-29 23:03:17,037 - ultra_modern_welcome_screen_v2 - WARNING - [ICON_DEBUG] ⚠️ Icon 'home' has no _light_image attribute
2025-06-29 23:03:17,037 - ultra_modern_welcome_screen_v2 - INFO - [ICON_DEBUG] Testing icon: settings
2025-06-29 23:03:17,038 - ultra_modern_welcome_screen_v2 - INFO - [ICON_DEBUG] ✅ Icon 'settings' loaded successfully: <class 'PIL.ImageTk.PhotoImage'>
2025-06-29 23:03:17,038 - ultra_modern_welcome_screen_v2 - WARNING - [ICON_DEBUG] ⚠️ Icon 'settings' has no _light_image attribute
2025-06-29 23:03:17,038 - ultra_modern_welcome_screen_v2 - INFO - [ICON_DEBUG] Testing icon: file_icon
2025-06-29 23:03:17,038 - ultra_modern_welcome_screen_v2 - INFO - [ICON_DEBUG] ✅ Icon 'file_icon' loaded successfully: <class 'PIL.ImageTk.PhotoImage'>
2025-06-29 23:03:17,038 - ultra_modern_welcome_screen_v2 - WARNING - [ICON_DEBUG] ⚠️ Icon 'file_icon' has no _light_image attribute
2025-06-29 23:03:17,039 - ultra_modern_welcome_screen_v2 - INFO - [ICON_DEBUG] Testing icon: rocket
2025-06-29 23:03:17,039 - ultra_modern_welcome_screen_v2 - INFO - [ICON_DEBUG] ✅ Icon 'rocket' loaded successfully: <class 'PIL.ImageTk.PhotoImage'>
2025-06-29 23:03:17,039 - ultra_modern_welcome_screen_v2 - WARNING - [ICON_DEBUG] ⚠️ Icon 'rocket' has no _light_image attribute
2025-06-29 23:03:17,039 - ultra_modern_welcome_screen_v2 - INFO - [ICON_DEBUG] Testing icon: person
2025-06-29 23:03:17,039 - ultra_modern_welcome_screen_v2 - INFO - [ICON_DEBUG] ✅ Icon 'person' loaded successfully: <class 'PIL.ImageTk.PhotoImage'>
2025-06-29 23:03:17,039 - ultra_modern_welcome_screen_v2 - WARNING - [ICON_DEBUG] ⚠️ Icon 'person' has no _light_image attribute
2025-06-29 23:03:17,040 - ultra_modern_welcome_screen_v2 - INFO - [ICON_DEBUG] Testing app.get_icon method
2025-06-29 23:03:17,040 - ultra_modern_welcome_screen_v2 - INFO - [ICON_DEBUG] ✅ App.get_icon('home') successful: <class 'customtkinter.windows.widgets.image.ctk_image.CTkImage'>
2025-06-29 23:03:17,040 - ultra_modern_welcome_screen_v2 - INFO - [ICON_DEBUG] ✅ App.get_icon('settings') successful: <class 'customtkinter.windows.widgets.image.ctk_image.CTkImage'>
2025-06-29 23:03:17,040 - ultra_modern_welcome_screen_v2 - INFO - [ICON_DEBUG] ✅ App.get_icon('file_icon') successful: <class 'customtkinter.windows.widgets.image.ctk_image.CTkImage'>
2025-06-29 23:03:17,040 - ultra_modern_welcome_screen_v2 - INFO - [ICON_DEBUG] === Icon Availability Debug Complete ===
2025-06-29 23:03:17,051 - ultra_modern_welcome_screen_v2 - DEBUG - [ICON_DEBUG] Loading app icon 'rocket' for header
2025-06-29 23:03:17,052 - ultra_modern_welcome_screen_v2 - DEBUG - [ICON_DEBUG] Starting safe_get_icon for 'rocket' with size (40, 40)
2025-06-29 23:03:17,052 - ultra_modern_welcome_screen_v2 - DEBUG - [ICON_DEBUG] UI container ready for 'rocket'
2025-06-29 23:03:17,052 - ultra_modern_welcome_screen_v2 - DEBUG - [ICON_DEBUG] App.get_icon method available for 'rocket'
2025-06-29 23:03:17,052 - ultra_modern_welcome_screen_v2 - DEBUG - [ICON_DEBUG] Calling app.get_icon('rocket', size=(40, 40))
2025-06-29 23:03:17,053 - PIL.PngImagePlugin - DEBUG - STREAM b'IHDR' 16 13
2025-06-29 23:03:17,053 - PIL.PngImagePlugin - DEBUG - STREAM b'IDAT' 41 200
2025-06-29 23:03:17,054 - root - DEBUG - Lokales Icon verwendet: rocket -> C:\Users\sarah\Desktop\Checker\icons\rocket.png
2025-06-29 23:03:17,055 - ultra_modern_welcome_screen_v2 - DEBUG - [ICON_DEBUG] App.get_icon returned object of type: <class 'customtkinter.windows.widgets.image.ctk_image.CTkImage'> for 'rocket'
2025-06-29 23:03:17,055 - ultra_modern_welcome_screen_v2 - DEBUG - [ICON_DEBUG] Icon 'rocket' has _light_image attribute
2025-06-29 23:03:17,055 - ultra_modern_welcome_screen_v2 - DEBUG - [ICON_DEBUG] Icon 'rocket' _light_image type: <class 'PIL.Image.Image'>
2025-06-29 23:03:17,056 - ultra_modern_welcome_screen_v2 - DEBUG - [ICON_DEBUG] Icon 'rocket' image size: (40, 40)
2025-06-29 23:03:17,056 - ultra_modern_welcome_screen_v2 - DEBUG - [ICON_DEBUG] Icon 'rocket' image mode: RGBA
2025-06-29 23:03:17,056 - ultra_modern_welcome_screen_v2 - DEBUG - [ICON_DEBUG] Icon 'rocket' image data loaded successfully
2025-06-29 23:03:17,056 - ultra_modern_welcome_screen_v2 - DEBUG - [ICON_DEBUG] Icon 'rocket' CTkImage size: (40, 40)
2025-06-29 23:03:17,056 - ultra_modern_welcome_screen_v2 - INFO - [ICON_DEBUG] ✅ Icon 'rocket' successfully validated and ready to use
2025-06-29 23:03:17,057 - ultra_modern_welcome_screen_v2 - INFO - [ICON_DEBUG] ✅ App icon 'rocket' loaded successfully
2025-06-29 23:03:17,058 - ultra_modern_welcome_screen_v2 - ERROR - [ICON_DEBUG] Error loading app icon: image "pyimage8" doesn't exist
2025-06-29 23:03:17,405 - ultra_modern_welcome_screen_v2 - DEBUG - [ICON_DEBUG] Loading theme toggle icon: moon
2025-06-29 23:03:17,405 - ultra_modern_welcome_screen_v2 - DEBUG - [ICON_DEBUG] Starting safe_get_icon for 'moon' with size (20, 20)
2025-06-29 23:03:17,405 - ultra_modern_welcome_screen_v2 - DEBUG - [ICON_DEBUG] UI container ready for 'moon'
2025-06-29 23:03:17,405 - ultra_modern_welcome_screen_v2 - DEBUG - [ICON_DEBUG] App.get_icon method available for 'moon'
2025-06-29 23:03:17,406 - ultra_modern_welcome_screen_v2 - DEBUG - [ICON_DEBUG] Calling app.get_icon('moon', size=(20, 20))
2025-06-29 23:03:17,406 - root - DEBUG - Emoji-Fallback verwendet: moon -> 🌙
2025-06-29 23:03:17,406 - PIL.PngImagePlugin - DEBUG - STREAM b'IHDR' 16 13
2025-06-29 23:03:17,407 - PIL.PngImagePlugin - DEBUG - STREAM b'IDAT' 41 965
2025-06-29 23:03:17,408 - root - DEBUG - Lokales Icon verwendet: theme -> C:\Users\sarah\Desktop\Checker\icons\theme.png
2025-06-29 23:03:17,408 - ultra_modern_welcome_screen_v2 - DEBUG - [ICON_DEBUG] App.get_icon returned object of type: <class 'customtkinter.windows.widgets.image.ctk_image.CTkImage'> for 'moon'
2025-06-29 23:03:17,409 - ultra_modern_welcome_screen_v2 - DEBUG - [ICON_DEBUG] Icon 'moon' has _light_image attribute
2025-06-29 23:03:17,409 - ultra_modern_welcome_screen_v2 - DEBUG - [ICON_DEBUG] Icon 'moon' _light_image type: <class 'PIL.Image.Image'>
2025-06-29 23:03:17,409 - ultra_modern_welcome_screen_v2 - DEBUG - [ICON_DEBUG] Icon 'moon' image size: (20, 20)
2025-06-29 23:03:17,409 - ultra_modern_welcome_screen_v2 - DEBUG - [ICON_DEBUG] Icon 'moon' image mode: RGBA
2025-06-29 23:03:17,409 - ultra_modern_welcome_screen_v2 - DEBUG - [ICON_DEBUG] Icon 'moon' image data loaded successfully
2025-06-29 23:03:17,410 - ultra_modern_welcome_screen_v2 - DEBUG - [ICON_DEBUG] Icon 'moon' CTkImage size: (20, 20)
2025-06-29 23:03:17,410 - ultra_modern_welcome_screen_v2 - INFO - [ICON_DEBUG] ✅ Icon 'moon' successfully validated and ready to use
2025-06-29 23:03:17,416 - ultra_modern_welcome_screen_v2 - ERROR - Error setting up UI: image "pyimage10" doesn't exist
2025-06-29 23:03:17,448 - ultra_modern_welcome_screen_v2 - INFO - Fehler-Fallback erfolgreich angezeigt
2025-06-29 23:03:17,448 - __main__ - INFO - Welcome Screen erfolgreich mit echter App erstellt
2025-06-29 23:03:17,448 - __main__ - INFO - === Testing Welcome Screen safe_get_icon ===
2025-06-29 23:03:17,448 - ultra_modern_welcome_screen_v2 - DEBUG - [ICON_DEBUG] Starting safe_get_icon for 'home' with size (24, 24)
2025-06-29 23:03:17,448 - ultra_modern_welcome_screen_v2 - DEBUG - [ICON_DEBUG] UI container ready for 'home'
2025-06-29 23:03:17,449 - ultra_modern_welcome_screen_v2 - DEBUG - [ICON_DEBUG] App.get_icon method available for 'home'
2025-06-29 23:03:17,449 - ultra_modern_welcome_screen_v2 - DEBUG - [ICON_DEBUG] Calling app.get_icon('home', size=(24, 24))
2025-06-29 23:03:17,449 - ultra_modern_welcome_screen_v2 - DEBUG - [ICON_DEBUG] App.get_icon returned object of type: <class 'customtkinter.windows.widgets.image.ctk_image.CTkImage'> for 'home'
2025-06-29 23:03:17,449 - ultra_modern_welcome_screen_v2 - DEBUG - [ICON_DEBUG] Icon 'home' has _light_image attribute
2025-06-29 23:03:17,449 - ultra_modern_welcome_screen_v2 - DEBUG - [ICON_DEBUG] Icon 'home' _light_image type: <class 'PIL.Image.Image'>
2025-06-29 23:03:17,450 - ultra_modern_welcome_screen_v2 - DEBUG - [ICON_DEBUG] Icon 'home' image size: (24, 24)
2025-06-29 23:03:17,450 - ultra_modern_welcome_screen_v2 - DEBUG - [ICON_DEBUG] Icon 'home' image mode: RGBA
2025-06-29 23:03:17,450 - ultra_modern_welcome_screen_v2 - DEBUG - [ICON_DEBUG] Icon 'home' image data loaded successfully
2025-06-29 23:03:17,450 - ultra_modern_welcome_screen_v2 - DEBUG - [ICON_DEBUG] Icon 'home' CTkImage size: (24, 24)
2025-06-29 23:03:17,451 - ultra_modern_welcome_screen_v2 - INFO - [ICON_DEBUG] ✅ Icon 'home' successfully validated and ready to use
2025-06-29 23:03:17,451 - __main__ - INFO - safe_get_icon('home'): icon=<class 'customtkinter.windows.widgets.image.ctk_image.CTkImage'>, text=''
2025-06-29 23:03:17,451 - ultra_modern_welcome_screen_v2 - DEBUG - [ICON_DEBUG] Starting safe_get_icon for 'rocket' with size (24, 24)
2025-06-29 23:03:17,451 - ultra_modern_welcome_screen_v2 - DEBUG - [ICON_DEBUG] UI container ready for 'rocket'
2025-06-29 23:03:17,451 - ultra_modern_welcome_screen_v2 - DEBUG - [ICON_DEBUG] App.get_icon method available for 'rocket'
2025-06-29 23:03:17,452 - ultra_modern_welcome_screen_v2 - DEBUG - [ICON_DEBUG] Calling app.get_icon('rocket', size=(24, 24))
2025-06-29 23:03:17,452 - ultra_modern_welcome_screen_v2 - DEBUG - [ICON_DEBUG] App.get_icon returned object of type: <class 'customtkinter.windows.widgets.image.ctk_image.CTkImage'> for 'rocket'
2025-06-29 23:03:17,452 - ultra_modern_welcome_screen_v2 - DEBUG - [ICON_DEBUG] Icon 'rocket' has _light_image attribute
2025-06-29 23:03:17,452 - ultra_modern_welcome_screen_v2 - DEBUG - [ICON_DEBUG] Icon 'rocket' _light_image type: <class 'PIL.Image.Image'>
2025-06-29 23:03:17,453 - ultra_modern_welcome_screen_v2 - DEBUG - [ICON_DEBUG] Icon 'rocket' image size: (24, 24)
2025-06-29 23:03:17,453 - ultra_modern_welcome_screen_v2 - DEBUG - [ICON_DEBUG] Icon 'rocket' image mode: RGBA
2025-06-29 23:03:17,453 - ultra_modern_welcome_screen_v2 - DEBUG - [ICON_DEBUG] Icon 'rocket' image data loaded successfully
2025-06-29 23:03:17,453 - ultra_modern_welcome_screen_v2 - DEBUG - [ICON_DEBUG] Icon 'rocket' CTkImage size: (24, 24)
2025-06-29 23:03:17,453 - ultra_modern_welcome_screen_v2 - INFO - [ICON_DEBUG] ✅ Icon 'rocket' successfully validated and ready to use
2025-06-29 23:03:17,454 - __main__ - INFO - safe_get_icon('rocket'): icon=<class 'customtkinter.windows.widgets.image.ctk_image.CTkImage'>, text=''
2025-06-29 23:03:17,454 - ultra_modern_welcome_screen_v2 - DEBUG - [ICON_DEBUG] Starting safe_get_icon for 'settings' with size (24, 24)
2025-06-29 23:03:17,454 - ultra_modern_welcome_screen_v2 - DEBUG - [ICON_DEBUG] UI container ready for 'settings'
2025-06-29 23:03:17,454 - ultra_modern_welcome_screen_v2 - DEBUG - [ICON_DEBUG] App.get_icon method available for 'settings'
2025-06-29 23:03:17,455 - ultra_modern_welcome_screen_v2 - DEBUG - [ICON_DEBUG] Calling app.get_icon('settings', size=(24, 24))
2025-06-29 23:03:17,455 - ultra_modern_welcome_screen_v2 - DEBUG - [ICON_DEBUG] App.get_icon returned object of type: <class 'customtkinter.windows.widgets.image.ctk_image.CTkImage'> for 'settings'
2025-06-29 23:03:17,455 - ultra_modern_welcome_screen_v2 - DEBUG - [ICON_DEBUG] Icon 'settings' has _light_image attribute
2025-06-29 23:03:17,455 - ultra_modern_welcome_screen_v2 - DEBUG - [ICON_DEBUG] Icon 'settings' _light_image type: <class 'PIL.Image.Image'>
2025-06-29 23:03:17,456 - ultra_modern_welcome_screen_v2 - DEBUG - [ICON_DEBUG] Icon 'settings' image size: (24, 24)
2025-06-29 23:03:17,456 - ultra_modern_welcome_screen_v2 - DEBUG - [ICON_DEBUG] Icon 'settings' image mode: RGBA
2025-06-29 23:03:17,456 - ultra_modern_welcome_screen_v2 - DEBUG - [ICON_DEBUG] Icon 'settings' image data loaded successfully
2025-06-29 23:03:17,456 - ultra_modern_welcome_screen_v2 - DEBUG - [ICON_DEBUG] Icon 'settings' CTkImage size: (24, 24)
2025-06-29 23:03:17,456 - ultra_modern_welcome_screen_v2 - INFO - [ICON_DEBUG] ✅ Icon 'settings' successfully validated and ready to use
2025-06-29 23:03:17,457 - __main__ - INFO - safe_get_icon('settings'): icon=<class 'customtkinter.windows.widgets.image.ctk_image.CTkImage'>, text=''
2025-06-29 23:03:17,457 - ultra_modern_welcome_screen_v2 - DEBUG - [ICON_DEBUG] Starting safe_get_icon for 'moon' with size (24, 24)
2025-06-29 23:03:17,457 - ultra_modern_welcome_screen_v2 - DEBUG - [ICON_DEBUG] UI container ready for 'moon'
2025-06-29 23:03:17,457 - ultra_modern_welcome_screen_v2 - DEBUG - [ICON_DEBUG] App.get_icon method available for 'moon'
2025-06-29 23:03:17,457 - ultra_modern_welcome_screen_v2 - DEBUG - [ICON_DEBUG] Calling app.get_icon('moon', size=(24, 24))
2025-06-29 23:03:17,458 - ultra_modern_welcome_screen_v2 - DEBUG - [ICON_DEBUG] App.get_icon returned object of type: <class 'customtkinter.windows.widgets.image.ctk_image.CTkImage'> for 'moon'
2025-06-29 23:03:17,458 - ultra_modern_welcome_screen_v2 - DEBUG - [ICON_DEBUG] Icon 'moon' has _light_image attribute
2025-06-29 23:03:17,458 - ultra_modern_welcome_screen_v2 - DEBUG - [ICON_DEBUG] Icon 'moon' _light_image type: <class 'PIL.Image.Image'>
2025-06-29 23:03:17,458 - ultra_modern_welcome_screen_v2 - DEBUG - [ICON_DEBUG] Icon 'moon' image size: (24, 24)
2025-06-29 23:03:17,459 - ultra_modern_welcome_screen_v2 - DEBUG - [ICON_DEBUG] Icon 'moon' image mode: RGBA
2025-06-29 23:03:17,459 - ultra_modern_welcome_screen_v2 - DEBUG - [ICON_DEBUG] Icon 'moon' image data loaded successfully
2025-06-29 23:03:17,459 - ultra_modern_welcome_screen_v2 - DEBUG - [ICON_DEBUG] Icon 'moon' CTkImage size: (24, 24)
2025-06-29 23:03:17,459 - ultra_modern_welcome_screen_v2 - INFO - [ICON_DEBUG] ✅ Icon 'moon' successfully validated and ready to use
2025-06-29 23:03:17,459 - __main__ - INFO - safe_get_icon('moon'): icon=<class 'customtkinter.windows.widgets.image.ctk_image.CTkImage'>, text=''
2025-06-29 23:03:17,460 - ultra_modern_welcome_screen_v2 - DEBUG - [ICON_DEBUG] Starting safe_get_icon for 'missing_icon' with size (24, 24)
2025-06-29 23:03:17,460 - ultra_modern_welcome_screen_v2 - DEBUG - [ICON_DEBUG] UI container ready for 'missing_icon'
2025-06-29 23:03:17,460 - ultra_modern_welcome_screen_v2 - DEBUG - [ICON_DEBUG] App.get_icon method available for 'missing_icon'
2025-06-29 23:03:17,460 - ultra_modern_welcome_screen_v2 - DEBUG - [ICON_DEBUG] Calling app.get_icon('missing_icon', size=(24, 24))
2025-06-29 23:03:17,461 - ultra_modern_welcome_screen_v2 - DEBUG - [ICON_DEBUG] App.get_icon returned object of type: <class 'customtkinter.windows.widgets.image.ctk_image.CTkImage'> for 'missing_icon'
2025-06-29 23:03:17,461 - ultra_modern_welcome_screen_v2 - DEBUG - [ICON_DEBUG] Icon 'missing_icon' has _light_image attribute
2025-06-29 23:03:17,462 - ultra_modern_welcome_screen_v2 - DEBUG - [ICON_DEBUG] Icon 'missing_icon' _light_image type: <class 'PIL.Image.Image'>
2025-06-29 23:03:17,462 - ultra_modern_welcome_screen_v2 - DEBUG - [ICON_DEBUG] Icon 'missing_icon' image size: (24, 24)
2025-06-29 23:03:17,462 - ultra_modern_welcome_screen_v2 - DEBUG - [ICON_DEBUG] Icon 'missing_icon' image mode: RGBA
2025-06-29 23:03:17,462 - ultra_modern_welcome_screen_v2 - DEBUG - [ICON_DEBUG] Icon 'missing_icon' image data loaded successfully
2025-06-29 23:03:17,463 - ultra_modern_welcome_screen_v2 - DEBUG - [ICON_DEBUG] Icon 'missing_icon' CTkImage size: (24, 24)
2025-06-29 23:03:17,463 - ultra_modern_welcome_screen_v2 - INFO - [ICON_DEBUG] ✅ Icon 'missing_icon' successfully validated and ready to use
2025-06-29 23:03:17,463 - __main__ - INFO - safe_get_icon('missing_icon'): icon=<class 'customtkinter.windows.widgets.image.ctk_image.CTkImage'>, text=''
2025-06-29 23:03:17,463 - __main__ - INFO - Zeige App für 5 Sekunden...
2025-06-29 23:03:17,502 - PIL.PngImagePlugin - DEBUG - STREAM b'IHDR' 16 13
2025-06-29 23:03:17,502 - PIL.PngImagePlugin - DEBUG - STREAM b'IDAT' 41 191
2025-06-29 23:03:17,504 - root - DEBUG - Lokales Icon verwendet: workflow -> C:\Users\sarah\Desktop\Checker\icons\workflow.png
2025-06-29 23:03:17,512 - PIL.PngImagePlugin - DEBUG - STREAM b'IHDR' 16 13
2025-06-29 23:03:17,512 - PIL.PngImagePlugin - DEBUG - STREAM b'IDAT' 41 278
2025-06-29 23:03:17,513 - root - DEBUG - Lokales Icon verwendet: arrow_left -> C:\Users\sarah\Desktop\Checker\icons\arrow_left.png
2025-06-29 23:03:20,773 - checker_app - INFO - Cleaned up 0 persistent button references
2025-06-29 23:03:20,773 - checker_app - INFO - Cleaned up icon cache (12 entries)
