2025-07-19 04:34:12,366 - __main__ - INFO - Professional Translation Quality App initialized
2025-07-19 04:34:12,366 - __main__ - INFO - Starting Professional Translation Quality Framework
2025-07-19 04:38:40,864 - __main__ - INFO - Professional Translation Quality App initialized
2025-07-19 04:38:40,864 - __main__ - INFO - Starting Professional Translation Quality Framework
2025-07-19 04:58:39,000 - __main__ - INFO - Professional Translation Quality App initialized
2025-07-19 04:58:39,001 - __main__ - INFO - Starting Professional Translation Quality Framework
2025-07-19 05:02:38,383 - __main__ - INFO - Professional Translation Quality App initialized
2025-07-19 05:02:38,383 - __main__ - INFO - Starting Professional Translation Quality Framework
2025-07-19 11:36:17,837 - __main__ - INFO - Professional Translation Quality App initialized
2025-07-19 11:36:17,837 - __main__ - INFO - Starting Professional Translation Quality Framework
2025-07-19 11:43:51,781 - __main__ - INFO - Professional Translation Quality App initialized
2025-07-19 11:43:51,781 - __main__ - INFO - Starting Professional Translation Quality Framework
2025-07-19 11:49:39,841 - __main__ - INFO - Professional Translation Quality App initialized
2025-07-19 11:49:39,841 - __main__ - INFO - Starting Professional Translation Quality Framework
2025-07-19 11:52:33,830 - __main__ - INFO - Professional Translation Quality App initialized
2025-07-19 11:52:33,830 - __main__ - INFO - Starting Professional Translation Quality Framework
2025-07-19 11:59:05,085 - __main__ - INFO - Professional Translation Quality App initialized
2025-07-19 11:59:05,085 - __main__ - INFO - Starting Professional Translation Quality Framework
2025-07-19 12:40:34,509 - __main__ - ERROR - Failed to start application: 'ProfessionalTranslationQualityApp' object has no attribute 'logger'
2025-07-19 12:41:25,053 - __main__ - INFO - Professional Translation Quality App initialized
2025-07-19 12:41:25,053 - __main__ - INFO - Starting Professional Translation Quality Framework
2025-07-19 13:22:36,016 - __main__ - ERROR - Critical error in Layout setup failed: cannot use geometry manager pack inside .!ctkframe2.!ctkframe2.!ctkframe2.!canvas.!ctkscrollableframe.!userfriendlywelcomescreen.!ctkframe4.!ctkframe2.!ctkframe2.!ctkbutton which already has slaves managed by grid
2025-07-19 13:22:36,031 - __main__ - INFO - Professional Translation Quality App initialized
2025-07-19 13:22:36,031 - __main__ - INFO - Starting Professional Translation Quality Framework
2025-07-19 13:22:59,378 - __main__ - ERROR - Critical error in Layout setup failed: cannot use geometry manager pack inside .!ctkframe2.!ctkframe2.!ctkframe2.!canvas.!ctkscrollableframe.!userfriendlywelcomescreen.!ctkframe4.!ctkframe2.!ctkframe2.!ctkbutton which already has slaves managed by grid
2025-07-19 13:22:59,392 - __main__ - INFO - Professional Translation Quality App initialized
2025-07-19 13:22:59,392 - __main__ - INFO - Starting Professional Translation Quality Framework
2025-07-22 12:55:39,290 - __main__ - ERROR - Could not import UserFriendlyWelcomeScreen: No module named 'user_friendly_welcome_screen'
2025-07-22 12:55:39,402 - __main__ - INFO - Professional Translation Quality App initialized
2025-07-22 12:55:39,403 - __main__ - INFO - Starting Professional Translation Quality Framework
2025-07-22 13:02:26,276 - __main__ - ERROR - Could not import UserFriendlyWelcomeScreen: No module named 'user_friendly_welcome_screen'
2025-07-22 13:02:26,362 - __main__ - INFO - Professional Translation Quality App initialized
2025-07-22 13:02:26,362 - __main__ - INFO - Starting Professional Translation Quality Framework
2025-07-22 13:03:12,932 - __main__ - ERROR - Could not import UserFriendlyWelcomeScreen: No module named 'user_friendly_welcome_screen'
2025-07-22 13:03:13,021 - __main__ - INFO - Professional Translation Quality App initialized
2025-07-22 13:03:13,022 - __main__ - INFO - Starting Professional Translation Quality Framework
2025-07-22 13:07:40,494 - __main__ - ERROR - Could not import UserFriendlyWelcomeScreen: No module named 'user_friendly_welcome_screen'
2025-07-22 13:07:40,588 - __main__ - INFO - Professional Translation Quality App initialized
2025-07-22 13:07:40,589 - __main__ - INFO - Starting Professional Translation Quality Framework
2025-07-22 13:10:46,844 - __main__ - ERROR - Could not import UserFriendlyWelcomeScreen: No module named 'user_friendly_welcome_screen'
2025-07-22 13:10:46,933 - __main__ - INFO - Professional Translation Quality App initialized
2025-07-22 13:10:46,934 - __main__ - INFO - Starting Professional Translation Quality Framework
2025-07-22 13:12:53,385 - __main__ - ERROR - Could not import UserFriendlyWelcomeScreen: No module named 'user_friendly_welcome_screen'
2025-07-22 13:12:53,483 - __main__ - INFO - Professional Translation Quality App initialized
2025-07-22 13:12:53,483 - __main__ - INFO - Starting Professional Translation Quality Framework
2025-07-22 13:19:27,162 - __main__ - ERROR - Could not import UserFriendlyWelcomeScreen: No module named 'user_friendly_welcome_screen'
2025-07-22 13:19:27,288 - __main__ - INFO - Professional Translation Quality App initialized
2025-07-22 13:19:27,288 - __main__ - INFO - Starting Professional Translation Quality Framework
2025-07-22 13:20:00,632 - __main__ - ERROR - Could not import UserFriendlyWelcomeScreen: No module named 'user_friendly_welcome_screen'
2025-07-22 13:20:00,718 - __main__ - INFO - Professional Translation Quality App initialized
2025-07-22 13:20:00,718 - __main__ - INFO - Starting Professional Translation Quality Framework
2025-07-22 13:49:31,761 - __main__ - ERROR - Could not import UserFriendlyWelcomeScreen: No module named 'user_friendly_welcome_screen'
2025-07-22 13:49:31,845 - __main__ - INFO - Professional Translation Quality App initialized
2025-07-22 13:49:31,845 - __main__ - INFO - Starting Professional Translation Quality Framework
2025-07-22 13:51:02,267 - __main__ - ERROR - Could not import UserFriendlyWelcomeScreen: No module named 'user_friendly_welcome_screen'
2025-07-22 13:51:02,352 - __main__ - INFO - Professional Translation Quality App initialized
2025-07-22 13:51:02,352 - __main__ - INFO - Starting Professional Translation Quality Framework
2025-07-22 13:53:57,355 - __main__ - ERROR - Could not import UserFriendlyWelcomeScreen: No module named 'user_friendly_welcome_screen'
2025-07-22 13:53:57,441 - __main__ - INFO - Professional Translation Quality App initialized
2025-07-22 13:53:57,441 - __main__ - INFO - Starting Professional Translation Quality Framework
2025-07-22 14:01:41,674 - __main__ - ERROR - Could not import UserFriendlyWelcomeScreen: No module named 'user_friendly_welcome_screen'
2025-07-22 14:01:41,819 - __main__ - INFO - Professional Translation Quality App initialized
2025-07-22 14:01:41,819 - __main__ - INFO - Starting Professional Translation Quality Framework
2025-07-22 14:08:50,599 - modern_translation_quality_gui - ERROR - Could not import UserFriendlyWelcomeScreen: No module named 'user_friendly_welcome_screen'
2025-07-22 14:08:50,682 - modern_translation_quality_gui - INFO - Professional Translation Quality App initialized
2025-07-22 14:08:54,380 - modern_translation_quality_gui - ERROR - Could not import UserFriendlyWelcomeScreen: No module named 'user_friendly_welcome_screen'
2025-07-22 14:09:19,545 - __main__ - ERROR - Could not import UserFriendlyWelcomeScreen: No module named 'user_friendly_welcome_screen'
2025-07-22 14:09:19,635 - __main__ - INFO - Professional Translation Quality App initialized
2025-07-22 14:09:19,635 - __main__ - INFO - Starting Professional Translation Quality Framework
2025-07-22 14:09:37,650 - __main__ - ERROR - Could not import UserFriendlyWelcomeScreen: No module named 'user_friendly_welcome_screen'
2025-07-22 14:09:37,734 - __main__ - INFO - Professional Translation Quality App initialized
2025-07-22 14:09:37,735 - __main__ - INFO - Starting Professional Translation Quality Framework
2025-07-22 14:17:04,898 - __main__ - ERROR - Could not import UserFriendlyWelcomeScreen: No module named 'user_friendly_welcome_screen'
2025-07-22 14:17:04,986 - __main__ - INFO - Professional Translation Quality App initialized
2025-07-22 14:17:04,986 - __main__ - INFO - Starting Professional Translation Quality Framework
2025-07-22 14:21:22,807 - __main__ - ERROR - Could not import UserFriendlyWelcomeScreen: No module named 'user_friendly_welcome_screen'
2025-07-22 14:21:22,890 - __main__ - INFO - Professional Translation Quality App initialized
2025-07-22 14:21:22,891 - __main__ - INFO - Starting Professional Translation Quality Framework
2025-07-22 14:23:01,924 - __main__ - ERROR - Could not import UserFriendlyWelcomeScreen: No module named 'user_friendly_welcome_screen'
2025-07-22 14:23:02,012 - __main__ - INFO - Professional Translation Quality App initialized
2025-07-22 14:23:02,012 - __main__ - INFO - Starting Professional Translation Quality Framework
2025-07-22 14:25:54,929 - __main__ - ERROR - Could not import UserFriendlyWelcomeScreen: No module named 'user_friendly_welcome_screen'
2025-07-22 14:25:55,073 - __main__ - INFO - Professional Translation Quality App initialized
2025-07-22 14:25:55,073 - __main__ - INFO - Starting Professional Translation Quality Framework
2025-07-22 14:28:04,021 - __main__ - ERROR - Could not import UserFriendlyWelcomeScreen: No module named 'user_friendly_welcome_screen'
2025-07-22 14:28:04,111 - __main__ - INFO - Professional Translation Quality App initialized
2025-07-22 14:28:04,111 - __main__ - INFO - Starting Professional Translation Quality Framework
2025-07-22 14:28:17,578 - __main__ - ERROR - Could not import UserFriendlyWelcomeScreen: No module named 'user_friendly_welcome_screen'
2025-07-22 14:29:39,290 - __main__ - ERROR - Could not import UserFriendlyWelcomeScreen: No module named 'user_friendly_welcome_screen'
2025-07-22 14:29:39,434 - __main__ - INFO - Professional Translation Quality App initialized
2025-07-22 14:29:39,434 - __main__ - INFO - Starting Professional Translation Quality Framework
2025-07-22 14:32:02,271 - __main__ - ERROR - Could not import UserFriendlyWelcomeScreen: No module named 'user_friendly_welcome_screen'
2025-07-22 14:32:02,360 - __main__ - INFO - Professional Translation Quality App initialized
2025-07-22 14:32:02,361 - __main__ - INFO - Starting Professional Translation Quality Framework
2025-07-22 14:32:47,100 - __main__ - ERROR - Could not import UserFriendlyWelcomeScreen: No module named 'user_friendly_welcome_screen'
2025-07-22 14:32:47,208 - __main__ - INFO - Professional Translation Quality App initialized
2025-07-22 14:32:47,208 - __main__ - INFO - Starting Professional Translation Quality Framework
2025-07-22 14:43:56,933 - __main__ - ERROR - Could not import UserFriendlyWelcomeScreen: No module named 'user_friendly_welcome_screen'
2025-07-22 14:43:57,023 - __main__ - INFO - Professional Translation Quality App initialized
2025-07-22 14:43:57,023 - __main__ - INFO - Starting Professional Translation Quality Framework
2025-07-22 14:45:13,908 - __main__ - ERROR - Could not import UserFriendlyWelcomeScreen: No module named 'user_friendly_welcome_screen'
2025-07-22 14:45:13,992 - __main__ - INFO - Professional Translation Quality App initialized
2025-07-22 14:45:13,992 - __main__ - INFO - Starting Professional Translation Quality Framework
2025-07-22 14:45:35,244 - __main__ - ERROR - Could not import UserFriendlyWelcomeScreen: No module named 'user_friendly_welcome_screen'
2025-07-22 14:45:35,336 - __main__ - INFO - Professional Translation Quality App initialized
2025-07-22 14:45:35,336 - __main__ - INFO - Starting Professional Translation Quality Framework
2025-07-22 14:55:32,039 - __main__ - ERROR - Could not import UserFriendlyWelcomeScreen: No module named 'user_friendly_welcome_screen'
2025-07-22 14:55:32,202 - __main__ - INFO - Professional Translation Quality App initialized
2025-07-22 14:55:32,341 - __main__ - INFO - Starting Professional Translation Quality Framework
2025-07-22 15:10:31,879 - __main__ - ERROR - Could not import UserFriendlyWelcomeScreen: No module named 'user_friendly_welcome_screen'
2025-07-22 15:10:32,001 - __main__ - INFO - Professional Translation Quality App initialized
2025-07-22 15:10:32,002 - __main__ - INFO - Starting Professional Translation Quality Framework
2025-07-22 15:10:51,723 - __main__ - ERROR - Could not import UserFriendlyWelcomeScreen: No module named 'user_friendly_welcome_screen'
2025-07-22 15:10:52,068 - __main__ - INFO - Professional Translation Quality App initialized
2025-07-22 15:10:52,068 - __main__ - INFO - Starting Professional Translation Quality Framework
2025-07-22 15:18:39,995 - __main__ - ERROR - Could not import UserFriendlyWelcomeScreen: No module named 'user_friendly_welcome_screen'
2025-07-22 15:18:40,123 - __main__ - INFO - Professional Translation Quality App initialized
2025-07-22 15:18:40,124 - __main__ - INFO - Starting Professional Translation Quality Framework
2025-07-22 15:22:26,145 - __main__ - ERROR - Could not import UserFriendlyWelcomeScreen: No module named 'user_friendly_welcome_screen'
2025-07-22 15:22:26,252 - __main__ - INFO - Professional Translation Quality App initialized
2025-07-22 15:22:26,252 - __main__ - INFO - Starting Professional Translation Quality Framework
2025-07-22 15:23:23,247 - __main__ - ERROR - Could not import UserFriendlyWelcomeScreen: No module named 'user_friendly_welcome_screen'
2025-07-22 15:23:23,345 - __main__ - INFO - Professional Translation Quality App initialized
2025-07-22 15:23:23,346 - __main__ - INFO - Starting Professional Translation Quality Framework
2025-07-22 15:23:53,715 - __main__ - ERROR - Could not import UserFriendlyWelcomeScreen: No module named 'user_friendly_welcome_screen'
2025-07-22 15:23:53,813 - __main__ - INFO - Professional Translation Quality App initialized
2025-07-22 15:23:53,813 - __main__ - INFO - Starting Professional Translation Quality Framework
2025-07-22 15:26:26,833 - __main__ - ERROR - Could not import UserFriendlyWelcomeScreen: No module named 'user_friendly_welcome_screen'
2025-07-22 15:26:26,949 - __main__ - INFO - Professional Translation Quality App initialized
2025-07-22 15:26:26,949 - __main__ - INFO - Starting Professional Translation Quality Framework
2025-07-22 15:29:07,744 - __main__ - ERROR - Could not import UserFriendlyWelcomeScreen: No module named 'user_friendly_welcome_screen'
2025-07-22 15:29:08,083 - __main__ - INFO - Professional Translation Quality App initialized
2025-07-22 15:29:08,083 - __main__ - INFO - Starting Professional Translation Quality Framework
2025-07-22 15:30:34,277 - __main__ - ERROR - Could not import UserFriendlyWelcomeScreen: No module named 'user_friendly_welcome_screen'
2025-07-22 15:30:34,542 - __main__ - INFO - Professional Translation Quality App initialized
2025-07-22 15:30:34,543 - __main__ - INFO - Starting Professional Translation Quality Framework
2025-07-22 15:34:16,760 - __main__ - ERROR - Could not import UserFriendlyWelcomeScreen: No module named 'user_friendly_welcome_screen'
2025-07-22 15:34:17,127 - __main__ - INFO - Professional Translation Quality App initialized
2025-07-22 15:34:17,127 - __main__ - INFO - Starting Professional Translation Quality Framework
2025-07-22 15:35:44,958 - __main__ - ERROR - Could not import UserFriendlyWelcomeScreen: No module named 'user_friendly_welcome_screen'
2025-07-22 15:35:45,355 - __main__ - INFO - Professional Translation Quality App initialized
2025-07-22 15:35:45,367 - __main__ - INFO - Starting Professional Translation Quality Framework
2025-07-30 12:50:12,632 - __main__ - ERROR - Failed to start application: type object 'UITheme' has no attribute 'get_spacing'
2025-07-30 13:03:00,551 - __main__ - ERROR - Failed to start application: type object 'UITheme' has no attribute 'get_spacing'
2025-07-30 13:03:04,573 - __main__ - ERROR - Failed to start application: type object 'UITheme' has no attribute 'get_spacing'
2025-07-30 13:03:11,053 - __main__ - ERROR - Failed to start application: type object 'UITheme' has no attribute 'get_spacing'
2025-07-30 13:12:49,412 - __main__ - ERROR - Failed to start application: type object 'UITheme' has no attribute 'get_radius'
2025-07-30 13:12:54,427 - __main__ - ERROR - Failed to start application: type object 'UITheme' has no attribute 'get_radius'
2025-07-30 13:13:02,886 - __main__ - ERROR - Failed to start application: type object 'UITheme' has no attribute 'get_radius'
2025-07-30 13:13:07,640 - __main__ - ERROR - Failed to start application: type object 'UITheme' has no attribute 'get_radius'
2025-07-30 13:19:32,266 - __main__ - ERROR - Could not import UserFriendlyWelcomeScreen: cannot import name 'UserFriendlyWelcomeScreen' from 'user_friendly_welcome_screen' (c:\Users\sarah\Desktop\Checker\user_friendly_welcome_screen.py)
2025-07-30 13:19:32,477 - __main__ - INFO - Professional Translation Quality App initialized
2025-07-30 13:19:32,478 - __main__ - INFO - Starting Professional Translation Quality Framework
2025-07-30 13:21:24,438 - __main__ - ERROR - Could not import UserFriendlyWelcomeScreen: cannot import name 'UserFriendlyWelcomeScreen' from 'user_friendly_welcome_screen' (C:\Users\sarah\Desktop\Checker\user_friendly_welcome_screen.py)
2025-07-30 13:21:24,595 - __main__ - INFO - Professional Translation Quality App initialized
2025-07-30 13:21:24,596 - __main__ - INFO - Starting Professional Translation Quality Framework
2025-07-30 14:08:45,179 - __main__ - ERROR - Could not import UserFriendlyWelcomeScreen: cannot import name 'UserFriendlyWelcomeScreen' from 'user_friendly_welcome_screen' (C:\Users\sarah\Desktop\Checker\user_friendly_welcome_screen.py)
2025-07-30 14:08:45,351 - __main__ - INFO - Professional Translation Quality App initialized
2025-07-30 14:08:45,351 - __main__ - INFO - Starting Professional Translation Quality Framework
2025-07-30 14:09:50,278 - __main__ - ERROR - Could not import UserFriendlyWelcomeScreen: cannot import name 'UserFriendlyWelcomeScreen' from 'user_friendly_welcome_screen' (C:\Users\sarah\Desktop\Checker\user_friendly_welcome_screen.py)
2025-07-30 14:09:50,434 - __main__ - INFO - Professional Translation Quality App initialized
2025-07-30 14:09:50,434 - __main__ - INFO - Starting Professional Translation Quality Framework
2025-07-30 14:12:34,651 - __main__ - ERROR - Could not import UserFriendlyWelcomeScreen: cannot import name 'UserFriendlyWelcomeScreen' from 'user_friendly_welcome_screen' (C:\Users\sarah\Desktop\Checker\user_friendly_welcome_screen.py)
2025-07-30 14:12:34,866 - __main__ - INFO - Professional Translation Quality App initialized
2025-07-30 14:12:34,866 - __main__ - INFO - Starting Professional Translation Quality Framework
2025-07-30 14:15:59,839 - __main__ - ERROR - Could not import UserFriendlyWelcomeScreen: cannot import name 'UserFriendlyWelcomeScreen' from 'user_friendly_welcome_screen' (C:\Users\sarah\Desktop\Checker\user_friendly_welcome_screen.py)
2025-07-30 14:15:59,996 - __main__ - INFO - Professional Translation Quality App initialized
2025-07-30 14:15:59,996 - __main__ - INFO - Starting Professional Translation Quality Framework
2025-07-30 14:28:12,345 - __main__ - ERROR - Could not import UserFriendlyWelcomeScreen: cannot import name 'UserFriendlyWelcomeScreen' from 'user_friendly_welcome_screen' (c:\Users\sarah\Desktop\Checker\user_friendly_welcome_screen.py)
2025-07-30 14:28:12,445 - __main__ - INFO - Professional Translation Quality App initialized
2025-07-30 14:28:12,445 - __main__ - INFO - Starting Professional Translation Quality Framework
2025-07-30 14:37:08,578 - __main__ - ERROR - Could not import UserFriendlyWelcomeScreen: cannot import name 'UserFriendlyWelcomeScreen' from 'user_friendly_welcome_screen' (c:\Users\sarah\Desktop\Checker\user_friendly_welcome_screen.py)
2025-07-30 14:37:08,708 - __main__ - INFO - Professional Translation Quality App initialized
2025-07-30 14:37:08,708 - __main__ - INFO - Starting Professional Translation Quality Framework
2025-07-30 15:35:36,945 - __main__ - ERROR - Could not import UserFriendlyWelcomeScreen: cannot import name 'UserFriendlyWelcomeScreen' from 'user_friendly_welcome_screen' (C:\Users\sarah\Desktop\Checker\user_friendly_welcome_screen.py)
2025-07-30 15:35:37,052 - __main__ - INFO - Professional Translation Quality App initialized
2025-07-30 15:35:37,052 - __main__ - INFO - Starting Professional Translation Quality Framework
2025-07-30 15:38:32,555 - __main__ - ERROR - Could not import UserFriendlyWelcomeScreen: cannot import name 'UserFriendlyWelcomeScreen' from 'user_friendly_welcome_screen' (C:\Users\sarah\Desktop\Checker\user_friendly_welcome_screen.py)
2025-07-30 15:38:32,649 - __main__ - INFO - Professional Translation Quality App initialized
2025-07-30 15:38:32,649 - __main__ - INFO - Starting Professional Translation Quality Framework
2025-07-30 15:56:51,097 - __main__ - ERROR - Failed to start application: 'ProfessionalTranslationQualityApp' object has no attribute 'show_home_view'
2025-07-30 15:56:51,540 - __main__ - ERROR - Failed to start application: 'ProfessionalTranslationQualityApp' object has no attribute 'show_home_view'
2025-07-30 16:37:34,966 - __main__ - ERROR - Failed to start application: 'ProfessionalTranslationQualityApp' object has no attribute 'show_home_view'
2025-07-30 16:37:44,094 - __main__ - ERROR - Failed to start application: 'ProfessionalTranslationQualityApp' object has no attribute 'show_home_view'
2025-07-30 16:37:44,531 - __main__ - ERROR - Failed to start application: 'ProfessionalTranslationQualityApp' object has no attribute 'show_home_view'
2025-07-30 16:45:42,864 - __main__ - ERROR - Failed to start application: 'ProfessionalTranslationQualityApp' object has no attribute 'show_home_view'
2025-07-30 16:45:43,312 - __main__ - ERROR - Failed to start application: 'ProfessionalTranslationQualityApp' object has no attribute 'show_home_view'
2025-07-30 16:45:57,484 - __main__ - ERROR - Failed to start application: 'ProfessionalTranslationQualityApp' object has no attribute 'show_home_view'
2025-07-31 15:02:47,822 - __main__ - ERROR - Failed to start application: 'ProfessionalTranslationQualityApp' object has no attribute 'show_home_view'
2025-07-31 15:02:48,285 - __main__ - ERROR - Failed to start application: 'ProfessionalTranslationQualityApp' object has no attribute 'show_home_view'
2025-07-31 15:02:48,762 - __main__ - ERROR - Failed to start application: 'ProfessionalTranslationQualityApp' object has no attribute 'show_home_view'
2025-07-31 15:02:49,422 - __main__ - ERROR - Failed to start application: 'ProfessionalTranslationQualityApp' object has no attribute 'show_home_view'
2025-07-31 15:02:57,753 - __main__ - ERROR - Failed to start application: 'ProfessionalTranslationQualityApp' object has no attribute 'show_home_view'
2025-07-31 15:02:58,198 - __main__ - ERROR - Failed to start application: 'ProfessionalTranslationQualityApp' object has no attribute 'show_home_view'
2025-07-31 15:03:15,313 - __main__ - ERROR - Failed to start application: 'ProfessionalTranslationQualityApp' object has no attribute 'show_home_view'
2025-07-31 15:03:27,325 - __main__ - ERROR - Failed to start application: 'ProfessionalTranslationQualityApp' object has no attribute 'show_home_view'
2025-08-03 12:19:13,570 - __main__ - ERROR - Failed to start application: 'ProfessionalTranslationQualityApp' object has no attribute 'show_home_view'
2025-08-03 12:20:15,483 - __main__ - ERROR - Failed to start application: 'ProfessionalTranslationQualityApp' object has no attribute 'show_home_view'
2025-08-03 13:08:21,742 - __main__ - ERROR - Failed to start application: 'ProfessionalTranslationQualityApp' object has no attribute 'show_home_view'
2025-08-03 14:10:32,106 - __main__ - ERROR - Failed to start application: 'ProfessionalTranslationQualityApp' object has no attribute 'show_home_view'
2025-08-03 14:14:19,306 - __main__ - ERROR - Failed to start application: 'ProfessionalTranslationQualityApp' object has no attribute 'show_home_view'
2025-08-03 14:19:12,597 - __main__ - ERROR - Failed to start application: 'ProfessionalTranslationQualityApp' object has no attribute 'show_home_view'
2025-08-03 14:28:51,344 - __main__ - ERROR - Failed to start application: 'ProfessionalTranslationQualityApp' object has no attribute 'show_demo_results'
2025-08-03 14:31:15,752 - __main__ - ERROR - Failed to start application: 'ProfessionalTranslationQualityApp' object has no attribute 'clear_files'
2025-08-03 14:32:22,659 - __main__ - ERROR - Failed to start application: 'ProfessionalTranslationQualityApp' object has no attribute 'start_analysis'
2025-08-03 14:33:28,272 - __main__ - ERROR - Failed to start application: 'ProfessionalTranslationQualityApp' object has no attribute 'export_results'
2025-08-03 19:16:34,832 - quality_gui_phase4_enterprise - INFO - Analytics database initialized successfully
2025-08-03 19:16:34,833 - quality_gui_phase4_enterprise - INFO - Workflow database initialized successfully
2025-08-03 19:16:36,222 - modern_translation_quality_gui - INFO - Professional Translation Quality App initialized
2025-08-05 13:50:03,485 - modern_translation_quality_gui - WARNING -  Could not import UserFriendlyWelcomeScreen: cannot import name 'UserFriendlyWelcomeScreen' from 'user_friendly_welcome_screen' (C:\Users\sarah\Desktop\Checker\user_friendly_welcome_screen.py)
2025-08-05 13:50:03,972 - modern_translation_quality_gui - INFO -  Phase 3 Advanced Features initialized successfully!
2025-08-05 13:50:04,490 - quality_gui_phase4_enterprise - INFO - Analytics database initialized successfully
2025-08-05 13:50:04,491 - quality_gui_phase4_enterprise - INFO - Workflow database initialized successfully
2025-08-05 13:50:04,492 - modern_translation_quality_gui - INFO -  Phase 4 Enterprise Features initialized successfully!
2025-08-05 13:50:04,541 - modern_translation_quality_gui - INFO -  Phase 5 Advanced Business Intelligence Features initialized successfully!
2025-08-05 13:50:06,260 - modern_translation_quality_gui - INFO -  Phase 6 AI Integration & Automation Features initialized successfully!
2025-08-05 13:56:29,049 - modern_translation_quality_gui - WARNING -  Could not import UserFriendlyWelcomeScreen: cannot import name 'UserFriendlyWelcomeScreen' from 'user_friendly_welcome_screen' (C:\Users\sarah\Desktop\Checker\user_friendly_welcome_screen.py)
2025-08-05 13:56:29,512 - modern_translation_quality_gui - INFO -  Phase 3 Advanced Features initialized successfully!
2025-08-05 13:56:30,075 - quality_gui_phase4_enterprise - INFO - Analytics database initialized successfully
2025-08-05 13:56:30,076 - quality_gui_phase4_enterprise - INFO - Workflow database initialized successfully
2025-08-05 13:56:30,076 - modern_translation_quality_gui - INFO -  Phase 4 Enterprise Features initialized successfully!
2025-08-05 13:56:30,088 - modern_translation_quality_gui - INFO -  Phase 5 Advanced Business Intelligence Features initialized successfully!
2025-08-05 13:56:31,156 - modern_translation_quality_gui - INFO -  Phase 6 AI Integration & Automation Features initialized successfully!
