2025-06-29 23:16:40,704 - DEBUG - Gescannte Icons: ['about', 'add-20', 'add_20', 'add-48', 'add_48', 'analytics', 'analyze_icon', 'analyze-icon', 'arrow_left', 'arrow-left', 'bookmark', 'calendar', 'certificate', 'chain', 'check-all-20', 'check_all_20', 'check-all-48', 'check_all_48', 'check-mark', 'check_mark', 'check', 'check_all', 'check-all', 'clock', 'close', 'connect', 'doc-file', 'doc_file', 'done', 'download', 'edit', 'error', 'export', 'export_icon', 'export-icon', 'favorites', 'file_icon', 'file-icon', 'folder', 'folder_icon', 'folder-icon', 'folder_open', 'folder-open', 'help_icon', 'help-icon', 'home', 'idea', 'image-file', 'image_file', 'import', 'info', 'key', 'link', 'load_icon', 'load-icon', 'lock', 'mailbox', 'menu', 'notification', 'opened-folder', 'opened_folder', 'options_icon', 'options-icon', 'padlock', 'pdf-file', 'pdf_file', 'pdf', 'person', 'picture', 'pin', 'play', 'plus', 'print', 'puzzle', 'quality', 'quit_icon', 'quit-icon', 'refresh', 'report_icon', 'report-icon', 'restart', 'rocket', 'save', 'save_icon', 'save-icon', 'search', 'settings', 'share', 'speech-bubble', 'speech_bubble', 'spell-check-20', 'spell_check_20', 'spell-check-48', 'spell_check_48', 'star', 'success', 'tag', 'theme', 'tick-box', 'tick_box', 'toolbox', 'trash-can', 'trash_can', 'txt-file', 'txt_file', 'upload', 'user', 'workflow', 'file']
2025-06-29 23:16:40,705 - INFO - Enhanced FluentIconManager initialisiert mit Workspace: C:\Users\sarah\Desktop\Checker
2025-06-29 23:16:40,706 - DEBUG - Icon-Pfade: ['C:\\Users\\sarah\\Desktop\\Checker\\icons', 'C:\\Users\\sarah\\Desktop\\Checker\\assets', 'C:\\Users\\sarah\\Desktop\\Checker\\assets\\icons']
2025-06-29 23:16:40,706 - DEBUG - Verfügbare lokale Icons: 109
2025-06-29 23:16:40,747 - DEBUG - [ICON_DEBUG] Loading app icon 'rocket' for header
2025-06-29 23:16:40,748 - DEBUG - [ICON_DEBUG] Starting safe_get_icon for 'rocket' with size (40, 40)
2025-06-29 23:16:40,748 - DEBUG - [ICON_DEBUG] UI container ready for 'rocket'
2025-06-29 23:16:40,748 - DEBUG - [ICON_DEBUG] App.get_icon method available for 'rocket'
2025-06-29 23:16:40,748 - DEBUG - [ICON_DEBUG] Calling app.get_icon('rocket', size=(40, 40))
2025-06-29 23:16:40,748 - INFO - 📍 get_icon() aufgerufen: icon_name='rocket', size=(40, 40), fallback_to_emoji=True
2025-06-29 23:16:40,749 - INFO - 🔍 Cache-Miss für rocket, suche Icon...
2025-06-29 23:16:40,749 - INFO - 🔍 Suche lokales Icon für: rocket
2025-06-29 23:16:40,749 - INFO - 📁 Lokaler Icon-Pfad gefunden: rocket -> C:\Users\sarah\Desktop\Checker\icons\rocket.png
2025-06-29 23:16:40,750 - INFO - ✅ Lokale Icon-Datei existiert: C:\Users\sarah\Desktop\Checker\icons\rocket.png
2025-06-29 23:16:40,750 - INFO - 🖼️ _load_image_icon aufgerufen: path='C:\Users\sarah\Desktop\Checker\icons\rocket.png', size=(40, 40)
2025-06-29 23:16:40,750 - INFO - 📏 Zielgröße: (40, 40), Dateiname: rocket.png
2025-06-29 23:16:40,750 - INFO - ✅ Icon-Datei OK: C:\Users\sarah\Desktop\Checker\icons\rocket.png (257 Bytes)
2025-06-29 23:16:40,751 - INFO - 🔄 Lade Bild: C:\Users\sarah\Desktop\Checker\icons\rocket.png
2025-06-29 23:16:40,767 - DEBUG - STREAM b'IHDR' 16 13
2025-06-29 23:16:40,767 - DEBUG - STREAM b'IDAT' 41 200
2025-06-29 23:16:40,768 - INFO - 📸 Bild geladen: (32, 32), Modus: RGBA
2025-06-29 23:16:40,768 - INFO - 🎨 RGBA-Konvertierung abgeschlossen: (32, 32)
2025-06-29 23:16:40,768 - INFO - 📏 Größe anpassen: (32, 32) -> (40, 40)
2025-06-29 23:16:40,768 - INFO - 🔄 Konvertiere zu PhotoImage...
2025-06-29 23:16:40,768 - INFO - ✅ Icon erfolgreich geladen und gecacht: C:\Users\sarah\Desktop\Checker\icons\rocket.png
2025-06-29 23:16:40,768 - INFO - ✅ Lokales Icon erfolgreich geladen: rocket
2025-06-29 23:16:40,768 - INFO - 💾 Icon in Cache gespeichert: rocket (Key: rocket_(40, 40)_light, Quelle: Local: C:\Users\sarah\Desktop\Checker\icons\rocket.png)
2025-06-29 23:16:40,768 - DEBUG - [ICON_DEBUG] App.get_icon returned object of type: <class 'PIL.ImageTk.PhotoImage'> for 'rocket'
2025-06-29 23:16:40,768 - WARNING - [ICON_DEBUG] Icon 'rocket' is not a valid CTkImage (missing _light_image)
2025-06-29 23:16:40,768 - INFO - [ICON_DEBUG] Using fallback text for app icon: 🚀
2025-06-29 23:16:41,121 - DEBUG - [ICON_DEBUG] Loading theme toggle icon: moon
2025-06-29 23:16:41,121 - DEBUG - [ICON_DEBUG] Starting safe_get_icon for 'moon' with size (20, 20)
2025-06-29 23:16:41,122 - DEBUG - [ICON_DEBUG] UI container ready for 'moon'
2025-06-29 23:16:41,122 - DEBUG - [ICON_DEBUG] App.get_icon method available for 'moon'
2025-06-29 23:16:41,122 - DEBUG - [ICON_DEBUG] Calling app.get_icon('moon', size=(20, 20))
2025-06-29 23:16:41,122 - INFO - 📍 get_icon() aufgerufen: icon_name='moon', size=(20, 20), fallback_to_emoji=True
2025-06-29 23:16:41,123 - INFO - 🔍 Cache-Miss für moon, suche Icon...
2025-06-29 23:16:41,123 - INFO - 🔍 Suche lokales Icon für: moon
2025-06-29 23:16:41,123 - INFO - ❌ Kein lokaler Icon-Pfad gefunden für: moon
2025-06-29 23:16:41,123 - INFO - 📋 Verfügbare lokale Icons (Beispiele): ['about', 'add-20', 'add_20', 'add-48', 'add_48', 'analytics', 'analyze_icon', 'analyze-icon', 'arrow_left', 'arrow-left']
2025-06-29 23:16:41,123 - INFO - 🔄 Prüfe Emoji-Fallback für: moon
2025-06-29 23:16:41,124 - INFO - 😀 Emoji-Fallback verwendet: moon -> 🌙
2025-06-29 23:16:41,124 - INFO - 💾 Icon in Cache gespeichert: moon (Key: moon_(20, 20)_light, Quelle: Emoji: 🌙)
2025-06-29 23:16:41,124 - DEBUG - [ICON_DEBUG] App.get_icon returned object of type: <class 'str'> for 'moon'
2025-06-29 23:16:41,124 - WARNING - [ICON_DEBUG] Icon 'moon' is not a valid CTkImage (missing _light_image)
2025-06-29 23:16:41,151 - INFO - [ICON_DEBUG] Using fallback for theme toggle: 🌙
2025-06-29 23:16:41,156 - DEBUG - [ICON_DEBUG] Starting safe_get_icon for 'home' with size (56, 56)
2025-06-29 23:16:41,156 - DEBUG - [ICON_DEBUG] UI container ready for 'home'
2025-06-29 23:16:41,156 - DEBUG - [ICON_DEBUG] App.get_icon method available for 'home'
2025-06-29 23:16:41,157 - DEBUG - [ICON_DEBUG] Calling app.get_icon('home', size=(56, 56))
2025-06-29 23:16:41,157 - INFO - 📍 get_icon() aufgerufen: icon_name='home', size=(56, 56), fallback_to_emoji=True
2025-06-29 23:16:41,157 - INFO - 🔍 Cache-Miss für home, suche Icon...
2025-06-29 23:16:41,157 - INFO - 🔍 Suche lokales Icon für: home
2025-06-29 23:16:41,157 - INFO - 📁 Lokaler Icon-Pfad gefunden: home -> C:\Users\sarah\Desktop\Checker\assets\icons\home.png
2025-06-29 23:16:41,158 - INFO - ✅ Lokale Icon-Datei existiert: C:\Users\sarah\Desktop\Checker\assets\icons\home.png
2025-06-29 23:16:41,158 - INFO - 🖼️ _load_image_icon aufgerufen: path='C:\Users\sarah\Desktop\Checker\assets\icons\home.png', size=(56, 56)
2025-06-29 23:16:41,158 - INFO - 📏 Zielgröße: (56, 56), Dateiname: home.png
2025-06-29 23:16:41,158 - INFO - ♻️ Verwende load_png_icon für assets-Pfad: C:\Users\sarah\Desktop\Checker\assets\icons\home.png
2025-06-29 23:16:41,159 - INFO - 🖼️ load_png_icon aufgerufen: filename='home.png', size=(56, 56)
2025-06-29 23:16:41,159 - INFO - 🔍 Cache-Miss für PNG-Icon: home.png
2025-06-29 23:16:41,159 - INFO - 🔍 Prüfe Pfad: C:\Users\sarah\Desktop\Checker\icons\home.png
2025-06-29 23:16:41,159 - INFO - ✅ Icon gefunden in Pfad: C:\Users\sarah\Desktop\Checker\icons
2025-06-29 23:16:41,159 - DEBUG - Icon gefunden in Pfad: C:\Users\sarah\Desktop\Checker\icons
2025-06-29 23:16:41,160 - INFO - ✅ Dateigröße OK: 1703 Bytes
2025-06-29 23:16:41,160 - INFO - 🔄 Lade PNG-Datei: C:\Users\sarah\Desktop\Checker\icons\home.png
2025-06-29 23:16:41,160 - DEBUG - STREAM b'IHDR' 16 13
2025-06-29 23:16:41,161 - DEBUG - STREAM b'pHYs' 41 9
2025-06-29 23:16:41,161 - DEBUG - STREAM b'IDAT' 62 1625
2025-06-29 23:16:41,161 - INFO - 📸 PNG geladen: (50, 50), Modus: RGBA
2025-06-29 23:16:41,161 - INFO - 🎨 RGBA-Konvertierung abgeschlossen
2025-06-29 23:16:41,161 - INFO - 📏 Skaliere PNG: (50, 50) -> (56, 56)
2025-06-29 23:16:41,162 - INFO - 🔄 Konvertiere PNG zu PhotoImage...
2025-06-29 23:16:41,162 - INFO - ✅ PNG-Icon erfolgreich geladen und gecacht: home.png
2025-06-29 23:16:41,162 - INFO - Icon 'home.png' erfolgreich geladen und skaliert von (50, 50) auf (56, 56)
2025-06-29 23:16:41,163 - INFO - ✅ Lokales Icon erfolgreich geladen: home
2025-06-29 23:16:41,163 - INFO - 💾 Icon in Cache gespeichert: home (Key: home_(56, 56)_light, Quelle: Local: C:\Users\sarah\Desktop\Checker\assets\icons\home.png)
2025-06-29 23:16:41,163 - DEBUG - [ICON_DEBUG] App.get_icon returned object of type: <class 'PIL.ImageTk.PhotoImage'> for 'home'
2025-06-29 23:16:41,163 - WARNING - [ICON_DEBUG] Icon 'home' is not a valid CTkImage (missing _light_image)
2025-06-29 23:16:41,210 - INFO - 📍 get_icon() aufgerufen: icon_name='person', size=(36, 36), fallback_to_emoji=True
2025-06-29 23:16:41,210 - INFO - 🔍 Cache-Miss für person, suche Icon...
2025-06-29 23:16:41,210 - INFO - 🔍 Suche lokales Icon für: person
2025-06-29 23:16:41,210 - INFO - 📁 Lokaler Icon-Pfad gefunden: person -> C:\Users\sarah\Desktop\Checker\icons\person.png
2025-06-29 23:16:41,211 - INFO - ✅ Lokale Icon-Datei existiert: C:\Users\sarah\Desktop\Checker\icons\person.png
2025-06-29 23:16:41,211 - INFO - 🖼️ _load_image_icon aufgerufen: path='C:\Users\sarah\Desktop\Checker\icons\person.png', size=(36, 36)
2025-06-29 23:16:41,211 - INFO - 📏 Zielgröße: (36, 36), Dateiname: person.png
2025-06-29 23:16:41,212 - INFO - ✅ Icon-Datei OK: C:\Users\sarah\Desktop\Checker\icons\person.png (561 Bytes)
2025-06-29 23:16:41,212 - INFO - 🔄 Lade Bild: C:\Users\sarah\Desktop\Checker\icons\person.png
2025-06-29 23:16:41,213 - DEBUG - STREAM b'IHDR' 16 13
2025-06-29 23:16:41,213 - DEBUG - STREAM b'IDAT' 41 504
2025-06-29 23:16:41,213 - INFO - 📸 Bild geladen: (128, 128), Modus: RGBA
2025-06-29 23:16:41,214 - INFO - 🎨 RGBA-Konvertierung abgeschlossen: (128, 128)
2025-06-29 23:16:41,214 - INFO - 📏 Größe anpassen: (128, 128) -> (36, 36)
2025-06-29 23:16:41,214 - INFO - 🔄 Konvertiere zu PhotoImage...
2025-06-29 23:16:41,215 - INFO - ✅ Icon erfolgreich geladen und gecacht: C:\Users\sarah\Desktop\Checker\icons\person.png
2025-06-29 23:16:41,215 - INFO - ✅ Lokales Icon erfolgreich geladen: person
2025-06-29 23:16:41,215 - INFO - 💾 Icon in Cache gespeichert: person (Key: person_(36, 36)_light, Quelle: Local: C:\Users\sarah\Desktop\Checker\icons\person.png)
2025-06-29 23:16:41,241 - INFO - 📍 get_icon() aufgerufen: icon_name='add-20', size=(24, 24), fallback_to_emoji=True
2025-06-29 23:16:41,241 - INFO - 🔍 Cache-Miss für add-20, suche Icon...
2025-06-29 23:16:41,242 - INFO - 🔍 Suche lokales Icon für: add-20
2025-06-29 23:16:41,242 - INFO - 📁 Lokaler Icon-Pfad gefunden: add-20 -> C:\Users\sarah\Desktop\Checker\icons\add-20.png
2025-06-29 23:16:41,242 - INFO - ✅ Lokale Icon-Datei existiert: C:\Users\sarah\Desktop\Checker\icons\add-20.png
2025-06-29 23:16:41,242 - INFO - 🖼️ _load_image_icon aufgerufen: path='C:\Users\sarah\Desktop\Checker\icons\add-20.png', size=(24, 24)
2025-06-29 23:16:41,243 - INFO - 📏 Zielgröße: (24, 24), Dateiname: add-20.png
2025-06-29 23:16:41,243 - INFO - ✅ Icon-Datei OK: C:\Users\sarah\Desktop\Checker\icons\add-20.png (665 Bytes)
2025-06-29 23:16:41,243 - INFO - 🔄 Lade Bild: C:\Users\sarah\Desktop\Checker\icons\add-20.png
2025-06-29 23:16:41,244 - DEBUG - STREAM b'IHDR' 16 13
2025-06-29 23:16:41,244 - DEBUG - STREAM b'pHYs' 41 9
2025-06-29 23:16:41,244 - DEBUG - STREAM b'IDAT' 62 587
2025-06-29 23:16:41,244 - INFO - 📸 Bild geladen: (20, 20), Modus: RGBA
2025-06-29 23:16:41,245 - INFO - 🎨 RGBA-Konvertierung abgeschlossen: (20, 20)
2025-06-29 23:16:41,245 - INFO - 📏 Größe anpassen: (20, 20) -> (24, 24)
2025-06-29 23:16:41,245 - INFO - 🔄 Konvertiere zu PhotoImage...
2025-06-29 23:16:41,245 - INFO - ✅ Icon erfolgreich geladen und gecacht: C:\Users\sarah\Desktop\Checker\icons\add-20.png
2025-06-29 23:16:41,246 - INFO - ✅ Lokales Icon erfolgreich geladen: add-20
2025-06-29 23:16:41,246 - INFO - 💾 Icon in Cache gespeichert: add-20 (Key: add-20_(24, 24)_light, Quelle: Local: C:\Users\sarah\Desktop\Checker\icons\add-20.png)
2025-06-29 23:16:41,250 - INFO - 📍 get_icon() aufgerufen: icon_name='refresh', size=(20, 20), fallback_to_emoji=True
2025-06-29 23:16:41,251 - INFO - 🔍 Cache-Miss für refresh, suche Icon...
2025-06-29 23:16:41,251 - INFO - 🔍 Suche lokales Icon für: refresh
2025-06-29 23:16:41,251 - INFO - 📁 Lokaler Icon-Pfad gefunden: refresh -> C:\Users\sarah\Desktop\Checker\icons\refresh.png
2025-06-29 23:16:41,251 - INFO - ✅ Lokale Icon-Datei existiert: C:\Users\sarah\Desktop\Checker\icons\refresh.png
2025-06-29 23:16:41,251 - INFO - 🖼️ _load_image_icon aufgerufen: path='C:\Users\sarah\Desktop\Checker\icons\refresh.png', size=(20, 20)
2025-06-29 23:16:41,252 - INFO - 📏 Zielgröße: (20, 20), Dateiname: refresh.png
2025-06-29 23:16:41,252 - INFO - ✅ Icon-Datei OK: C:\Users\sarah\Desktop\Checker\icons\refresh.png (770 Bytes)
2025-06-29 23:16:41,252 - INFO - 🔄 Lade Bild: C:\Users\sarah\Desktop\Checker\icons\refresh.png
2025-06-29 23:16:41,252 - DEBUG - STREAM b'IHDR' 16 13
2025-06-29 23:16:41,253 - DEBUG - STREAM b'IDAT' 41 713
2025-06-29 23:16:41,253 - INFO - 📸 Bild geladen: (128, 128), Modus: RGBA
2025-06-29 23:16:41,253 - INFO - 🎨 RGBA-Konvertierung abgeschlossen: (128, 128)
2025-06-29 23:16:41,253 - INFO - 📏 Größe anpassen: (128, 128) -> (20, 20)
2025-06-29 23:16:41,254 - INFO - 🔄 Konvertiere zu PhotoImage...
2025-06-29 23:16:41,254 - INFO - ✅ Icon erfolgreich geladen und gecacht: C:\Users\sarah\Desktop\Checker\icons\refresh.png
2025-06-29 23:16:41,255 - INFO - ✅ Lokales Icon erfolgreich geladen: refresh
2025-06-29 23:16:41,255 - INFO - 💾 Icon in Cache gespeichert: refresh (Key: refresh_(20, 20)_light, Quelle: Local: C:\Users\sarah\Desktop\Checker\icons\refresh.png)
2025-06-29 23:16:41,270 - INFO - 📍 get_icon() aufgerufen: icon_name='lan', size=(36, 36), fallback_to_emoji=True
2025-06-29 23:16:41,271 - INFO - 🔍 Cache-Miss für lan, suche Icon...
2025-06-29 23:16:41,271 - INFO - 🔍 Suche lokales Icon für: lan
2025-06-29 23:16:41,271 - INFO - ❌ Kein lokaler Icon-Pfad gefunden für: lan
2025-06-29 23:16:41,271 - INFO - 📋 Verfügbare lokale Icons (Beispiele): ['about', 'add-20', 'add_20', 'add-48', 'add_48', 'analytics', 'analyze_icon', 'analyze-icon', 'arrow_left', 'arrow-left']
2025-06-29 23:16:41,272 - INFO - 🔄 Prüfe Emoji-Fallback für: lan
2025-06-29 23:16:41,272 - WARNING - ❌ Kein Emoji-Fallback verfügbar für: lan
2025-06-29 23:16:41,272 - INFO - 📋 Verfügbare Emojis (Beispiele): ['home', 'search', 'settings', 'help', 'close', 'minimize', 'maximize', 'file', 'folder', 'document']
2025-06-29 23:16:41,272 - ERROR - ❌ KEIN ICON GEFUNDEN für: lan
2025-06-29 23:16:41,273 - INFO - 🔧 Verfügbare Suchpfade: ['C:\\Users\\sarah\\Desktop\\Checker\\icons', 'C:\\Users\\sarah\\Desktop\\Checker\\assets', 'C:\\Users\\sarah\\Desktop\\Checker\\assets\\icons']
2025-06-29 23:16:41,273 - INFO - 🔧 Custom Icons: []
2025-06-29 23:16:41,273 - INFO - 🔧 Cache-Status: 6 Einträge
2025-06-29 23:16:41,282 - INFO - 📍 get_icon() aufgerufen: icon_name='add-document', size=(32, 32), fallback_to_emoji=True
2025-06-29 23:16:41,283 - INFO - 🔍 Cache-Miss für add-document, suche Icon...
2025-06-29 23:16:41,283 - INFO - 🔍 Suche lokales Icon für: add-document
2025-06-29 23:16:41,283 - INFO - ❌ Kein lokaler Icon-Pfad gefunden für: add-document
2025-06-29 23:16:41,283 - INFO - 📋 Verfügbare lokale Icons (Beispiele): ['about', 'add-20', 'add_20', 'add-48', 'add_48', 'analytics', 'analyze_icon', 'analyze-icon', 'arrow_left', 'arrow-left']
2025-06-29 23:16:41,284 - INFO - 🔄 Prüfe Emoji-Fallback für: add-document
2025-06-29 23:16:41,284 - WARNING - ❌ Kein Emoji-Fallback verfügbar für: add-document
2025-06-29 23:16:41,284 - INFO - 📋 Verfügbare Emojis (Beispiele): ['home', 'search', 'settings', 'help', 'close', 'minimize', 'maximize', 'file', 'folder', 'document']
2025-06-29 23:16:41,284 - ERROR - ❌ KEIN ICON GEFUNDEN für: add-document
2025-06-29 23:16:41,285 - INFO - 🔧 Verfügbare Suchpfade: ['C:\\Users\\sarah\\Desktop\\Checker\\icons', 'C:\\Users\\sarah\\Desktop\\Checker\\assets', 'C:\\Users\\sarah\\Desktop\\Checker\\assets\\icons']
2025-06-29 23:16:41,285 - INFO - 🔧 Custom Icons: []
2025-06-29 23:16:41,285 - INFO - 🔧 Cache-Status: 6 Einträge
2025-06-29 23:16:41,296 - INFO - 📍 get_icon() aufgerufen: icon_name='chevron-right', size=(20, 20), fallback_to_emoji=True
2025-06-29 23:16:41,297 - INFO - 🔍 Cache-Miss für chevron-right, suche Icon...
2025-06-29 23:16:41,297 - INFO - 🔍 Suche lokales Icon für: chevron-right
2025-06-29 23:16:41,297 - INFO - ❌ Kein lokaler Icon-Pfad gefunden für: chevron-right
2025-06-29 23:16:41,297 - INFO - 📋 Verfügbare lokale Icons (Beispiele): ['about', 'add-20', 'add_20', 'add-48', 'add_48', 'analytics', 'analyze_icon', 'analyze-icon', 'arrow_left', 'arrow-left']
2025-06-29 23:16:41,298 - INFO - 🔄 Prüfe Emoji-Fallback für: chevron-right
2025-06-29 23:16:41,298 - WARNING - ❌ Kein Emoji-Fallback verfügbar für: chevron-right
2025-06-29 23:16:41,299 - INFO - 📋 Verfügbare Emojis (Beispiele): ['home', 'search', 'settings', 'help', 'close', 'minimize', 'maximize', 'file', 'folder', 'document']
2025-06-29 23:16:41,300 - ERROR - ❌ KEIN ICON GEFUNDEN für: chevron-right
2025-06-29 23:16:41,300 - INFO - 🔧 Verfügbare Suchpfade: ['C:\\Users\\sarah\\Desktop\\Checker\\icons', 'C:\\Users\\sarah\\Desktop\\Checker\\assets', 'C:\\Users\\sarah\\Desktop\\Checker\\assets\\icons']
2025-06-29 23:16:41,300 - INFO - 🔧 Custom Icons: []
2025-06-29 23:16:41,300 - INFO - 🔧 Cache-Status: 6 Einträge
2025-06-29 23:16:41,308 - INFO - 📍 get_icon() aufgerufen: icon_name='clipboard-edit', size=(32, 32), fallback_to_emoji=True
2025-06-29 23:16:41,308 - INFO - 🔍 Cache-Miss für clipboard-edit, suche Icon...
2025-06-29 23:16:41,309 - INFO - 🔍 Suche lokales Icon für: clipboard-edit
2025-06-29 23:16:41,309 - INFO - ❌ Kein lokaler Icon-Pfad gefunden für: clipboard-edit
2025-06-29 23:16:41,309 - INFO - 📋 Verfügbare lokale Icons (Beispiele): ['about', 'add-20', 'add_20', 'add-48', 'add_48', 'analytics', 'analyze_icon', 'analyze-icon', 'arrow_left', 'arrow-left']
2025-06-29 23:16:41,309 - INFO - 🔄 Prüfe Emoji-Fallback für: clipboard-edit
2025-06-29 23:16:41,310 - WARNING - ❌ Kein Emoji-Fallback verfügbar für: clipboard-edit
2025-06-29 23:16:41,310 - INFO - 📋 Verfügbare Emojis (Beispiele): ['home', 'search', 'settings', 'help', 'close', 'minimize', 'maximize', 'file', 'folder', 'document']
2025-06-29 23:16:41,310 - ERROR - ❌ KEIN ICON GEFUNDEN für: clipboard-edit
2025-06-29 23:16:41,310 - INFO - 🔧 Verfügbare Suchpfade: ['C:\\Users\\sarah\\Desktop\\Checker\\icons', 'C:\\Users\\sarah\\Desktop\\Checker\\assets', 'C:\\Users\\sarah\\Desktop\\Checker\\assets\\icons']
2025-06-29 23:16:41,310 - INFO - 🔧 Custom Icons: []
2025-06-29 23:16:41,311 - INFO - 🔧 Cache-Status: 6 Einträge
2025-06-29 23:16:41,316 - INFO - 📍 get_icon() aufgerufen: icon_name='chevron-right', size=(20, 20), fallback_to_emoji=True
2025-06-29 23:16:41,316 - INFO - 🔍 Cache-Miss für chevron-right, suche Icon...
2025-06-29 23:16:41,316 - INFO - 🔍 Suche lokales Icon für: chevron-right
2025-06-29 23:16:41,316 - INFO - ❌ Kein lokaler Icon-Pfad gefunden für: chevron-right
2025-06-29 23:16:41,317 - INFO - 📋 Verfügbare lokale Icons (Beispiele): ['about', 'add-20', 'add_20', 'add-48', 'add_48', 'analytics', 'analyze_icon', 'analyze-icon', 'arrow_left', 'arrow-left']
2025-06-29 23:16:41,317 - INFO - 🔄 Prüfe Emoji-Fallback für: chevron-right
2025-06-29 23:16:41,317 - WARNING - ❌ Kein Emoji-Fallback verfügbar für: chevron-right
2025-06-29 23:16:41,317 - INFO - 📋 Verfügbare Emojis (Beispiele): ['home', 'search', 'settings', 'help', 'close', 'minimize', 'maximize', 'file', 'folder', 'document']
2025-06-29 23:16:41,317 - ERROR - ❌ KEIN ICON GEFUNDEN für: chevron-right
2025-06-29 23:16:41,318 - INFO - 🔧 Verfügbare Suchpfade: ['C:\\Users\\sarah\\Desktop\\Checker\\icons', 'C:\\Users\\sarah\\Desktop\\Checker\\assets', 'C:\\Users\\sarah\\Desktop\\Checker\\assets\\icons']
2025-06-29 23:16:41,318 - INFO - 🔧 Custom Icons: []
2025-06-29 23:16:41,318 - INFO - 🔧 Cache-Status: 6 Einträge
2025-06-29 23:16:41,326 - INFO - 📍 get_icon() aufgerufen: icon_name='review', size=(32, 32), fallback_to_emoji=True
2025-06-29 23:16:41,326 - INFO - 🔍 Cache-Miss für review, suche Icon...
2025-06-29 23:16:41,326 - INFO - 🔍 Suche lokales Icon für: review
2025-06-29 23:16:41,326 - INFO - ❌ Kein lokaler Icon-Pfad gefunden für: review
2025-06-29 23:16:41,327 - INFO - 📋 Verfügbare lokale Icons (Beispiele): ['about', 'add-20', 'add_20', 'add-48', 'add_48', 'analytics', 'analyze_icon', 'analyze-icon', 'arrow_left', 'arrow-left']
2025-06-29 23:16:41,327 - INFO - 🔄 Prüfe Emoji-Fallback für: review
2025-06-29 23:16:41,327 - INFO - 😀 Emoji-Fallback verwendet: review -> 🔍
2025-06-29 23:16:41,327 - INFO - 💾 Icon in Cache gespeichert: review (Key: review_(32, 32)_light, Quelle: Emoji: 🔍)
2025-06-29 23:16:41,328 - ERROR - Error setting up UI: image "🔍" doesn't exist
2025-06-29 23:16:41,381 - INFO - Fehler-Fallback erfolgreich angezeigt
2025-06-29 23:16:41,381 - DEBUG - [ICON_DEBUG] Starting safe_get_icon for 'home' with size (24, 24)
2025-06-29 23:16:41,382 - DEBUG - [ICON_DEBUG] UI container ready for 'home'
2025-06-29 23:16:41,382 - DEBUG - [ICON_DEBUG] App.get_icon method available for 'home'
2025-06-29 23:16:41,382 - DEBUG - [ICON_DEBUG] Calling app.get_icon('home', size=(24, 24))
2025-06-29 23:16:41,382 - INFO - 📍 get_icon() aufgerufen: icon_name='home', size=(24, 24), fallback_to_emoji=True
2025-06-29 23:16:41,383 - INFO - 🔍 Cache-Miss für home, suche Icon...
2025-06-29 23:16:41,383 - INFO - 🔍 Suche lokales Icon für: home
2025-06-29 23:16:41,383 - INFO - 📁 Lokaler Icon-Pfad gefunden: home -> C:\Users\sarah\Desktop\Checker\assets\icons\home.png
2025-06-29 23:16:41,383 - INFO - ✅ Lokale Icon-Datei existiert: C:\Users\sarah\Desktop\Checker\assets\icons\home.png
2025-06-29 23:16:41,383 - INFO - 🖼️ _load_image_icon aufgerufen: path='C:\Users\sarah\Desktop\Checker\assets\icons\home.png', size=(24, 24)
2025-06-29 23:16:41,384 - INFO - 📏 Zielgröße: (24, 24), Dateiname: home.png
2025-06-29 23:16:41,384 - INFO - ♻️ Verwende load_png_icon für assets-Pfad: C:\Users\sarah\Desktop\Checker\assets\icons\home.png
2025-06-29 23:16:41,384 - INFO - 🖼️ load_png_icon aufgerufen: filename='home.png', size=(24, 24)
2025-06-29 23:16:41,384 - INFO - 🔍 Cache-Miss für PNG-Icon: home.png
2025-06-29 23:16:41,385 - INFO - 🔍 Prüfe Pfad: C:\Users\sarah\Desktop\Checker\icons\home.png
2025-06-29 23:16:41,385 - INFO - ✅ Icon gefunden in Pfad: C:\Users\sarah\Desktop\Checker\icons
2025-06-29 23:16:41,385 - DEBUG - Icon gefunden in Pfad: C:\Users\sarah\Desktop\Checker\icons
2025-06-29 23:16:41,385 - INFO - ✅ Dateigröße OK: 1703 Bytes
2025-06-29 23:16:41,385 - INFO - 🔄 Lade PNG-Datei: C:\Users\sarah\Desktop\Checker\icons\home.png
2025-06-29 23:16:41,386 - DEBUG - STREAM b'IHDR' 16 13
2025-06-29 23:16:41,386 - DEBUG - STREAM b'pHYs' 41 9
2025-06-29 23:16:41,386 - DEBUG - STREAM b'IDAT' 62 1625
2025-06-29 23:16:41,386 - INFO - 📸 PNG geladen: (50, 50), Modus: RGBA
2025-06-29 23:16:41,386 - INFO - 🎨 RGBA-Konvertierung abgeschlossen
2025-06-29 23:16:41,387 - INFO - 📏 Skaliere PNG: (50, 50) -> (24, 24)
2025-06-29 23:16:41,387 - INFO - 🔄 Konvertiere PNG zu PhotoImage...
2025-06-29 23:16:41,387 - INFO - ✅ PNG-Icon erfolgreich geladen und gecacht: home.png
2025-06-29 23:16:41,388 - INFO - Icon 'home.png' erfolgreich geladen und skaliert von (50, 50) auf (24, 24)
2025-06-29 23:16:41,388 - INFO - ✅ Lokales Icon erfolgreich geladen: home
2025-06-29 23:16:41,388 - INFO - 💾 Icon in Cache gespeichert: home (Key: home_(24, 24)_light, Quelle: Local: C:\Users\sarah\Desktop\Checker\assets\icons\home.png)
2025-06-29 23:16:41,388 - DEBUG - [ICON_DEBUG] App.get_icon returned object of type: <class 'PIL.ImageTk.PhotoImage'> for 'home'
2025-06-29 23:16:41,388 - WARNING - [ICON_DEBUG] Icon 'home' is not a valid CTkImage (missing _light_image)
2025-06-29 23:16:41,389 - DEBUG - [ICON_DEBUG] Starting safe_get_icon for 'search' with size (20, 20)
2025-06-29 23:16:41,389 - DEBUG - [ICON_DEBUG] UI container ready for 'search'
2025-06-29 23:16:41,389 - DEBUG - [ICON_DEBUG] App.get_icon method available for 'search'
2025-06-29 23:16:41,389 - DEBUG - [ICON_DEBUG] Calling app.get_icon('search', size=(20, 20))
2025-06-29 23:16:41,390 - INFO - 📍 get_icon() aufgerufen: icon_name='search', size=(20, 20), fallback_to_emoji=True
2025-06-29 23:16:41,390 - INFO - 🔍 Cache-Miss für search, suche Icon...
2025-06-29 23:16:41,390 - INFO - 🔍 Suche lokales Icon für: search
2025-06-29 23:16:41,390 - INFO - 📁 Lokaler Icon-Pfad gefunden: search -> C:\Users\sarah\Desktop\Checker\icons\search.png
2025-06-29 23:16:41,390 - INFO - ✅ Lokale Icon-Datei existiert: C:\Users\sarah\Desktop\Checker\icons\search.png
2025-06-29 23:16:41,391 - INFO - 🖼️ _load_image_icon aufgerufen: path='C:\Users\sarah\Desktop\Checker\icons\search.png', size=(20, 20)
2025-06-29 23:16:41,391 - INFO - 📏 Zielgröße: (20, 20), Dateiname: search.png
2025-06-29 23:16:41,391 - INFO - ✅ Icon-Datei OK: C:\Users\sarah\Desktop\Checker\icons\search.png (958 Bytes)
2025-06-29 23:16:41,391 - INFO - 🔄 Lade Bild: C:\Users\sarah\Desktop\Checker\icons\search.png
2025-06-29 23:16:41,392 - DEBUG - STREAM b'IHDR' 16 13
2025-06-29 23:16:41,392 - DEBUG - STREAM b'pHYs' 41 9
2025-06-29 23:16:41,392 - DEBUG - STREAM b'IDAT' 62 880
2025-06-29 23:16:41,392 - INFO - 📸 Bild geladen: (50, 50), Modus: RGBA
2025-06-29 23:16:41,392 - INFO - 🎨 RGBA-Konvertierung abgeschlossen: (50, 50)
2025-06-29 23:16:41,392 - INFO - 📏 Größe anpassen: (50, 50) -> (20, 20)
2025-06-29 23:16:41,392 - INFO - 🔄 Konvertiere zu PhotoImage...
2025-06-29 23:16:41,393 - INFO - ✅ Icon erfolgreich geladen und gecacht: C:\Users\sarah\Desktop\Checker\icons\search.png
2025-06-29 23:16:41,393 - INFO - ✅ Lokales Icon erfolgreich geladen: search
2025-06-29 23:16:41,393 - INFO - 💾 Icon in Cache gespeichert: search (Key: search_(20, 20)_light, Quelle: Local: C:\Users\sarah\Desktop\Checker\icons\search.png)
2025-06-29 23:16:41,394 - DEBUG - [ICON_DEBUG] App.get_icon returned object of type: <class 'PIL.ImageTk.PhotoImage'> for 'search'
2025-06-29 23:16:41,394 - WARNING - [ICON_DEBUG] Icon 'search' is not a valid CTkImage (missing _light_image)
2025-06-29 23:16:41,394 - DEBUG - [ICON_DEBUG] Starting safe_get_icon for 'settings' with size (32, 32)
2025-06-29 23:16:41,395 - DEBUG - [ICON_DEBUG] UI container ready for 'settings'
2025-06-29 23:16:41,395 - DEBUG - [ICON_DEBUG] App.get_icon method available for 'settings'
2025-06-29 23:16:41,395 - DEBUG - [ICON_DEBUG] Calling app.get_icon('settings', size=(32, 32))
2025-06-29 23:16:41,395 - INFO - 📍 get_icon() aufgerufen: icon_name='settings', size=(32, 32), fallback_to_emoji=True
2025-06-29 23:16:41,395 - INFO - 🔍 Cache-Miss für settings, suche Icon...
2025-06-29 23:16:41,396 - INFO - 🔍 Suche lokales Icon für: settings
2025-06-29 23:16:41,396 - INFO - 📁 Lokaler Icon-Pfad gefunden: settings -> C:\Users\sarah\Desktop\Checker\assets\icons\settings.png
2025-06-29 23:16:41,396 - INFO - ✅ Lokale Icon-Datei existiert: C:\Users\sarah\Desktop\Checker\assets\icons\settings.png
2025-06-29 23:16:41,396 - INFO - 🖼️ _load_image_icon aufgerufen: path='C:\Users\sarah\Desktop\Checker\assets\icons\settings.png', size=(32, 32)
2025-06-29 23:16:41,397 - INFO - 📏 Zielgröße: (32, 32), Dateiname: settings.png
2025-06-29 23:16:41,397 - INFO - ♻️ Verwende load_png_icon für assets-Pfad: C:\Users\sarah\Desktop\Checker\assets\icons\settings.png
2025-06-29 23:16:41,397 - INFO - 🖼️ load_png_icon aufgerufen: filename='settings.png', size=(32, 32)
2025-06-29 23:16:41,397 - INFO - 🔍 Cache-Miss für PNG-Icon: settings.png
2025-06-29 23:16:41,398 - INFO - 🔍 Prüfe Pfad: C:\Users\sarah\Desktop\Checker\icons\settings.png
2025-06-29 23:16:41,398 - INFO - ✅ Icon gefunden in Pfad: C:\Users\sarah\Desktop\Checker\icons
2025-06-29 23:16:41,398 - DEBUG - Icon gefunden in Pfad: C:\Users\sarah\Desktop\Checker\icons
2025-06-29 23:16:41,399 - INFO - ✅ Dateigröße OK: 1823 Bytes
2025-06-29 23:16:41,399 - INFO - 🔄 Lade PNG-Datei: C:\Users\sarah\Desktop\Checker\icons\settings.png
2025-06-29 23:16:41,399 - DEBUG - STREAM b'IHDR' 16 13
2025-06-29 23:16:41,400 - DEBUG - STREAM b'pHYs' 41 9
2025-06-29 23:16:41,400 - DEBUG - STREAM b'IDAT' 62 1745
2025-06-29 23:16:41,400 - INFO - 📸 PNG geladen: (50, 50), Modus: RGBA
2025-06-29 23:16:41,400 - INFO - 🎨 RGBA-Konvertierung abgeschlossen
2025-06-29 23:16:41,401 - INFO - 📏 Skaliere PNG: (50, 50) -> (32, 32)
2025-06-29 23:16:41,401 - INFO - 🔄 Konvertiere PNG zu PhotoImage...
2025-06-29 23:16:41,402 - INFO - ✅ PNG-Icon erfolgreich geladen und gecacht: settings.png
2025-06-29 23:16:41,402 - INFO - Icon 'settings.png' erfolgreich geladen und skaliert von (50, 50) auf (32, 32)
2025-06-29 23:16:41,402 - INFO - ✅ Lokales Icon erfolgreich geladen: settings
2025-06-29 23:16:41,402 - INFO - 💾 Icon in Cache gespeichert: settings (Key: settings_(32, 32)_light, Quelle: Local: C:\Users\sarah\Desktop\Checker\assets\icons\settings.png)
2025-06-29 23:16:41,403 - DEBUG - [ICON_DEBUG] App.get_icon returned object of type: <class 'PIL.ImageTk.PhotoImage'> for 'settings'
2025-06-29 23:16:41,403 - WARNING - [ICON_DEBUG] Icon 'settings' is not a valid CTkImage (missing _light_image)
2025-06-29 23:16:41,403 - DEBUG - [ICON_DEBUG] Starting safe_get_icon for 'nonexistent' with size (24, 24)
2025-06-29 23:16:41,404 - DEBUG - [ICON_DEBUG] UI container ready for 'nonexistent'
2025-06-29 23:16:41,404 - DEBUG - [ICON_DEBUG] App.get_icon method available for 'nonexistent'
2025-06-29 23:16:41,404 - DEBUG - [ICON_DEBUG] Calling app.get_icon('nonexistent', size=(24, 24))
2025-06-29 23:16:41,404 - INFO - 📍 get_icon() aufgerufen: icon_name='nonexistent', size=(24, 24), fallback_to_emoji=True
2025-06-29 23:16:41,404 - INFO - 🔍 Cache-Miss für nonexistent, suche Icon...
2025-06-29 23:16:41,405 - INFO - 🔍 Suche lokales Icon für: nonexistent
2025-06-29 23:16:41,405 - INFO - ❌ Kein lokaler Icon-Pfad gefunden für: nonexistent
2025-06-29 23:16:41,405 - INFO - 📋 Verfügbare lokale Icons (Beispiele): ['about', 'add-20', 'add_20', 'add-48', 'add_48', 'analytics', 'analyze_icon', 'analyze-icon', 'arrow_left', 'arrow-left']
2025-06-29 23:16:41,405 - INFO - 🔄 Prüfe Emoji-Fallback für: nonexistent
2025-06-29 23:16:41,405 - WARNING - ❌ Kein Emoji-Fallback verfügbar für: nonexistent
2025-06-29 23:16:41,406 - INFO - 📋 Verfügbare Emojis (Beispiele): ['home', 'search', 'settings', 'help', 'close', 'minimize', 'maximize', 'file', 'folder', 'document']
2025-06-29 23:16:41,406 - ERROR - ❌ KEIN ICON GEFUNDEN für: nonexistent
2025-06-29 23:16:41,406 - INFO - 🔧 Verfügbare Suchpfade: ['C:\\Users\\sarah\\Desktop\\Checker\\icons', 'C:\\Users\\sarah\\Desktop\\Checker\\assets', 'C:\\Users\\sarah\\Desktop\\Checker\\assets\\icons']
2025-06-29 23:16:41,406 - INFO - 🔧 Custom Icons: []
2025-06-29 23:16:41,406 - INFO - 🔧 Cache-Status: 10 Einträge
2025-06-29 23:16:41,406 - WARNING - [ICON_DEBUG] App.get_icon returned None for 'nonexistent'
2025-06-29 23:16:41,407 - DEBUG - [ICON_DEBUG] Starting safe_get_icon for 'file' with size (16, 16)
2025-06-29 23:16:41,407 - DEBUG - [ICON_DEBUG] UI container ready for 'file'
2025-06-29 23:16:41,407 - DEBUG - [ICON_DEBUG] App.get_icon method available for 'file'
2025-06-29 23:16:41,407 - DEBUG - [ICON_DEBUG] Calling app.get_icon('file', size=(16, 16))
2025-06-29 23:16:41,407 - INFO - 📍 get_icon() aufgerufen: icon_name='file', size=(16, 16), fallback_to_emoji=True
2025-06-29 23:16:41,408 - INFO - 🔍 Cache-Miss für file, suche Icon...
2025-06-29 23:16:41,408 - INFO - 🔍 Suche lokales Icon für: file
2025-06-29 23:16:41,408 - INFO - 📁 Lokaler Icon-Pfad gefunden: file -> C:\Users\sarah\Desktop\Checker\assets\icons\file.png
2025-06-29 23:16:41,408 - INFO - ✅ Lokale Icon-Datei existiert: C:\Users\sarah\Desktop\Checker\assets\icons\file.png
2025-06-29 23:16:41,408 - INFO - 🖼️ _load_image_icon aufgerufen: path='C:\Users\sarah\Desktop\Checker\assets\icons\file.png', size=(16, 16)
2025-06-29 23:16:41,409 - INFO - 📏 Zielgröße: (16, 16), Dateiname: file.png
2025-06-29 23:16:41,409 - INFO - ♻️ Verwende load_png_icon für assets-Pfad: C:\Users\sarah\Desktop\Checker\assets\icons\file.png
2025-06-29 23:16:41,409 - INFO - 🖼️ load_png_icon aufgerufen: filename='file.png', size=(16, 16)
2025-06-29 23:16:41,409 - INFO - 🔍 Cache-Miss für PNG-Icon: file.png
2025-06-29 23:16:41,409 - INFO - 🔍 Prüfe Pfad: C:\Users\sarah\Desktop\Checker\icons\file.png
2025-06-29 23:16:41,409 - INFO - ❌ Icon nicht gefunden in: C:\Users\sarah\Desktop\Checker\icons\file.png
2025-06-29 23:16:41,410 - INFO - 🔍 Prüfe Pfad: C:\Users\sarah\Desktop\Checker\assets\file.png
2025-06-29 23:16:41,410 - INFO - ❌ Icon nicht gefunden in: C:\Users\sarah\Desktop\Checker\assets\file.png
2025-06-29 23:16:41,410 - INFO - 🔍 Prüfe Pfad: C:\Users\sarah\Desktop\Checker\assets\icons\file.png
2025-06-29 23:16:41,410 - INFO - ✅ Icon gefunden in Pfad: C:\Users\sarah\Desktop\Checker\assets\icons
2025-06-29 23:16:41,410 - DEBUG - Icon gefunden in Pfad: C:\Users\sarah\Desktop\Checker\assets\icons
2025-06-29 23:16:41,411 - INFO - ✅ Dateigröße OK: 161 Bytes
2025-06-29 23:16:41,411 - INFO - 🔄 Lade PNG-Datei: C:\Users\sarah\Desktop\Checker\assets\icons\file.png
2025-06-29 23:16:41,417 - DEBUG - STREAM b'IHDR' 16 13
2025-06-29 23:16:41,417 - DEBUG - STREAM b'IDAT' 41 104
2025-06-29 23:16:41,417 - INFO - 📸 PNG geladen: (32, 32), Modus: RGBA
2025-06-29 23:16:41,418 - INFO - 🎨 RGBA-Konvertierung abgeschlossen
2025-06-29 23:16:41,418 - INFO - 📏 Skaliere PNG: (32, 32) -> (16, 16)
2025-06-29 23:16:41,418 - INFO - 🔄 Konvertiere PNG zu PhotoImage...
2025-06-29 23:16:41,419 - INFO - ✅ PNG-Icon erfolgreich geladen und gecacht: file.png
2025-06-29 23:16:41,419 - INFO - Icon 'file.png' erfolgreich geladen und skaliert von (32, 32) auf (16, 16)
2025-06-29 23:16:41,419 - INFO - ✅ Lokales Icon erfolgreich geladen: file
2025-06-29 23:16:41,419 - INFO - 💾 Icon in Cache gespeichert: file (Key: file_(16, 16)_light, Quelle: Local: C:\Users\sarah\Desktop\Checker\assets\icons\file.png)
2025-06-29 23:16:41,420 - DEBUG - [ICON_DEBUG] App.get_icon returned object of type: <class 'PIL.ImageTk.PhotoImage'> for 'file'
2025-06-29 23:16:41,420 - WARNING - [ICON_DEBUG] Icon 'file' is not a valid CTkImage (missing _light_image)
2025-06-29 23:16:41,420 - DEBUG - [ICON_DEBUG] Starting safe_get_icon for 'folder' with size (28, 28)
2025-06-29 23:16:41,420 - DEBUG - [ICON_DEBUG] UI container ready for 'folder'
2025-06-29 23:16:41,421 - DEBUG - [ICON_DEBUG] App.get_icon method available for 'folder'
2025-06-29 23:16:41,421 - DEBUG - [ICON_DEBUG] Calling app.get_icon('folder', size=(28, 28))
2025-06-29 23:16:41,421 - INFO - 📍 get_icon() aufgerufen: icon_name='folder', size=(28, 28), fallback_to_emoji=True
2025-06-29 23:16:41,421 - INFO - 🔍 Cache-Miss für folder, suche Icon...
2025-06-29 23:16:41,422 - INFO - 🔍 Suche lokales Icon für: folder
2025-06-29 23:16:41,422 - INFO - 📁 Lokaler Icon-Pfad gefunden: folder -> C:\Users\sarah\Desktop\Checker\icons\folder.png
2025-06-29 23:16:41,422 - INFO - ✅ Lokale Icon-Datei existiert: C:\Users\sarah\Desktop\Checker\icons\folder.png
2025-06-29 23:16:41,422 - INFO - 🖼️ _load_image_icon aufgerufen: path='C:\Users\sarah\Desktop\Checker\icons\folder.png', size=(28, 28)
2025-06-29 23:16:41,422 - INFO - 📏 Zielgröße: (28, 28), Dateiname: folder.png
2025-06-29 23:16:41,423 - INFO - ✅ Icon-Datei OK: C:\Users\sarah\Desktop\Checker\icons\folder.png (2190 Bytes)
2025-06-29 23:16:41,423 - INFO - 🔄 Lade Bild: C:\Users\sarah\Desktop\Checker\icons\folder.png
2025-06-29 23:16:41,424 - DEBUG - STREAM b'IHDR' 16 13
2025-06-29 23:16:41,424 - DEBUG - STREAM b'pHYs' 41 9
2025-06-29 23:16:41,424 - DEBUG - STREAM b'IDAT' 62 2112
2025-06-29 23:16:41,425 - INFO - 📸 Bild geladen: (50, 50), Modus: RGBA
2025-06-29 23:16:41,425 - INFO - 🎨 RGBA-Konvertierung abgeschlossen: (50, 50)
2025-06-29 23:16:41,425 - INFO - 📏 Größe anpassen: (50, 50) -> (28, 28)
2025-06-29 23:16:41,425 - INFO - 🔄 Konvertiere zu PhotoImage...
2025-06-29 23:16:41,426 - INFO - ✅ Icon erfolgreich geladen und gecacht: C:\Users\sarah\Desktop\Checker\icons\folder.png
2025-06-29 23:16:41,426 - INFO - ✅ Lokales Icon erfolgreich geladen: folder
2025-06-29 23:16:41,426 - INFO - 💾 Icon in Cache gespeichert: folder (Key: folder_(28, 28)_light, Quelle: Local: C:\Users\sarah\Desktop\Checker\icons\folder.png)
2025-06-29 23:16:41,426 - DEBUG - [ICON_DEBUG] App.get_icon returned object of type: <class 'PIL.ImageTk.PhotoImage'> for 'folder'
2025-06-29 23:16:41,427 - WARNING - [ICON_DEBUG] Icon 'folder' is not a valid CTkImage (missing _light_image)
2025-06-29 23:16:41,427 - INFO - [ICON_DEBUG] === Starting Icon Availability Debug ===
2025-06-29 23:16:41,427 - INFO - [ICON_DEBUG] App object type: <class '__main__.test_welcome_screen_icons.<locals>.MockApp'>
2025-06-29 23:16:41,427 - INFO - [ICON_DEBUG] App object has get_icon: True
2025-06-29 23:16:41,427 - INFO - [ICON_DEBUG] App has icon_manager: <class 'fluent_icons_manager.EnhancedFluentIconManager'>
2025-06-29 23:16:41,428 - INFO - [ICON_DEBUG] Icon manager has get_icon method
2025-06-29 23:16:41,428 - INFO - [ICON_DEBUG] Testing icon: home
2025-06-29 23:16:41,428 - INFO - 📍 get_icon() aufgerufen: icon_name='home', size=(24, 24), fallback_to_emoji=True
2025-06-29 23:16:41,428 - INFO - ✅ Icon aus Cache geladen: home (Cache-Key: home_(24, 24)_light)
2025-06-29 23:16:41,428 - INFO - [ICON_DEBUG] ✅ Icon 'home' loaded successfully: <class 'PIL.ImageTk.PhotoImage'>
2025-06-29 23:16:41,428 - WARNING - [ICON_DEBUG] ⚠️ Icon 'home' has no _light_image attribute
2025-06-29 23:16:41,429 - INFO - [ICON_DEBUG] Testing icon: settings
2025-06-29 23:16:41,429 - INFO - 📍 get_icon() aufgerufen: icon_name='settings', size=(24, 24), fallback_to_emoji=True
2025-06-29 23:16:41,429 - INFO - 🔍 Cache-Miss für settings, suche Icon...
2025-06-29 23:16:41,429 - INFO - 🔍 Suche lokales Icon für: settings
2025-06-29 23:16:41,429 - INFO - 📁 Lokaler Icon-Pfad gefunden: settings -> C:\Users\sarah\Desktop\Checker\assets\icons\settings.png
2025-06-29 23:16:41,429 - INFO - ✅ Lokale Icon-Datei existiert: C:\Users\sarah\Desktop\Checker\assets\icons\settings.png
2025-06-29 23:16:41,430 - INFO - 🖼️ _load_image_icon aufgerufen: path='C:\Users\sarah\Desktop\Checker\assets\icons\settings.png', size=(24, 24)
2025-06-29 23:16:41,430 - INFO - 📏 Zielgröße: (24, 24), Dateiname: settings.png
2025-06-29 23:16:41,430 - INFO - ♻️ Verwende load_png_icon für assets-Pfad: C:\Users\sarah\Desktop\Checker\assets\icons\settings.png
2025-06-29 23:16:41,430 - INFO - 🖼️ load_png_icon aufgerufen: filename='settings.png', size=(24, 24)
2025-06-29 23:16:41,430 - INFO - 🔍 Cache-Miss für PNG-Icon: settings.png
2025-06-29 23:16:41,430 - INFO - 🔍 Prüfe Pfad: C:\Users\sarah\Desktop\Checker\icons\settings.png
2025-06-29 23:16:41,431 - INFO - ✅ Icon gefunden in Pfad: C:\Users\sarah\Desktop\Checker\icons
2025-06-29 23:16:41,431 - DEBUG - Icon gefunden in Pfad: C:\Users\sarah\Desktop\Checker\icons
2025-06-29 23:16:41,431 - INFO - ✅ Dateigröße OK: 1823 Bytes
2025-06-29 23:16:41,431 - INFO - 🔄 Lade PNG-Datei: C:\Users\sarah\Desktop\Checker\icons\settings.png
2025-06-29 23:16:41,431 - DEBUG - STREAM b'IHDR' 16 13
2025-06-29 23:16:41,431 - DEBUG - STREAM b'pHYs' 41 9
2025-06-29 23:16:41,432 - DEBUG - STREAM b'IDAT' 62 1745
2025-06-29 23:16:41,432 - INFO - 📸 PNG geladen: (50, 50), Modus: RGBA
2025-06-29 23:16:41,432 - INFO - 🎨 RGBA-Konvertierung abgeschlossen
2025-06-29 23:16:41,432 - INFO - 📏 Skaliere PNG: (50, 50) -> (24, 24)
2025-06-29 23:16:41,433 - INFO - 🔄 Konvertiere PNG zu PhotoImage...
2025-06-29 23:16:41,433 - INFO - ✅ PNG-Icon erfolgreich geladen und gecacht: settings.png
2025-06-29 23:16:41,433 - INFO - Icon 'settings.png' erfolgreich geladen und skaliert von (50, 50) auf (24, 24)
2025-06-29 23:16:41,433 - INFO - ✅ Lokales Icon erfolgreich geladen: settings
2025-06-29 23:16:41,433 - INFO - 💾 Icon in Cache gespeichert: settings (Key: settings_(24, 24)_light, Quelle: Local: C:\Users\sarah\Desktop\Checker\assets\icons\settings.png)
2025-06-29 23:16:41,434 - INFO - [ICON_DEBUG] ✅ Icon 'settings' loaded successfully: <class 'PIL.ImageTk.PhotoImage'>
2025-06-29 23:16:41,434 - WARNING - [ICON_DEBUG] ⚠️ Icon 'settings' has no _light_image attribute
2025-06-29 23:16:41,434 - INFO - [ICON_DEBUG] Testing icon: file_icon
2025-06-29 23:16:41,434 - INFO - 📍 get_icon() aufgerufen: icon_name='file_icon', size=(24, 24), fallback_to_emoji=True
2025-06-29 23:16:41,434 - INFO - 🔍 Cache-Miss für file_icon, suche Icon...
2025-06-29 23:16:41,434 - INFO - 🔍 Suche lokales Icon für: file_icon
2025-06-29 23:16:41,434 - INFO - 📁 Lokaler Icon-Pfad gefunden: file_icon -> C:\Users\sarah\Desktop\Checker\icons\file_icon.png
2025-06-29 23:16:41,435 - INFO - ✅ Lokale Icon-Datei existiert: C:\Users\sarah\Desktop\Checker\icons\file_icon.png
2025-06-29 23:16:41,435 - INFO - 🖼️ _load_image_icon aufgerufen: path='C:\Users\sarah\Desktop\Checker\icons\file_icon.png', size=(24, 24)
2025-06-29 23:16:41,435 - INFO - 📏 Zielgröße: (24, 24), Dateiname: file_icon.png
2025-06-29 23:16:41,435 - INFO - ✅ Icon-Datei OK: C:\Users\sarah\Desktop\Checker\icons\file_icon.png (320 Bytes)
2025-06-29 23:16:41,435 - INFO - 🔄 Lade Bild: C:\Users\sarah\Desktop\Checker\icons\file_icon.png
2025-06-29 23:16:41,436 - DEBUG - STREAM b'IHDR' 16 13
2025-06-29 23:16:41,436 - DEBUG - STREAM b'IDAT' 41 263
2025-06-29 23:16:41,436 - INFO - 📸 Bild geladen: (32, 32), Modus: RGBA
2025-06-29 23:16:41,436 - INFO - 🎨 RGBA-Konvertierung abgeschlossen: (32, 32)
2025-06-29 23:16:41,436 - INFO - 📏 Größe anpassen: (32, 32) -> (24, 24)
2025-06-29 23:16:41,437 - INFO - 🔄 Konvertiere zu PhotoImage...
2025-06-29 23:16:41,437 - INFO - ✅ Icon erfolgreich geladen und gecacht: C:\Users\sarah\Desktop\Checker\icons\file_icon.png
2025-06-29 23:16:41,438 - INFO - ✅ Lokales Icon erfolgreich geladen: file_icon
2025-06-29 23:16:41,438 - INFO - 💾 Icon in Cache gespeichert: file_icon (Key: file_icon_(24, 24)_light, Quelle: Local: C:\Users\sarah\Desktop\Checker\icons\file_icon.png)
2025-06-29 23:16:41,438 - INFO - [ICON_DEBUG] ✅ Icon 'file_icon' loaded successfully: <class 'PIL.ImageTk.PhotoImage'>
2025-06-29 23:16:41,438 - WARNING - [ICON_DEBUG] ⚠️ Icon 'file_icon' has no _light_image attribute
2025-06-29 23:16:41,439 - INFO - [ICON_DEBUG] Testing icon: rocket
2025-06-29 23:16:41,439 - INFO - 📍 get_icon() aufgerufen: icon_name='rocket', size=(24, 24), fallback_to_emoji=True
2025-06-29 23:16:41,439 - INFO - 🔍 Cache-Miss für rocket, suche Icon...
2025-06-29 23:16:41,439 - INFO - 🔍 Suche lokales Icon für: rocket
2025-06-29 23:16:41,439 - INFO - 📁 Lokaler Icon-Pfad gefunden: rocket -> C:\Users\sarah\Desktop\Checker\icons\rocket.png
2025-06-29 23:16:41,440 - INFO - ✅ Lokale Icon-Datei existiert: C:\Users\sarah\Desktop\Checker\icons\rocket.png
2025-06-29 23:16:41,440 - INFO - 🖼️ _load_image_icon aufgerufen: path='C:\Users\sarah\Desktop\Checker\icons\rocket.png', size=(24, 24)
2025-06-29 23:16:41,440 - INFO - 📏 Zielgröße: (24, 24), Dateiname: rocket.png
2025-06-29 23:16:41,440 - INFO - ✅ Icon-Datei OK: C:\Users\sarah\Desktop\Checker\icons\rocket.png (257 Bytes)
2025-06-29 23:16:41,440 - INFO - 🔄 Lade Bild: C:\Users\sarah\Desktop\Checker\icons\rocket.png
2025-06-29 23:16:41,441 - DEBUG - STREAM b'IHDR' 16 13
2025-06-29 23:16:41,441 - DEBUG - STREAM b'IDAT' 41 200
2025-06-29 23:16:41,441 - INFO - 📸 Bild geladen: (32, 32), Modus: RGBA
2025-06-29 23:16:41,441 - INFO - 🎨 RGBA-Konvertierung abgeschlossen: (32, 32)
2025-06-29 23:16:41,442 - INFO - 📏 Größe anpassen: (32, 32) -> (24, 24)
2025-06-29 23:16:41,442 - INFO - 🔄 Konvertiere zu PhotoImage...
2025-06-29 23:16:41,442 - INFO - ✅ Icon erfolgreich geladen und gecacht: C:\Users\sarah\Desktop\Checker\icons\rocket.png
2025-06-29 23:16:41,442 - INFO - ✅ Lokales Icon erfolgreich geladen: rocket
2025-06-29 23:16:41,443 - INFO - 💾 Icon in Cache gespeichert: rocket (Key: rocket_(24, 24)_light, Quelle: Local: C:\Users\sarah\Desktop\Checker\icons\rocket.png)
2025-06-29 23:16:41,443 - INFO - [ICON_DEBUG] ✅ Icon 'rocket' loaded successfully: <class 'PIL.ImageTk.PhotoImage'>
2025-06-29 23:16:41,443 - WARNING - [ICON_DEBUG] ⚠️ Icon 'rocket' has no _light_image attribute
2025-06-29 23:16:41,443 - INFO - [ICON_DEBUG] Testing icon: person
2025-06-29 23:16:41,443 - INFO - 📍 get_icon() aufgerufen: icon_name='person', size=(24, 24), fallback_to_emoji=True
2025-06-29 23:16:41,443 - INFO - 🔍 Cache-Miss für person, suche Icon...
2025-06-29 23:16:41,444 - INFO - 🔍 Suche lokales Icon für: person
2025-06-29 23:16:41,444 - INFO - 📁 Lokaler Icon-Pfad gefunden: person -> C:\Users\sarah\Desktop\Checker\icons\person.png
2025-06-29 23:16:41,444 - INFO - ✅ Lokale Icon-Datei existiert: C:\Users\sarah\Desktop\Checker\icons\person.png
2025-06-29 23:16:41,444 - INFO - 🖼️ _load_image_icon aufgerufen: path='C:\Users\sarah\Desktop\Checker\icons\person.png', size=(24, 24)
2025-06-29 23:16:41,444 - INFO - 📏 Zielgröße: (24, 24), Dateiname: person.png
2025-06-29 23:16:41,444 - INFO - ✅ Icon-Datei OK: C:\Users\sarah\Desktop\Checker\icons\person.png (561 Bytes)
2025-06-29 23:16:41,445 - INFO - 🔄 Lade Bild: C:\Users\sarah\Desktop\Checker\icons\person.png
2025-06-29 23:16:41,445 - DEBUG - STREAM b'IHDR' 16 13
2025-06-29 23:16:41,445 - DEBUG - STREAM b'IDAT' 41 504
2025-06-29 23:16:41,445 - INFO - 📸 Bild geladen: (128, 128), Modus: RGBA
2025-06-29 23:16:41,445 - INFO - 🎨 RGBA-Konvertierung abgeschlossen: (128, 128)
2025-06-29 23:16:41,446 - INFO - 📏 Größe anpassen: (128, 128) -> (24, 24)
2025-06-29 23:16:41,446 - INFO - 🔄 Konvertiere zu PhotoImage...
2025-06-29 23:16:41,446 - INFO - ✅ Icon erfolgreich geladen und gecacht: C:\Users\sarah\Desktop\Checker\icons\person.png
2025-06-29 23:16:41,447 - INFO - ✅ Lokales Icon erfolgreich geladen: person
2025-06-29 23:16:41,447 - INFO - 💾 Icon in Cache gespeichert: person (Key: person_(24, 24)_light, Quelle: Local: C:\Users\sarah\Desktop\Checker\icons\person.png)
2025-06-29 23:16:41,447 - INFO - [ICON_DEBUG] ✅ Icon 'person' loaded successfully: <class 'PIL.ImageTk.PhotoImage'>
2025-06-29 23:16:41,447 - WARNING - [ICON_DEBUG] ⚠️ Icon 'person' has no _light_image attribute
2025-06-29 23:16:41,447 - INFO - [ICON_DEBUG] Icon manager has no available_icons attribute
2025-06-29 23:16:41,447 - INFO - [ICON_DEBUG] Testing app.get_icon method
2025-06-29 23:16:41,448 - INFO - 📍 get_icon() aufgerufen: icon_name='home', size=(24, 24), fallback_to_emoji=True
2025-06-29 23:16:41,448 - INFO - ✅ Icon aus Cache geladen: home (Cache-Key: home_(24, 24)_light)
2025-06-29 23:16:41,448 - INFO - [ICON_DEBUG] ✅ App.get_icon('home') successful: <class 'PIL.ImageTk.PhotoImage'>
2025-06-29 23:16:41,448 - INFO - 📍 get_icon() aufgerufen: icon_name='settings', size=(24, 24), fallback_to_emoji=True
2025-06-29 23:16:41,448 - INFO - ✅ Icon aus Cache geladen: settings (Cache-Key: settings_(24, 24)_light)
2025-06-29 23:16:41,448 - INFO - [ICON_DEBUG] ✅ App.get_icon('settings') successful: <class 'PIL.ImageTk.PhotoImage'>
2025-06-29 23:16:41,449 - INFO - 📍 get_icon() aufgerufen: icon_name='file_icon', size=(24, 24), fallback_to_emoji=True
2025-06-29 23:16:41,449 - INFO - ✅ Icon aus Cache geladen: file_icon (Cache-Key: file_icon_(24, 24)_light)
2025-06-29 23:16:41,449 - INFO - [ICON_DEBUG] ✅ App.get_icon('file_icon') successful: <class 'PIL.ImageTk.PhotoImage'>
2025-06-29 23:16:41,449 - INFO - [ICON_DEBUG] === Icon Availability Debug Complete ===
2025-06-29 23:16:41,450 - DEBUG - [ICON_DEBUG] Starting safe_get_icon for 'home' with size (24, 24)
2025-06-29 23:16:41,450 - DEBUG - [ICON_DEBUG] UI container ready for 'home'
2025-06-29 23:16:41,450 - DEBUG - [ICON_DEBUG] App.get_icon method available for 'home'
2025-06-29 23:16:41,450 - DEBUG - [ICON_DEBUG] Calling app.get_icon('home', size=(24, 24))
2025-06-29 23:16:41,450 - INFO - 📍 get_icon() aufgerufen: icon_name='home', size=(24, 24), fallback_to_emoji=True
2025-06-29 23:16:41,451 - INFO - ✅ Icon aus Cache geladen: home (Cache-Key: home_(24, 24)_light)
2025-06-29 23:16:41,451 - DEBUG - [ICON_DEBUG] App.get_icon returned object of type: <class 'PIL.ImageTk.PhotoImage'> for 'home'
2025-06-29 23:16:41,451 - WARNING - [ICON_DEBUG] Icon 'home' is not a valid CTkImage (missing _light_image)
